{"C:\\Users\\jeffs\\projects\\dbtc\\src\\lib\\Commands.ts": {"path":"C:\\Users\\jeffs\\projects\\dbtc\\src\\lib\\Commands.ts","all":false,"statementMap":{"0":{"start":{"line":1,"column":0},"end":{"line":1,"column":25}},"1":{"start":{"line":2,"column":0},"end":{"line":2,"column":8}},"2":{"start":{"line":3,"column":0},"end":{"line":3,"column":13}},"3":{"start":{"line":4,"column":0},"end":{"line":4,"column":13}},"4":{"start":{"line":5,"column":0},"end":{"line":5,"column":8}},"5":{"start":{"line":6,"column":0},"end":{"line":6,"column":10}},"6":{"start":{"line":7,"column":0},"end":{"line":7,"column":13}},"7":{"start":{"line":8,"column":0},"end":{"line":8,"column":13}},"8":{"start":{"line":9,"column":0},"end":{"line":9,"column":7}},"9":{"start":{"line":10,"column":0},"end":{"line":10,"column":6}},"10":{"start":{"line":11,"column":0},"end":{"line":11,"column":10}},"11":{"start":{"line":12,"column":0},"end":{"line":12,"column":11}},"12":{"start":{"line":13,"column":0},"end":{"line":13,"column":37}},"13":{"start":{"line":14,"column":0},"end":{"line":14,"column":0}},"14":{"start":{"line":15,"column":0},"end":{"line":15,"column":48}},"15":{"start":{"line":16,"column":0},"end":{"line":16,"column":58}},"16":{"start":{"line":17,"column":0},"end":{"line":17,"column":19}},"17":{"start":{"line":18,"column":0},"end":{"line":18,"column":23}},"18":{"start":{"line":19,"column":0},"end":{"line":19,"column":70}},"19":{"start":{"line":20,"column":0},"end":{"line":20,"column":4}},"20":{"start":{"line":21,"column":0},"end":{"line":21,"column":14}},"21":{"start":{"line":22,"column":0},"end":{"line":22,"column":2}},"22":{"start":{"line":23,"column":0},"end":{"line":23,"column":14}},"23":{"start":{"line":24,"column":0},"end":{"line":24,"column":2}},"24":{"start":{"line":25,"column":0},"end":{"line":25,"column":0}},"25":{"start":{"line":26,"column":0},"end":{"line":26,"column":23}},"26":{"start":{"line":27,"column":0},"end":{"line":27,"column":63}},"27":{"start":{"line":28,"column":0},"end":{"line":28,"column":61}},"28":{"start":{"line":29,"column":0},"end":{"line":29,"column":70}},"29":{"start":{"line":30,"column":0},"end":{"line":30,"column":7}},"30":{"start":{"line":31,"column":0},"end":{"line":31,"column":60}},"31":{"start":{"line":32,"column":0},"end":{"line":32,"column":53}},"32":{"start":{"line":33,"column":0},"end":{"line":33,"column":26}},"33":{"start":{"line":34,"column":0},"end":{"line":34,"column":30}},"34":{"start":{"line":35,"column":0},"end":{"line":35,"column":7}},"35":{"start":{"line":36,"column":0},"end":{"line":36,"column":6}},"36":{"start":{"line":37,"column":0},"end":{"line":37,"column":18}},"37":{"start":{"line":38,"column":0},"end":{"line":38,"column":52}},"38":{"start":{"line":39,"column":0},"end":{"line":39,"column":58}},"39":{"start":{"line":40,"column":0},"end":{"line":40,"column":4}},"40":{"start":{"line":41,"column":0},"end":{"line":41,"column":42}},"41":{"start":{"line":42,"column":0},"end":{"line":42,"column":17}},"42":{"start":{"line":43,"column":0},"end":{"line":43,"column":35}},"43":{"start":{"line":44,"column":0},"end":{"line":44,"column":3}},"44":{"start":{"line":45,"column":0},"end":{"line":45,"column":4}},"45":{"start":{"line":46,"column":0},"end":{"line":46,"column":0}},"46":{"start":{"line":47,"column":0},"end":{"line":47,"column":67}},"47":{"start":{"line":48,"column":0},"end":{"line":48,"column":7}},"48":{"start":{"line":49,"column":0},"end":{"line":49,"column":47}},"49":{"start":{"line":50,"column":0},"end":{"line":50,"column":55}},"50":{"start":{"line":51,"column":0},"end":{"line":51,"column":42}},"51":{"start":{"line":52,"column":0},"end":{"line":52,"column":24}},"52":{"start":{"line":53,"column":0},"end":{"line":53,"column":77}},"53":{"start":{"line":54,"column":0},"end":{"line":54,"column":20}},"54":{"start":{"line":55,"column":0},"end":{"line":55,"column":5}},"55":{"start":{"line":56,"column":0},"end":{"line":56,"column":17}},"56":{"start":{"line":57,"column":0},"end":{"line":57,"column":23}},"57":{"start":{"line":58,"column":0},"end":{"line":58,"column":36}},"58":{"start":{"line":59,"column":0},"end":{"line":59,"column":19}},"59":{"start":{"line":60,"column":0},"end":{"line":60,"column":3}},"60":{"start":{"line":61,"column":0},"end":{"line":61,"column":4}},"61":{"start":{"line":62,"column":0},"end":{"line":62,"column":0}},"62":{"start":{"line":63,"column":0},"end":{"line":63,"column":29}},"63":{"start":{"line":64,"column":0},"end":{"line":64,"column":27}},"64":{"start":{"line":65,"column":0},"end":{"line":65,"column":47}},"65":{"start":{"line":66,"column":0},"end":{"line":66,"column":8}},"66":{"start":{"line":67,"column":0},"end":{"line":67,"column":48}},"67":{"start":{"line":68,"column":0},"end":{"line":68,"column":55}},"68":{"start":{"line":69,"column":0},"end":{"line":69,"column":40}},"69":{"start":{"line":70,"column":0},"end":{"line":70,"column":20}},"70":{"start":{"line":71,"column":0},"end":{"line":71,"column":25}},"71":{"start":{"line":72,"column":0},"end":{"line":72,"column":6}},"72":{"start":{"line":73,"column":0},"end":{"line":73,"column":43}},"73":{"start":{"line":74,"column":0},"end":{"line":74,"column":42}},"74":{"start":{"line":75,"column":0},"end":{"line":75,"column":18}},"75":{"start":{"line":76,"column":0},"end":{"line":76,"column":24}},"76":{"start":{"line":77,"column":0},"end":{"line":77,"column":37}},"77":{"start":{"line":78,"column":0},"end":{"line":78,"column":20}},"78":{"start":{"line":79,"column":0},"end":{"line":79,"column":4}},"79":{"start":{"line":80,"column":0},"end":{"line":80,"column":3}},"80":{"start":{"line":81,"column":0},"end":{"line":81,"column":3}},"81":{"start":{"line":82,"column":0},"end":{"line":82,"column":0}},"82":{"start":{"line":83,"column":0},"end":{"line":83,"column":29}},"83":{"start":{"line":84,"column":0},"end":{"line":84,"column":38}},"84":{"start":{"line":85,"column":0},"end":{"line":85,"column":47}},"85":{"start":{"line":86,"column":0},"end":{"line":86,"column":8}},"86":{"start":{"line":87,"column":0},"end":{"line":87,"column":48}},"87":{"start":{"line":88,"column":0},"end":{"line":88,"column":55}},"88":{"start":{"line":89,"column":0},"end":{"line":89,"column":40}},"89":{"start":{"line":90,"column":0},"end":{"line":90,"column":20}},"90":{"start":{"line":91,"column":0},"end":{"line":91,"column":26}},"91":{"start":{"line":92,"column":0},"end":{"line":92,"column":25}},"92":{"start":{"line":93,"column":0},"end":{"line":93,"column":6}},"93":{"start":{"line":94,"column":0},"end":{"line":94,"column":43}},"94":{"start":{"line":95,"column":0},"end":{"line":95,"column":42}},"95":{"start":{"line":96,"column":0},"end":{"line":96,"column":18}},"96":{"start":{"line":97,"column":0},"end":{"line":97,"column":24}},"97":{"start":{"line":98,"column":0},"end":{"line":98,"column":37}},"98":{"start":{"line":99,"column":0},"end":{"line":99,"column":20}},"99":{"start":{"line":100,"column":0},"end":{"line":100,"column":4}},"100":{"start":{"line":101,"column":0},"end":{"line":101,"column":3}},"101":{"start":{"line":102,"column":0},"end":{"line":102,"column":3}},"102":{"start":{"line":103,"column":0},"end":{"line":103,"column":0}},"103":{"start":{"line":104,"column":0},"end":{"line":104,"column":64}},"104":{"start":{"line":105,"column":0},"end":{"line":105,"column":7}},"105":{"start":{"line":106,"column":0},"end":{"line":106,"column":47}},"106":{"start":{"line":107,"column":0},"end":{"line":107,"column":34}},"107":{"start":{"line":108,"column":0},"end":{"line":108,"column":68}},"108":{"start":{"line":109,"column":0},"end":{"line":109,"column":17}},"109":{"start":{"line":110,"column":0},"end":{"line":110,"column":23}},"110":{"start":{"line":111,"column":0},"end":{"line":111,"column":36}},"111":{"start":{"line":112,"column":0},"end":{"line":112,"column":26}},"112":{"start":{"line":113,"column":0},"end":{"line":113,"column":3}},"113":{"start":{"line":114,"column":0},"end":{"line":114,"column":4}},"114":{"start":{"line":115,"column":0},"end":{"line":115,"column":0}},"115":{"start":{"line":116,"column":0},"end":{"line":116,"column":62}},"116":{"start":{"line":117,"column":0},"end":{"line":117,"column":7}},"117":{"start":{"line":118,"column":0},"end":{"line":118,"column":40}},"118":{"start":{"line":119,"column":0},"end":{"line":119,"column":31}},"119":{"start":{"line":120,"column":0},"end":{"line":120,"column":10}},"120":{"start":{"line":121,"column":0},"end":{"line":121,"column":17}},"121":{"start":{"line":122,"column":0},"end":{"line":122,"column":23}},"122":{"start":{"line":123,"column":0},"end":{"line":123,"column":36}},"123":{"start":{"line":124,"column":0},"end":{"line":124,"column":19}},"124":{"start":{"line":125,"column":0},"end":{"line":125,"column":3}},"125":{"start":{"line":126,"column":0},"end":{"line":126,"column":4}},"126":{"start":{"line":127,"column":0},"end":{"line":127,"column":0}},"127":{"start":{"line":128,"column":0},"end":{"line":128,"column":72}},"128":{"start":{"line":129,"column":0},"end":{"line":129,"column":7}},"129":{"start":{"line":130,"column":0},"end":{"line":130,"column":53}},"130":{"start":{"line":131,"column":0},"end":{"line":131,"column":10}},"131":{"start":{"line":132,"column":0},"end":{"line":132,"column":17}},"132":{"start":{"line":133,"column":0},"end":{"line":133,"column":23}},"133":{"start":{"line":134,"column":0},"end":{"line":134,"column":36}},"134":{"start":{"line":135,"column":0},"end":{"line":135,"column":19}},"135":{"start":{"line":136,"column":0},"end":{"line":136,"column":3}},"136":{"start":{"line":137,"column":0},"end":{"line":137,"column":4}},"137":{"start":{"line":138,"column":0},"end":{"line":138,"column":0}},"138":{"start":{"line":139,"column":0},"end":{"line":139,"column":64}},"139":{"start":{"line":140,"column":0},"end":{"line":140,"column":7}},"140":{"start":{"line":141,"column":0},"end":{"line":141,"column":24}},"141":{"start":{"line":142,"column":0},"end":{"line":142,"column":35}},"142":{"start":{"line":143,"column":0},"end":{"line":143,"column":66}},"143":{"start":{"line":144,"column":0},"end":{"line":144,"column":5}},"144":{"start":{"line":145,"column":0},"end":{"line":145,"column":10}},"145":{"start":{"line":146,"column":0},"end":{"line":146,"column":17}},"146":{"start":{"line":147,"column":0},"end":{"line":147,"column":23}},"147":{"start":{"line":148,"column":0},"end":{"line":148,"column":36}},"148":{"start":{"line":149,"column":0},"end":{"line":149,"column":19}},"149":{"start":{"line":150,"column":0},"end":{"line":150,"column":3}},"150":{"start":{"line":151,"column":0},"end":{"line":151,"column":4}},"151":{"start":{"line":152,"column":0},"end":{"line":152,"column":0}},"152":{"start":{"line":153,"column":0},"end":{"line":153,"column":28}},"153":{"start":{"line":154,"column":0},"end":{"line":154,"column":36}},"154":{"start":{"line":155,"column":0},"end":{"line":155,"column":28}},"155":{"start":{"line":156,"column":0},"end":{"line":156,"column":8}},"156":{"start":{"line":157,"column":0},"end":{"line":157,"column":53}},"157":{"start":{"line":158,"column":0},"end":{"line":158,"column":42}},"158":{"start":{"line":159,"column":0},"end":{"line":159,"column":41}},"159":{"start":{"line":160,"column":0},"end":{"line":160,"column":74}},"160":{"start":{"line":161,"column":0},"end":{"line":161,"column":18}},"161":{"start":{"line":162,"column":0},"end":{"line":162,"column":24}},"162":{"start":{"line":163,"column":0},"end":{"line":163,"column":37}},"163":{"start":{"line":164,"column":0},"end":{"line":164,"column":20}},"164":{"start":{"line":165,"column":0},"end":{"line":165,"column":4}},"165":{"start":{"line":166,"column":0},"end":{"line":166,"column":3}},"166":{"start":{"line":167,"column":0},"end":{"line":167,"column":3}},"167":{"start":{"line":168,"column":0},"end":{"line":168,"column":0}},"168":{"start":{"line":169,"column":0},"end":{"line":169,"column":64}},"169":{"start":{"line":170,"column":0},"end":{"line":170,"column":7}},"170":{"start":{"line":171,"column":0},"end":{"line":171,"column":66}},"171":{"start":{"line":172,"column":0},"end":{"line":172,"column":17}},"172":{"start":{"line":173,"column":0},"end":{"line":173,"column":23}},"173":{"start":{"line":174,"column":0},"end":{"line":174,"column":36}},"174":{"start":{"line":175,"column":0},"end":{"line":175,"column":19}},"175":{"start":{"line":176,"column":0},"end":{"line":176,"column":3}},"176":{"start":{"line":177,"column":0},"end":{"line":177,"column":4}},"177":{"start":{"line":178,"column":0},"end":{"line":178,"column":0}},"178":{"start":{"line":179,"column":0},"end":{"line":179,"column":62}},"179":{"start":{"line":180,"column":0},"end":{"line":180,"column":23}},"180":{"start":{"line":181,"column":0},"end":{"line":181,"column":61}},"181":{"start":{"line":182,"column":0},"end":{"line":182,"column":66}},"182":{"start":{"line":183,"column":0},"end":{"line":183,"column":62}},"183":{"start":{"line":184,"column":0},"end":{"line":184,"column":67}},"184":{"start":{"line":185,"column":0},"end":{"line":185,"column":80}},"185":{"start":{"line":186,"column":0},"end":{"line":186,"column":68}},"186":{"start":{"line":187,"column":0},"end":{"line":187,"column":63}},"187":{"start":{"line":188,"column":0},"end":{"line":188,"column":4}},"188":{"start":{"line":189,"column":0},"end":{"line":189,"column":4}},"189":{"start":{"line":190,"column":0},"end":{"line":190,"column":13}},"190":{"start":{"line":191,"column":0},"end":{"line":191,"column":0}},"191":{"start":{"line":192,"column":0},"end":{"line":192,"column":25}},"192":{"start":{"line":193,"column":0},"end":{"line":193,"column":72}},"193":{"start":{"line":194,"column":0},"end":{"line":194,"column":70}},"194":{"start":{"line":195,"column":0},"end":{"line":195,"column":40}},"195":{"start":{"line":196,"column":0},"end":{"line":196,"column":24}},"196":{"start":{"line":197,"column":0},"end":{"line":197,"column":70}},"197":{"start":{"line":198,"column":0},"end":{"line":198,"column":5}},"198":{"start":{"line":199,"column":0},"end":{"line":199,"column":3}},"199":{"start":{"line":200,"column":0},"end":{"line":200,"column":52}},"200":{"start":{"line":201,"column":0},"end":{"line":201,"column":57}},"201":{"start":{"line":202,"column":0},"end":{"line":202,"column":10}},"202":{"start":{"line":203,"column":0},"end":{"line":203,"column":3}},"203":{"start":{"line":204,"column":0},"end":{"line":204,"column":7}},"204":{"start":{"line":205,"column":0},"end":{"line":205,"column":61}},"205":{"start":{"line":206,"column":0},"end":{"line":206,"column":41}},"206":{"start":{"line":207,"column":0},"end":{"line":207,"column":27}},"207":{"start":{"line":208,"column":0},"end":{"line":208,"column":61}},"208":{"start":{"line":209,"column":0},"end":{"line":209,"column":17}},"209":{"start":{"line":210,"column":0},"end":{"line":210,"column":23}},"210":{"start":{"line":211,"column":0},"end":{"line":211,"column":36}},"211":{"start":{"line":212,"column":0},"end":{"line":212,"column":19}},"212":{"start":{"line":213,"column":0},"end":{"line":213,"column":3}},"213":{"start":{"line":214,"column":0},"end":{"line":214,"column":4}},"214":{"start":{"line":215,"column":0},"end":{"line":215,"column":0}},"215":{"start":{"line":216,"column":0},"end":{"line":216,"column":63}},"216":{"start":{"line":217,"column":0},"end":{"line":217,"column":70}},"217":{"start":{"line":218,"column":0},"end":{"line":218,"column":50}},"218":{"start":{"line":219,"column":0},"end":{"line":219,"column":57}},"219":{"start":{"line":220,"column":0},"end":{"line":220,"column":10}},"220":{"start":{"line":221,"column":0},"end":{"line":221,"column":3}},"221":{"start":{"line":222,"column":0},"end":{"line":222,"column":7}},"222":{"start":{"line":223,"column":0},"end":{"line":223,"column":24}},"223":{"start":{"line":224,"column":0},"end":{"line":224,"column":44}},"224":{"start":{"line":225,"column":0},"end":{"line":225,"column":52}},"225":{"start":{"line":226,"column":0},"end":{"line":226,"column":27}},"226":{"start":{"line":227,"column":0},"end":{"line":227,"column":31}},"227":{"start":{"line":228,"column":0},"end":{"line":228,"column":8}},"228":{"start":{"line":229,"column":0},"end":{"line":229,"column":6}},"229":{"start":{"line":230,"column":0},"end":{"line":230,"column":5}},"230":{"start":{"line":231,"column":0},"end":{"line":231,"column":17}},"231":{"start":{"line":232,"column":0},"end":{"line":232,"column":35}},"232":{"start":{"line":233,"column":0},"end":{"line":233,"column":3}},"233":{"start":{"line":234,"column":0},"end":{"line":234,"column":4}},"234":{"start":{"line":235,"column":0},"end":{"line":235,"column":0}},"235":{"start":{"line":236,"column":0},"end":{"line":236,"column":32}},"236":{"start":{"line":237,"column":0},"end":{"line":237,"column":23}},"237":{"start":{"line":238,"column":0},"end":{"line":238,"column":28}},"238":{"start":{"line":239,"column":0},"end":{"line":239,"column":71}},"239":{"start":{"line":240,"column":0},"end":{"line":240,"column":53}},"240":{"start":{"line":241,"column":0},"end":{"line":241,"column":58}},"241":{"start":{"line":242,"column":0},"end":{"line":242,"column":11}},"242":{"start":{"line":243,"column":0},"end":{"line":243,"column":4}},"243":{"start":{"line":244,"column":0},"end":{"line":244,"column":30}},"244":{"start":{"line":245,"column":0},"end":{"line":245,"column":24}},"245":{"start":{"line":246,"column":0},"end":{"line":246,"column":61}},"246":{"start":{"line":247,"column":0},"end":{"line":247,"column":50}},"247":{"start":{"line":248,"column":0},"end":{"line":248,"column":5}},"248":{"start":{"line":249,"column":0},"end":{"line":249,"column":3}},"249":{"start":{"line":250,"column":0},"end":{"line":250,"column":3}},"250":{"start":{"line":251,"column":0},"end":{"line":251,"column":0}},"251":{"start":{"line":252,"column":0},"end":{"line":252,"column":34}},"252":{"start":{"line":253,"column":0},"end":{"line":253,"column":25}},"253":{"start":{"line":254,"column":0},"end":{"line":254,"column":28}},"254":{"start":{"line":255,"column":0},"end":{"line":255,"column":71}},"255":{"start":{"line":256,"column":0},"end":{"line":256,"column":53}},"256":{"start":{"line":257,"column":0},"end":{"line":257,"column":58}},"257":{"start":{"line":258,"column":0},"end":{"line":258,"column":11}},"258":{"start":{"line":259,"column":0},"end":{"line":259,"column":4}},"259":{"start":{"line":260,"column":0},"end":{"line":260,"column":25}},"260":{"start":{"line":261,"column":0},"end":{"line":261,"column":24}},"261":{"start":{"line":262,"column":0},"end":{"line":262,"column":75}},"262":{"start":{"line":263,"column":0},"end":{"line":263,"column":5}},"263":{"start":{"line":264,"column":0},"end":{"line":264,"column":3}},"264":{"start":{"line":265,"column":0},"end":{"line":265,"column":3}},"265":{"start":{"line":266,"column":0},"end":{"line":266,"column":0}},"266":{"start":{"line":267,"column":0},"end":{"line":267,"column":78}},"267":{"start":{"line":268,"column":0},"end":{"line":268,"column":70}},"268":{"start":{"line":269,"column":0},"end":{"line":269,"column":52}},"269":{"start":{"line":270,"column":0},"end":{"line":270,"column":57}},"270":{"start":{"line":271,"column":0},"end":{"line":271,"column":10}},"271":{"start":{"line":272,"column":0},"end":{"line":272,"column":3}},"272":{"start":{"line":273,"column":0},"end":{"line":273,"column":7}},"273":{"start":{"line":274,"column":0},"end":{"line":274,"column":51}},"274":{"start":{"line":275,"column":0},"end":{"line":275,"column":57}},"275":{"start":{"line":276,"column":0},"end":{"line":276,"column":15}},"276":{"start":{"line":277,"column":0},"end":{"line":277,"column":27}},"277":{"start":{"line":278,"column":0},"end":{"line":278,"column":10}},"278":{"start":{"line":279,"column":0},"end":{"line":279,"column":3}},"279":{"start":{"line":280,"column":0},"end":{"line":280,"column":4}},"280":{"start":{"line":281,"column":0},"end":{"line":281,"column":0}},"281":{"start":{"line":282,"column":0},"end":{"line":282,"column":30}},"282":{"start":{"line":283,"column":0},"end":{"line":283,"column":27}},"283":{"start":{"line":284,"column":0},"end":{"line":284,"column":28}},"284":{"start":{"line":285,"column":0},"end":{"line":285,"column":71}},"285":{"start":{"line":286,"column":0},"end":{"line":286,"column":51}},"286":{"start":{"line":287,"column":0},"end":{"line":287,"column":25}},"287":{"start":{"line":288,"column":0},"end":{"line":288,"column":66}},"288":{"start":{"line":289,"column":0},"end":{"line":289,"column":6}},"289":{"start":{"line":290,"column":0},"end":{"line":290,"column":11}},"290":{"start":{"line":291,"column":0},"end":{"line":291,"column":4}},"291":{"start":{"line":292,"column":0},"end":{"line":292,"column":8}},"292":{"start":{"line":293,"column":0},"end":{"line":293,"column":55}},"293":{"start":{"line":294,"column":0},"end":{"line":294,"column":38}},"294":{"start":{"line":295,"column":0},"end":{"line":295,"column":70}},"295":{"start":{"line":296,"column":0},"end":{"line":296,"column":11}},"296":{"start":{"line":297,"column":0},"end":{"line":297,"column":24}},"297":{"start":{"line":298,"column":0},"end":{"line":298,"column":42}},"298":{"start":{"line":299,"column":0},"end":{"line":299,"column":4}},"299":{"start":{"line":300,"column":0},"end":{"line":300,"column":3}},"300":{"start":{"line":301,"column":0},"end":{"line":301,"column":3}},"301":{"start":{"line":302,"column":0},"end":{"line":302,"column":0}},"302":{"start":{"line":303,"column":0},"end":{"line":303,"column":35}},"303":{"start":{"line":304,"column":0},"end":{"line":304,"column":28}},"304":{"start":{"line":305,"column":0},"end":{"line":305,"column":28}},"305":{"start":{"line":306,"column":0},"end":{"line":306,"column":71}},"306":{"start":{"line":307,"column":0},"end":{"line":307,"column":51}},"307":{"start":{"line":308,"column":0},"end":{"line":308,"column":58}},"308":{"start":{"line":309,"column":0},"end":{"line":309,"column":11}},"309":{"start":{"line":310,"column":0},"end":{"line":310,"column":4}},"310":{"start":{"line":311,"column":0},"end":{"line":311,"column":8}},"311":{"start":{"line":312,"column":0},"end":{"line":312,"column":69}},"312":{"start":{"line":313,"column":0},"end":{"line":313,"column":24}},"313":{"start":{"line":314,"column":0},"end":{"line":314,"column":42}},"314":{"start":{"line":315,"column":0},"end":{"line":315,"column":4}},"315":{"start":{"line":316,"column":0},"end":{"line":316,"column":3}},"316":{"start":{"line":317,"column":0},"end":{"line":317,"column":3}},"317":{"start":{"line":318,"column":0},"end":{"line":318,"column":0}},"318":{"start":{"line":319,"column":0},"end":{"line":319,"column":38}},"319":{"start":{"line":320,"column":0},"end":{"line":320,"column":49}},"320":{"start":{"line":321,"column":0},"end":{"line":321,"column":28}},"321":{"start":{"line":322,"column":0},"end":{"line":322,"column":71}},"322":{"start":{"line":323,"column":0},"end":{"line":323,"column":53}},"323":{"start":{"line":324,"column":0},"end":{"line":324,"column":58}},"324":{"start":{"line":325,"column":0},"end":{"line":325,"column":11}},"325":{"start":{"line":326,"column":0},"end":{"line":326,"column":4}},"326":{"start":{"line":327,"column":0},"end":{"line":327,"column":8}},"327":{"start":{"line":328,"column":0},"end":{"line":328,"column":55}},"328":{"start":{"line":329,"column":0},"end":{"line":329,"column":65}},"329":{"start":{"line":330,"column":0},"end":{"line":330,"column":26}},"330":{"start":{"line":331,"column":0},"end":{"line":331,"column":25}},"331":{"start":{"line":332,"column":0},"end":{"line":332,"column":6}},"332":{"start":{"line":333,"column":0},"end":{"line":333,"column":56}},"333":{"start":{"line":334,"column":0},"end":{"line":334,"column":24}},"334":{"start":{"line":335,"column":0},"end":{"line":335,"column":42}},"335":{"start":{"line":336,"column":0},"end":{"line":336,"column":4}},"336":{"start":{"line":337,"column":0},"end":{"line":337,"column":3}},"337":{"start":{"line":338,"column":0},"end":{"line":338,"column":3}},"338":{"start":{"line":339,"column":0},"end":{"line":339,"column":0}},"339":{"start":{"line":340,"column":0},"end":{"line":340,"column":34}},"340":{"start":{"line":341,"column":0},"end":{"line":341,"column":26}},"341":{"start":{"line":342,"column":0},"end":{"line":342,"column":28}},"342":{"start":{"line":343,"column":0},"end":{"line":343,"column":71}},"343":{"start":{"line":344,"column":0},"end":{"line":344,"column":51}},"344":{"start":{"line":345,"column":0},"end":{"line":345,"column":58}},"345":{"start":{"line":346,"column":0},"end":{"line":346,"column":11}},"346":{"start":{"line":347,"column":0},"end":{"line":347,"column":4}},"347":{"start":{"line":348,"column":0},"end":{"line":348,"column":8}},"348":{"start":{"line":349,"column":0},"end":{"line":349,"column":52}},"349":{"start":{"line":350,"column":0},"end":{"line":350,"column":24}},"350":{"start":{"line":351,"column":0},"end":{"line":351,"column":42}},"351":{"start":{"line":352,"column":0},"end":{"line":352,"column":4}},"352":{"start":{"line":353,"column":0},"end":{"line":353,"column":3}},"353":{"start":{"line":354,"column":0},"end":{"line":354,"column":3}},"354":{"start":{"line":355,"column":0},"end":{"line":355,"column":2}},"355":{"start":{"line":356,"column":0},"end":{"line":356,"column":0}},"356":{"start":{"line":357,"column":0},"end":{"line":357,"column":57}},"357":{"start":{"line":358,"column":0},"end":{"line":358,"column":12}}},"s":{"0":1,"1":1,"2":1,"3":1,"4":1,"5":1,"6":1,"7":1,"8":1,"9":1,"10":1,"11":1,"12":1,"13":1,"14":1,"15":4,"16":4,"17":0,"18":0,"19":0,"20":0,"21":0,"22":4,"23":4,"24":1,"25":1,"26":1,"27":1,"28":2,"29":2,"30":2,"31":2,"32":2,"33":2,"34":2,"35":2,"36":2,"37":2,"38":1,"39":1,"40":2,"41":2,"42":2,"43":2,"44":1,"45":1,"46":1,"47":1,"48":1,"49":1,"50":1,"51":1,"52":1,"53":1,"54":1,"55":1,"56":1,"57":1,"58":1,"59":1,"60":1,"61":1,"62":1,"63":1,"64":1,"65":1,"66":1,"67":1,"68":1,"69":1,"70":1,"71":1,"72":1,"73":1,"74":1,"75":1,"76":1,"77":1,"78":1,"79":1,"80":1,"81":1,"82":1,"83":1,"84":1,"85":1,"86":1,"87":1,"88":1,"89":1,"90":1,"91":1,"92":1,"93":1,"94":1,"95":1,"96":1,"97":1,"98":1,"99":1,"100":1,"101":1,"102":1,"103":1,"104":1,"105":1,"106":1,"107":1,"108":1,"109":1,"110":1,"111":1,"112":1,"113":1,"114":1,"115":1,"116":1,"117":1,"118":1,"119":1,"120":1,"121":1,"122":1,"123":1,"124":1,"125":1,"126":1,"127":1,"128":0,"129":0,"130":0,"131":0,"132":0,"133":0,"134":0,"135":0,"136":1,"137":1,"138":1,"139":0,"140":0,"141":0,"142":0,"143":0,"144":0,"145":0,"146":0,"147":0,"148":0,"149":0,"150":1,"151":1,"152":1,"153":1,"154":1,"155":0,"156":0,"157":0,"158":0,"159":0,"160":0,"161":0,"162":0,"163":0,"164":0,"165":0,"166":1,"167":1,"168":1,"169":0,"170":0,"171":0,"172":0,"173":0,"174":0,"175":0,"176":1,"177":1,"178":1,"179":0,"180":0,"181":0,"182":0,"183":0,"184":0,"185":0,"186":0,"187":0,"188":1,"189":1,"190":1,"191":1,"192":1,"193":0,"194":0,"195":0,"196":0,"197":0,"198":0,"199":0,"200":0,"201":0,"202":0,"203":0,"204":0,"205":0,"206":0,"207":0,"208":0,"209":0,"210":0,"211":0,"212":0,"213":1,"214":1,"215":1,"216":0,"217":0,"218":0,"219":0,"220":0,"221":0,"222":0,"223":0,"224":0,"225":0,"226":0,"227":0,"228":0,"229":0,"230":0,"231":0,"232":0,"233":1,"234":1,"235":1,"236":1,"237":1,"238":0,"239":0,"240":0,"241":0,"242":0,"243":0,"244":0,"245":0,"246":0,"247":0,"248":0,"249":1,"250":1,"251":1,"252":1,"253":1,"254":0,"255":0,"256":0,"257":0,"258":0,"259":0,"260":0,"261":0,"262":0,"263":0,"264":1,"265":1,"266":1,"267":0,"268":0,"269":0,"270":0,"271":0,"272":0,"273":0,"274":0,"275":0,"276":0,"277":0,"278":0,"279":1,"280":1,"281":1,"282":1,"283":1,"284":0,"285":0,"286":0,"287":0,"288":0,"289":0,"290":0,"291":0,"292":0,"293":0,"294":0,"295":0,"296":0,"297":0,"298":0,"299":0,"300":1,"301":1,"302":1,"303":1,"304":1,"305":0,"306":0,"307":0,"308":0,"309":0,"310":0,"311":0,"312":0,"313":0,"314":0,"315":0,"316":1,"317":1,"318":1,"319":1,"320":1,"321":0,"322":0,"323":0,"324":0,"325":0,"326":0,"327":0,"328":0,"329":0,"330":0,"331":0,"332":0,"333":0,"334":0,"335":0,"336":0,"337":1,"338":1,"339":1,"340":1,"341":1,"342":0,"343":0,"344":0,"345":0,"346":0,"347":0,"348":0,"349":0,"350":0,"351":0,"352":0,"353":1,"354":1,"355":1,"356":1,"357":1},"branchMap":{"0":{"type":"branch","line":15,"loc":{"start":{"line":15,"column":19},"end":{"line":24,"column":2}},"locations":[{"start":{"line":15,"column":19},"end":{"line":24,"column":2}}]},"1":{"type":"branch","line":15,"loc":{"start":{"line":15,"column":42},"end":{"line":24,"column":2}},"locations":[{"start":{"line":15,"column":42},"end":{"line":24,"column":2}}]},"2":{"type":"branch","line":16,"loc":{"start":{"line":16,"column":21},"end":{"line":16,"column":58}},"locations":[{"start":{"line":16,"column":21},"end":{"line":16,"column":58}}]},"3":{"type":"branch","line":17,"loc":{"start":{"line":17,"column":18},"end":{"line":22,"column":2}},"locations":[{"start":{"line":17,"column":18},"end":{"line":22,"column":2}}]},"4":{"type":"branch","line":28,"loc":{"start":{"line":28,"column":35},"end":{"line":45,"column":3}},"locations":[{"start":{"line":28,"column":35},"end":{"line":45,"column":3}}]},"5":{"type":"branch","line":29,"loc":{"start":{"line":29,"column":22},"end":{"line":29,"column":70}},"locations":[{"start":{"line":29,"column":22},"end":{"line":29,"column":70}}]},"6":{"type":"branch","line":38,"loc":{"start":{"line":38,"column":51},"end":{"line":40,"column":4}},"locations":[{"start":{"line":38,"column":51},"end":{"line":40,"column":4}}]},"7":{"type":"branch","line":31,"loc":{"start":{"line":31,"column":38},"end":{"line":36,"column":4}},"locations":[{"start":{"line":31,"column":38},"end":{"line":36,"column":4}}]},"8":{"type":"branch","line":32,"loc":{"start":{"line":32,"column":37},"end":{"line":35,"column":5}},"locations":[{"start":{"line":32,"column":37},"end":{"line":35,"column":5}}]},"9":{"type":"branch","line":33,"loc":{"start":{"line":33,"column":14},"end":{"line":33,"column":26}},"locations":[{"start":{"line":33,"column":14},"end":{"line":33,"column":26}}]},"10":{"type":"branch","line":47,"loc":{"start":{"line":47,"column":41},"end":{"line":61,"column":3}},"locations":[{"start":{"line":47,"column":41},"end":{"line":61,"column":3}}]},"11":{"type":"branch","line":49,"loc":{"start":{"line":49,"column":34},"end":{"line":49,"column":47}},"locations":[{"start":{"line":49,"column":34},"end":{"line":49,"column":47}}]},"12":{"type":"branch","line":65,"loc":{"start":{"line":65,"column":2},"end":{"line":80,"column":3}},"locations":[{"start":{"line":65,"column":2},"end":{"line":80,"column":3}}]},"13":{"type":"branch","line":67,"loc":{"start":{"line":67,"column":35},"end":{"line":67,"column":48}},"locations":[{"start":{"line":67,"column":35},"end":{"line":67,"column":48}}]},"14":{"type":"branch","line":85,"loc":{"start":{"line":85,"column":2},"end":{"line":101,"column":3}},"locations":[{"start":{"line":85,"column":2},"end":{"line":101,"column":3}}]},"15":{"type":"branch","line":87,"loc":{"start":{"line":87,"column":35},"end":{"line":87,"column":48}},"locations":[{"start":{"line":87,"column":35},"end":{"line":87,"column":48}}]},"16":{"type":"branch","line":104,"loc":{"start":{"line":104,"column":38},"end":{"line":114,"column":3}},"locations":[{"start":{"line":104,"column":38},"end":{"line":114,"column":3}}]},"17":{"type":"branch","line":106,"loc":{"start":{"line":106,"column":34},"end":{"line":106,"column":47}},"locations":[{"start":{"line":106,"column":34},"end":{"line":106,"column":47}}]},"18":{"type":"branch","line":108,"loc":{"start":{"line":108,"column":3},"end":{"line":108,"column":68}},"locations":[{"start":{"line":108,"column":3},"end":{"line":108,"column":68}}]},"19":{"type":"branch","line":116,"loc":{"start":{"line":116,"column":36},"end":{"line":126,"column":3}},"locations":[{"start":{"line":116,"column":36},"end":{"line":126,"column":3}}]}},"b":{"0":[4],"1":[4],"2":[4],"3":[0],"4":[2],"5":[2],"6":[1],"7":[2],"8":[2],"9":[0],"10":[1],"11":[0],"12":[1],"13":[0],"14":[1],"15":[0],"16":[1],"17":[0],"18":[1],"19":[1]},"fnMap":{"0":{"name":"restricted","decl":{"start":{"line":15,"column":19},"end":{"line":24,"column":2}},"loc":{"start":{"line":15,"column":19},"end":{"line":24,"column":2}},"line":15},"1":{"name":"Object.<anonymous>.exports.CommandDictionary.help","decl":{"start":{"line":28,"column":35},"end":{"line":45,"column":3}},"loc":{"start":{"line":28,"column":35},"end":{"line":45,"column":3}},"line":28},"2":{"name":"Object.<anonymous>.exports.CommandDictionary.relapse","decl":{"start":{"line":47,"column":41},"end":{"line":61,"column":3}},"loc":{"start":{"line":47,"column":41},"end":{"line":61,"column":3}},"line":47},"3":{"name":"Object.<anonymous>.exports.CommandDictionary.relapseOne","decl":{"start":{"line":65,"column":2},"end":{"line":80,"column":3}},"loc":{"start":{"line":65,"column":2},"end":{"line":80,"column":3}},"line":65},"4":{"name":"Object.<anonymous>.exports.CommandDictionary.relapseTwo","decl":{"start":{"line":85,"column":2},"end":{"line":101,"column":3}},"loc":{"start":{"line":85,"column":2},"end":{"line":101,"column":3}},"line":85},"5":{"name":"Object.<anonymous>.exports.CommandDictionary.update","decl":{"start":{"line":104,"column":38},"end":{"line":114,"column":3}},"loc":{"start":{"line":104,"column":38},"end":{"line":114,"column":3}},"line":104},"6":{"name":"Object.<anonymous>.exports.CommandDictionary.stats","decl":{"start":{"line":116,"column":36},"end":{"line":126,"column":3}},"loc":{"start":{"line":116,"column":36},"end":{"line":126,"column":3}},"line":116},"7":{"name":"Object.<anonymous>.exports.CommandDictionary.groupstats","decl":{"start":{"line":128,"column":46},"end":{"line":137,"column":3}},"loc":{"start":{"line":128,"column":46},"end":{"line":137,"column":3}},"line":128},"8":{"name":"Object.<anonymous>.exports.CommandDictionary.rank","decl":{"start":{"line":139,"column":38},"end":{"line":151,"column":3}},"loc":{"start":{"line":139,"column":38},"end":{"line":151,"column":3}},"line":139},"9":{"name":"Object.<anonymous>.exports.CommandDictionary.rankRange","decl":{"start":{"line":155,"column":2},"end":{"line":166,"column":3}},"loc":{"start":{"line":155,"column":2},"end":{"line":166,"column":3}},"line":155},"10":{"name":"Object.<anonymous>.exports.CommandDictionary.myrank","decl":{"start":{"line":169,"column":38},"end":{"line":177,"column":3}},"loc":{"start":{"line":169,"column":38},"end":{"line":177,"column":3}},"line":169},"11":{"name":"Object.<anonymous>.exports.CommandDictionary.guide","decl":{"start":{"line":179,"column":36},"end":{"line":189,"column":3}},"loc":{"start":{"line":179,"column":36},"end":{"line":189,"column":3}},"line":179},"12":{"name":"Object.<anonymous>.exports.CommandDictionary.initialize","decl":{"start":{"line":193,"column":46},"end":{"line":214,"column":3}},"loc":{"start":{"line":193,"column":46},"end":{"line":214,"column":3}},"line":193},"13":{"name":"Object.<anonymous>.exports.CommandDictionary.admin","decl":{"start":{"line":216,"column":37},"end":{"line":234,"column":3}},"loc":{"start":{"line":216,"column":37},"end":{"line":234,"column":3}},"line":216},"14":{"name":"Object.<anonymous>.exports.CommandDictionary.adminRestrict","decl":{"start":{"line":238,"column":2},"end":{"line":249,"column":3}},"loc":{"start":{"line":238,"column":2},"end":{"line":249,"column":3}},"line":238},"15":{"name":"Object.<anonymous>.exports.CommandDictionary.adminUntrestict","decl":{"start":{"line":254,"column":2},"end":{"line":264,"column":3}},"loc":{"start":{"line":254,"column":2},"end":{"line":264,"column":3}},"line":254},"16":{"name":"Object.<anonymous>.exports.CommandDictionary.adminBackup","decl":{"start":{"line":267,"column":52},"end":{"line":280,"column":3}},"loc":{"start":{"line":267,"column":52},"end":{"line":280,"column":3}},"line":267},"17":{"name":"Object.<anonymous>.exports.CommandDictionary.adminDelete","decl":{"start":{"line":284,"column":2},"end":{"line":300,"column":3}},"loc":{"start":{"line":284,"column":2},"end":{"line":300,"column":3}},"line":284},"18":{"name":"Object.<anonymous>.exports.CommandDictionary.adminStreakgroup","decl":{"start":{"line":305,"column":2},"end":{"line":316,"column":3}},"loc":{"start":{"line":305,"column":2},"end":{"line":316,"column":3}},"line":305},"19":{"name":"Object.<anonymous>.exports.CommandDictionary.adminChangeInterval","decl":{"start":{"line":321,"column":2},"end":{"line":337,"column":3}},"loc":{"start":{"line":321,"column":2},"end":{"line":337,"column":3}},"line":321},"20":{"name":"Object.<anonymous>.exports.CommandDictionary.adminOldStreaks","decl":{"start":{"line":342,"column":2},"end":{"line":353,"column":3}},"loc":{"start":{"line":342,"column":2},"end":{"line":353,"column":3}},"line":342}},"f":{"0":4,"1":2,"2":1,"3":1,"4":1,"5":1,"6":1,"7":0,"8":0,"9":0,"10":0,"11":0,"12":0,"13":0,"14":0,"15":0,"16":0,"17":0,"18":0,"19":0,"20":0}}
,"C:\\Users\\jeffs\\projects\\dbtc\\src\\lib\\Connect.ts": {"path":"C:\\Users\\jeffs\\projects\\dbtc\\src\\lib\\Connect.ts","all":false,"statementMap":{"0":{"start":{"line":1,"column":0},"end":{"line":1,"column":36}},"1":{"start":{"line":2,"column":0},"end":{"line":2,"column":32}},"2":{"start":{"line":3,"column":0},"end":{"line":3,"column":0}},"3":{"start":{"line":4,"column":0},"end":{"line":4,"column":40}},"4":{"start":{"line":5,"column":0},"end":{"line":5,"column":29}},"5":{"start":{"line":6,"column":0},"end":{"line":6,"column":74}},"6":{"start":{"line":7,"column":0},"end":{"line":7,"column":65}},"7":{"start":{"line":8,"column":0},"end":{"line":8,"column":21}},"8":{"start":{"line":9,"column":0},"end":{"line":9,"column":1}},"9":{"start":{"line":10,"column":0},"end":{"line":10,"column":0}},"10":{"start":{"line":11,"column":0},"end":{"line":11,"column":46}},"11":{"start":{"line":12,"column":0},"end":{"line":12,"column":21}},"12":{"start":{"line":13,"column":0},"end":{"line":13,"column":1}}},"s":{"0":1,"1":1,"2":1,"3":0,"4":0,"5":0,"6":0,"7":0,"8":0,"9":1,"10":0,"11":0,"12":0},"branchMap":{},"b":{},"fnMap":{"0":{"name":"connect","decl":{"start":{"line":4,"column":0},"end":{"line":9,"column":1}},"loc":{"start":{"line":4,"column":0},"end":{"line":9,"column":1}},"line":4},"1":{"name":"connectAll","decl":{"start":{"line":11,"column":0},"end":{"line":13,"column":1}},"loc":{"start":{"line":11,"column":0},"end":{"line":13,"column":1}},"line":11}},"f":{"0":0,"1":0}}
,"C:\\Users\\jeffs\\projects\\dbtc\\src\\lib\\index.ts": {"path":"C:\\Users\\jeffs\\projects\\dbtc\\src\\lib\\index.ts","all":false,"statementMap":{"0":{"start":{"line":1,"column":0},"end":{"line":1,"column":33}},"1":{"start":{"line":2,"column":0},"end":{"line":2,"column":41}},"2":{"start":{"line":3,"column":0},"end":{"line":3,"column":35}},"3":{"start":{"line":4,"column":0},"end":{"line":4,"column":21}},"4":{"start":{"line":5,"column":0},"end":{"line":5,"column":13}},"5":{"start":{"line":6,"column":0},"end":{"line":6,"column":18}},"6":{"start":{"line":7,"column":0},"end":{"line":7,"column":30}},"7":{"start":{"line":8,"column":0},"end":{"line":8,"column":65}},"8":{"start":{"line":9,"column":0},"end":{"line":9,"column":0}},"9":{"start":{"line":10,"column":0},"end":{"line":10,"column":45}},"10":{"start":{"line":11,"column":0},"end":{"line":11,"column":8}},"11":{"start":{"line":12,"column":0},"end":{"line":12,"column":10}},"12":{"start":{"line":13,"column":0},"end":{"line":13,"column":13}},"13":{"start":{"line":14,"column":0},"end":{"line":14,"column":30}},"14":{"start":{"line":15,"column":0},"end":{"line":15,"column":27}},"15":{"start":{"line":16,"column":0},"end":{"line":16,"column":69}},"16":{"start":{"line":17,"column":0},"end":{"line":17,"column":48}},"17":{"start":{"line":18,"column":0},"end":{"line":18,"column":0}},"18":{"start":{"line":19,"column":0},"end":{"line":19,"column":57}},"19":{"start":{"line":20,"column":0},"end":{"line":20,"column":8}},"20":{"start":{"line":21,"column":0},"end":{"line":21,"column":13}},"21":{"start":{"line":22,"column":0},"end":{"line":22,"column":13}},"22":{"start":{"line":23,"column":0},"end":{"line":23,"column":18}},"23":{"start":{"line":24,"column":0},"end":{"line":24,"column":13}},"24":{"start":{"line":25,"column":0},"end":{"line":25,"column":14}},"25":{"start":{"line":26,"column":0},"end":{"line":26,"column":6}},"26":{"start":{"line":27,"column":0},"end":{"line":27,"column":10}},"27":{"start":{"line":28,"column":0},"end":{"line":28,"column":7}},"28":{"start":{"line":29,"column":0},"end":{"line":29,"column":2}}},"s":{"0":1,"1":1,"2":1,"3":1,"4":1,"5":1,"6":1,"7":1,"8":1,"9":1,"10":1,"11":1,"12":1,"13":1,"14":1,"15":1,"16":1,"17":1,"18":1,"19":1,"20":1,"21":1,"22":1,"23":1,"24":1,"25":1,"26":1,"27":1,"28":1},"branchMap":{"0":{"type":"branch","line":10,"loc":{"start":{"line":10,"column":9},"end":{"line":10,"column":45}},"locations":[{"start":{"line":10,"column":9},"end":{"line":10,"column":45}}]},"1":{"type":"branch","line":16,"loc":{"start":{"line":16,"column":9},"end":{"line":16,"column":69}},"locations":[{"start":{"line":16,"column":9},"end":{"line":16,"column":69}}]},"2":{"type":"branch","line":19,"loc":{"start":{"line":19,"column":19},"end":{"line":19,"column":57}},"locations":[{"start":{"line":19,"column":19},"end":{"line":19,"column":57}}]}},"b":{"0":[4],"1":[50],"2":[6]},"fnMap":{"0":{"name":"get","decl":{"start":{"line":22,"column":1},"end":{"line":22,"column":12}},"loc":{"start":{"line":22,"column":1},"end":{"line":22,"column":12}},"line":22},"1":{"name":"get","decl":{"start":{"line":10,"column":9},"end":{"line":10,"column":45}},"loc":{"start":{"line":10,"column":9},"end":{"line":10,"column":45}},"line":10},"2":{"name":"get","decl":{"start":{"line":12,"column":1},"end":{"line":12,"column":10}},"loc":{"start":{"line":12,"column":1},"end":{"line":12,"column":10}},"line":12},"3":{"name":"get","decl":{"start":{"line":13,"column":1},"end":{"line":13,"column":13}},"loc":{"start":{"line":13,"column":1},"end":{"line":13,"column":13}},"line":13},"4":{"name":"get","decl":{"start":{"line":16,"column":9},"end":{"line":16,"column":69}},"loc":{"start":{"line":16,"column":9},"end":{"line":16,"column":69}},"line":16},"5":{"name":"get","decl":{"start":{"line":17,"column":9},"end":{"line":17,"column":18}},"loc":{"start":{"line":17,"column":9},"end":{"line":17,"column":18}},"line":17},"6":{"name":"get","decl":{"start":{"line":17,"column":18},"end":{"line":17,"column":48}},"loc":{"start":{"line":17,"column":18},"end":{"line":17,"column":48}},"line":17},"7":{"name":"get","decl":{"start":{"line":19,"column":9},"end":{"line":19,"column":19}},"loc":{"start":{"line":19,"column":9},"end":{"line":19,"column":19}},"line":19},"8":{"name":"get","decl":{"start":{"line":19,"column":19},"end":{"line":19,"column":57}},"loc":{"start":{"line":19,"column":19},"end":{"line":19,"column":57}},"line":19}},"f":{"0":0,"1":4,"2":0,"3":0,"4":50,"5":0,"6":0,"7":0,"8":6}}
,"C:\\Users\\jeffs\\projects\\dbtc\\src\\lib\\models\\Assigner.ts": {"path":"C:\\Users\\jeffs\\projects\\dbtc\\src\\lib\\models\\Assigner.ts","all":false,"statementMap":{"0":{"start":{"line":1,"column":0},"end":{"line":1,"column":34}},"1":{"start":{"line":2,"column":0},"end":{"line":2,"column":44}},"2":{"start":{"line":3,"column":0},"end":{"line":3,"column":51}},"3":{"start":{"line":4,"column":0},"end":{"line":4,"column":56}},"4":{"start":{"line":5,"column":0},"end":{"line":5,"column":0}},"5":{"start":{"line":6,"column":0},"end":{"line":6,"column":23}},"6":{"start":{"line":7,"column":0},"end":{"line":7,"column":16}},"7":{"start":{"line":8,"column":0},"end":{"line":8,"column":29}},"8":{"start":{"line":9,"column":0},"end":{"line":9,"column":20}},"9":{"start":{"line":10,"column":0},"end":{"line":10,"column":15}},"10":{"start":{"line":11,"column":0},"end":{"line":11,"column":61}},"11":{"start":{"line":12,"column":0},"end":{"line":12,"column":35}},"12":{"start":{"line":13,"column":0},"end":{"line":13,"column":38}},"13":{"start":{"line":14,"column":0},"end":{"line":14,"column":2}},"14":{"start":{"line":15,"column":0},"end":{"line":15,"column":0}},"15":{"start":{"line":16,"column":0},"end":{"line":16,"column":28}},"16":{"start":{"line":17,"column":0},"end":{"line":17,"column":19}},"17":{"start":{"line":18,"column":0},"end":{"line":18,"column":18}},"18":{"start":{"line":19,"column":0},"end":{"line":19,"column":30}},"19":{"start":{"line":20,"column":0},"end":{"line":20,"column":23}},"20":{"start":{"line":21,"column":0},"end":{"line":21,"column":41}},"21":{"start":{"line":22,"column":0},"end":{"line":22,"column":49}},"22":{"start":{"line":23,"column":0},"end":{"line":23,"column":14}},"23":{"start":{"line":24,"column":0},"end":{"line":24,"column":2}},"24":{"start":{"line":25,"column":0},"end":{"line":25,"column":0}},"25":{"start":{"line":26,"column":0},"end":{"line":26,"column":55}},"26":{"start":{"line":27,"column":0},"end":{"line":27,"column":70}},"27":{"start":{"line":28,"column":0},"end":{"line":28,"column":45}},"28":{"start":{"line":29,"column":0},"end":{"line":29,"column":50}},"29":{"start":{"line":30,"column":0},"end":{"line":30,"column":21}},"30":{"start":{"line":31,"column":0},"end":{"line":31,"column":19}},"31":{"start":{"line":32,"column":0},"end":{"line":32,"column":68}},"32":{"start":{"line":33,"column":0},"end":{"line":33,"column":5}},"33":{"start":{"line":34,"column":0},"end":{"line":34,"column":3}},"34":{"start":{"line":35,"column":0},"end":{"line":35,"column":29}},"35":{"start":{"line":36,"column":0},"end":{"line":36,"column":20}},"36":{"start":{"line":37,"column":0},"end":{"line":37,"column":67}},"37":{"start":{"line":38,"column":0},"end":{"line":38,"column":32}},"38":{"start":{"line":39,"column":0},"end":{"line":39,"column":74}},"39":{"start":{"line":40,"column":0},"end":{"line":40,"column":46}},"40":{"start":{"line":41,"column":0},"end":{"line":41,"column":21}},"41":{"start":{"line":42,"column":0},"end":{"line":42,"column":114}},"42":{"start":{"line":43,"column":0},"end":{"line":43,"column":7}},"43":{"start":{"line":44,"column":0},"end":{"line":44,"column":5}},"44":{"start":{"line":45,"column":0},"end":{"line":45,"column":66}},"45":{"start":{"line":46,"column":0},"end":{"line":46,"column":42}},"46":{"start":{"line":47,"column":0},"end":{"line":47,"column":4}},"47":{"start":{"line":48,"column":0},"end":{"line":48,"column":39}},"48":{"start":{"line":49,"column":0},"end":{"line":49,"column":3}},"49":{"start":{"line":50,"column":0},"end":{"line":50,"column":69}},"50":{"start":{"line":51,"column":0},"end":{"line":51,"column":2}},"51":{"start":{"line":52,"column":0},"end":{"line":52,"column":0}},"52":{"start":{"line":53,"column":0},"end":{"line":53,"column":71}},"53":{"start":{"line":54,"column":0},"end":{"line":54,"column":40}},"54":{"start":{"line":55,"column":0},"end":{"line":55,"column":7}},"55":{"start":{"line":56,"column":0},"end":{"line":56,"column":65}},"56":{"start":{"line":57,"column":0},"end":{"line":57,"column":33}},"57":{"start":{"line":58,"column":0},"end":{"line":58,"column":15}},"58":{"start":{"line":59,"column":0},"end":{"line":59,"column":10}},"59":{"start":{"line":60,"column":0},"end":{"line":60,"column":3}},"60":{"start":{"line":61,"column":0},"end":{"line":61,"column":9}},"61":{"start":{"line":62,"column":0},"end":{"line":62,"column":2}},"62":{"start":{"line":63,"column":0},"end":{"line":63,"column":0}},"63":{"start":{"line":64,"column":0},"end":{"line":64,"column":44}},"64":{"start":{"line":65,"column":0},"end":{"line":65,"column":32}},"65":{"start":{"line":66,"column":0},"end":{"line":66,"column":28}},"66":{"start":{"line":67,"column":0},"end":{"line":67,"column":2}},"67":{"start":{"line":68,"column":0},"end":{"line":68,"column":0}},"68":{"start":{"line":69,"column":0},"end":{"line":69,"column":59}},"69":{"start":{"line":70,"column":0},"end":{"line":70,"column":32}},"70":{"start":{"line":71,"column":0},"end":{"line":71,"column":40}},"71":{"start":{"line":72,"column":0},"end":{"line":72,"column":41}},"72":{"start":{"line":73,"column":0},"end":{"line":73,"column":5}},"73":{"start":{"line":74,"column":0},"end":{"line":74,"column":2}},"74":{"start":{"line":75,"column":0},"end":{"line":75,"column":0}},"75":{"start":{"line":76,"column":0},"end":{"line":76,"column":43}},"76":{"start":{"line":77,"column":0},"end":{"line":77,"column":32}},"77":{"start":{"line":78,"column":0},"end":{"line":78,"column":34}},"78":{"start":{"line":79,"column":0},"end":{"line":79,"column":2}},"79":{"start":{"line":80,"column":0},"end":{"line":80,"column":1}}},"s":{"0":1,"1":1,"2":1,"3":1,"4":1,"5":1,"6":1,"7":1,"8":1,"9":1,"10":1,"11":4,"12":4,"13":4,"14":1,"15":1,"16":4,"17":4,"18":4,"19":4,"20":4,"21":4,"22":4,"23":4,"24":1,"25":1,"26":4,"27":4,"28":4,"29":4,"30":0,"31":0,"32":0,"33":0,"34":4,"35":4,"36":4,"37":4,"38":18,"39":4,"40":0,"41":0,"42":0,"43":0,"44":4,"45":4,"46":4,"47":14,"48":14,"49":0,"50":4,"51":1,"52":1,"53":4,"54":4,"55":4,"56":4,"57":4,"58":4,"59":4,"60":4,"61":4,"62":1,"63":1,"64":4,"65":4,"66":4,"67":1,"68":1,"69":1,"70":1,"71":1,"72":1,"73":1,"74":1,"75":1,"76":5,"77":5,"78":5,"79":1},"branchMap":{"0":{"type":"branch","line":6,"loc":{"start":{"line":6,"column":0},"end":{"line":80,"column":1}},"locations":[{"start":{"line":6,"column":0},"end":{"line":80,"column":1}}]},"1":{"type":"branch","line":11,"loc":{"start":{"line":11,"column":1},"end":{"line":14,"column":2}},"locations":[{"start":{"line":11,"column":1},"end":{"line":14,"column":2}}]},"2":{"type":"branch","line":12,"loc":{"start":{"line":12,"column":14},"end":{"line":12,"column":35}},"locations":[{"start":{"line":12,"column":14},"end":{"line":12,"column":35}}]},"3":{"type":"branch","line":13,"loc":{"start":{"line":13,"column":15},"end":{"line":13,"column":38}},"locations":[{"start":{"line":13,"column":15},"end":{"line":13,"column":38}}]},"4":{"type":"branch","line":16,"loc":{"start":{"line":16,"column":1},"end":{"line":24,"column":2}},"locations":[{"start":{"line":16,"column":1},"end":{"line":24,"column":2}}]},"5":{"type":"branch","line":26,"loc":{"start":{"line":26,"column":1},"end":{"line":51,"column":2}},"locations":[{"start":{"line":26,"column":1},"end":{"line":51,"column":2}}]},"6":{"type":"branch","line":27,"loc":{"start":{"line":27,"column":22},"end":{"line":27,"column":70}},"locations":[{"start":{"line":27,"column":22},"end":{"line":27,"column":70}}]},"7":{"type":"branch","line":28,"loc":{"start":{"line":28,"column":6},"end":{"line":28,"column":7}},"locations":[{"start":{"line":28,"column":6},"end":{"line":28,"column":7}}]},"8":{"type":"branch","line":29,"loc":{"start":{"line":29,"column":6},"end":{"line":29,"column":7}},"locations":[{"start":{"line":29,"column":6},"end":{"line":29,"column":7}}]},"9":{"type":"branch","line":29,"loc":{"start":{"line":29,"column":18},"end":{"line":29,"column":50}},"locations":[{"start":{"line":29,"column":18},"end":{"line":29,"column":50}}]},"10":{"type":"branch","line":30,"loc":{"start":{"line":30,"column":20},"end":{"line":34,"column":3}},"locations":[{"start":{"line":30,"column":20},"end":{"line":34,"column":3}}]},"11":{"type":"branch","line":38,"loc":{"start":{"line":38,"column":31},"end":{"line":49,"column":3}},"locations":[{"start":{"line":38,"column":31},"end":{"line":49,"column":3}}]},"12":{"type":"branch","line":39,"loc":{"start":{"line":39,"column":73},"end":{"line":47,"column":4}},"locations":[{"start":{"line":39,"column":73},"end":{"line":47,"column":4}}]},"13":{"type":"branch","line":40,"loc":{"start":{"line":40,"column":45},"end":{"line":44,"column":5}},"locations":[{"start":{"line":40,"column":45},"end":{"line":44,"column":5}}]},"14":{"type":"branch","line":48,"loc":{"start":{"line":48,"column":-1},"end":{"line":49,"column":3}},"locations":[{"start":{"line":48,"column":-1},"end":{"line":49,"column":3}}]},"15":{"type":"branch","line":50,"loc":{"start":{"line":50,"column":-1},"end":{"line":50,"column":69}},"locations":[{"start":{"line":50,"column":-1},"end":{"line":50,"column":69}}]},"16":{"type":"branch","line":53,"loc":{"start":{"line":53,"column":1},"end":{"line":62,"column":2}},"locations":[{"start":{"line":53,"column":1},"end":{"line":62,"column":2}}]},"17":{"type":"branch","line":61,"loc":{"start":{"line":61,"column":2},"end":{"line":61,"column":9}},"locations":[{"start":{"line":61,"column":2},"end":{"line":61,"column":9}}]},"18":{"type":"branch","line":64,"loc":{"start":{"line":64,"column":1},"end":{"line":67,"column":2}},"locations":[{"start":{"line":64,"column":1},"end":{"line":67,"column":2}}]},"19":{"type":"branch","line":65,"loc":{"start":{"line":65,"column":13},"end":{"line":65,"column":32}},"locations":[{"start":{"line":65,"column":13},"end":{"line":65,"column":32}}]},"20":{"type":"branch","line":69,"loc":{"start":{"line":69,"column":1},"end":{"line":74,"column":2}},"locations":[{"start":{"line":69,"column":1},"end":{"line":74,"column":2}}]},"21":{"type":"branch","line":70,"loc":{"start":{"line":70,"column":13},"end":{"line":70,"column":32}},"locations":[{"start":{"line":70,"column":13},"end":{"line":70,"column":32}}]},"22":{"type":"branch","line":71,"loc":{"start":{"line":71,"column":32},"end":{"line":73,"column":3}},"locations":[{"start":{"line":71,"column":32},"end":{"line":73,"column":3}}]},"23":{"type":"branch","line":76,"loc":{"start":{"line":76,"column":1},"end":{"line":79,"column":2}},"locations":[{"start":{"line":76,"column":1},"end":{"line":79,"column":2}}]},"24":{"type":"branch","line":77,"loc":{"start":{"line":77,"column":16},"end":{"line":77,"column":32}},"locations":[{"start":{"line":77,"column":16},"end":{"line":77,"column":32}}]}},"b":{"0":[1],"1":[4],"2":[3],"3":[0],"4":[4],"5":[4],"6":[4],"7":[0],"8":[3],"9":[1],"10":[0],"11":[18],"12":[4],"13":[0],"14":[14],"15":[0],"16":[4],"17":[0],"18":[4],"19":[4],"20":[1],"21":[1],"22":[1],"23":[5],"24":[0]},"fnMap":{"0":{"name":"Assigner","decl":{"start":{"line":11,"column":1},"end":{"line":14,"column":2}},"loc":{"start":{"line":11,"column":1},"end":{"line":14,"column":2}},"line":11},"1":{"name":"Object.<anonymous>.Assigner.assign","decl":{"start":{"line":16,"column":1},"end":{"line":24,"column":2}},"loc":{"start":{"line":16,"column":1},"end":{"line":24,"column":2}},"line":16},"2":{"name":"Object.<anonymous>.Assigner.assign","decl":{"start":{"line":26,"column":1},"end":{"line":51,"column":2}},"loc":{"start":{"line":26,"column":1},"end":{"line":51,"column":2}},"line":26},"3":{"name":"Object.<anonymous>.Assigner.setRole","decl":{"start":{"line":53,"column":1},"end":{"line":62,"column":2}},"loc":{"start":{"line":53,"column":1},"end":{"line":62,"column":2}},"line":53},"4":{"name":"Object.<anonymous>.Assigner.getProfile","decl":{"start":{"line":64,"column":1},"end":{"line":67,"column":2}},"loc":{"start":{"line":64,"column":1},"end":{"line":67,"column":2}},"line":64},"5":{"name":"Object.<anonymous>.Assigner.getStreak","decl":{"start":{"line":69,"column":1},"end":{"line":74,"column":2}},"loc":{"start":{"line":69,"column":1},"end":{"line":74,"column":2}},"line":69},"6":{"name":"Object.<anonymous>.Assigner.getDB","decl":{"start":{"line":76,"column":1},"end":{"line":79,"column":2}},"loc":{"start":{"line":76,"column":1},"end":{"line":79,"column":2}},"line":76}},"f":{"0":4,"1":4,"2":4,"3":4,"4":4,"5":1,"6":5}}
,"C:\\Users\\jeffs\\projects\\dbtc\\src\\lib\\models\\Database.ts": {"path":"C:\\Users\\jeffs\\projects\\dbtc\\src\\lib\\models\\Database.ts","all":true,"statementMap":{"0":{"start":{"line":1,"column":0},"end":{"line":1,"column":70}},"1":{"start":{"line":2,"column":0},"end":{"line":2,"column":34}},"2":{"start":{"line":3,"column":0},"end":{"line":3,"column":44}},"3":{"start":{"line":4,"column":0},"end":{"line":4,"column":0}},"4":{"start":{"line":5,"column":0},"end":{"line":5,"column":27}},"5":{"start":{"line":6,"column":0},"end":{"line":6,"column":28}},"6":{"start":{"line":7,"column":0},"end":{"line":7,"column":1}},"7":{"start":{"line":8,"column":0},"end":{"line":8,"column":0}},"8":{"start":{"line":9,"column":0},"end":{"line":9,"column":23}},"9":{"start":{"line":10,"column":0},"end":{"line":10,"column":27}},"10":{"start":{"line":11,"column":0},"end":{"line":11,"column":31}},"11":{"start":{"line":12,"column":0},"end":{"line":12,"column":36}},"12":{"start":{"line":13,"column":0},"end":{"line":13,"column":0}},"13":{"start":{"line":14,"column":0},"end":{"line":14,"column":28}},"14":{"start":{"line":15,"column":0},"end":{"line":15,"column":25}},"15":{"start":{"line":16,"column":0},"end":{"line":16,"column":27}},"16":{"start":{"line":17,"column":0},"end":{"line":17,"column":25}},"17":{"start":{"line":18,"column":0},"end":{"line":18,"column":37}},"18":{"start":{"line":19,"column":0},"end":{"line":19,"column":12}},"19":{"start":{"line":20,"column":0},"end":{"line":20,"column":22}},"20":{"start":{"line":21,"column":0},"end":{"line":21,"column":28}},"21":{"start":{"line":22,"column":0},"end":{"line":22,"column":24}},"22":{"start":{"line":23,"column":0},"end":{"line":23,"column":18}},"23":{"start":{"line":24,"column":0},"end":{"line":24,"column":32}},"24":{"start":{"line":25,"column":0},"end":{"line":25,"column":6}},"25":{"start":{"line":26,"column":0},"end":{"line":26,"column":6}},"26":{"start":{"line":27,"column":0},"end":{"line":27,"column":5}},"27":{"start":{"line":28,"column":0},"end":{"line":28,"column":2}},"28":{"start":{"line":29,"column":0},"end":{"line":29,"column":0}},"29":{"start":{"line":30,"column":0},"end":{"line":30,"column":44}},"30":{"start":{"line":31,"column":0},"end":{"line":31,"column":28}},"31":{"start":{"line":32,"column":0},"end":{"line":32,"column":28}},"32":{"start":{"line":33,"column":0},"end":{"line":33,"column":61}},"33":{"start":{"line":34,"column":0},"end":{"line":34,"column":8}},"34":{"start":{"line":35,"column":0},"end":{"line":35,"column":28}},"35":{"start":{"line":36,"column":0},"end":{"line":36,"column":68}},"36":{"start":{"line":37,"column":0},"end":{"line":37,"column":8}},"37":{"start":{"line":38,"column":0},"end":{"line":38,"column":30}},"38":{"start":{"line":39,"column":0},"end":{"line":39,"column":57}},"39":{"start":{"line":40,"column":0},"end":{"line":40,"column":8}},"40":{"start":{"line":41,"column":0},"end":{"line":41,"column":12}},"41":{"start":{"line":42,"column":0},"end":{"line":42,"column":2}},"42":{"start":{"line":43,"column":0},"end":{"line":43,"column":0}},"43":{"start":{"line":44,"column":0},"end":{"line":44,"column":66}},"44":{"start":{"line":45,"column":0},"end":{"line":45,"column":21}},"45":{"start":{"line":46,"column":0},"end":{"line":46,"column":34}},"46":{"start":{"line":47,"column":0},"end":{"line":47,"column":33}},"47":{"start":{"line":48,"column":0},"end":{"line":48,"column":29}},"48":{"start":{"line":49,"column":0},"end":{"line":49,"column":4}},"49":{"start":{"line":50,"column":0},"end":{"line":50,"column":5}},"50":{"start":{"line":51,"column":0},"end":{"line":51,"column":16}},"51":{"start":{"line":52,"column":0},"end":{"line":52,"column":2}},"52":{"start":{"line":53,"column":0},"end":{"line":53,"column":1}},"53":{"start":{"line":54,"column":0},"end":{"line":54,"column":0}},"54":{"start":{"line":55,"column":0},"end":{"line":55,"column":26}},"55":{"start":{"line":56,"column":0},"end":{"line":56,"column":18}},"56":{"start":{"line":57,"column":0},"end":{"line":57,"column":0}},"57":{"start":{"line":58,"column":0},"end":{"line":58,"column":44}},"58":{"start":{"line":59,"column":0},"end":{"line":59,"column":27}},"59":{"start":{"line":60,"column":0},"end":{"line":60,"column":2}},"60":{"start":{"line":61,"column":0},"end":{"line":61,"column":0}},"61":{"start":{"line":62,"column":0},"end":{"line":62,"column":49}},"62":{"start":{"line":63,"column":0},"end":{"line":63,"column":55}},"63":{"start":{"line":64,"column":0},"end":{"line":64,"column":53}},"64":{"start":{"line":65,"column":0},"end":{"line":65,"column":25}},"65":{"start":{"line":66,"column":0},"end":{"line":66,"column":14}},"66":{"start":{"line":67,"column":0},"end":{"line":67,"column":6}},"67":{"start":{"line":68,"column":0},"end":{"line":68,"column":5}},"68":{"start":{"line":69,"column":0},"end":{"line":69,"column":2}},"69":{"start":{"line":70,"column":0},"end":{"line":70,"column":0}},"70":{"start":{"line":71,"column":0},"end":{"line":71,"column":41}},"71":{"start":{"line":72,"column":0},"end":{"line":72,"column":58}},"72":{"start":{"line":73,"column":0},"end":{"line":73,"column":67}},"73":{"start":{"line":74,"column":0},"end":{"line":74,"column":28}},"74":{"start":{"line":75,"column":0},"end":{"line":75,"column":23}},"75":{"start":{"line":76,"column":0},"end":{"line":76,"column":6}},"76":{"start":{"line":77,"column":0},"end":{"line":77,"column":5}},"77":{"start":{"line":78,"column":0},"end":{"line":78,"column":41}},"78":{"start":{"line":79,"column":0},"end":{"line":79,"column":58}},"79":{"start":{"line":80,"column":0},"end":{"line":80,"column":49}},"80":{"start":{"line":81,"column":0},"end":{"line":81,"column":25}},"81":{"start":{"line":82,"column":0},"end":{"line":82,"column":34}},"82":{"start":{"line":83,"column":0},"end":{"line":83,"column":5}},"83":{"start":{"line":84,"column":0},"end":{"line":84,"column":4}},"84":{"start":{"line":85,"column":0},"end":{"line":85,"column":51}},"85":{"start":{"line":86,"column":0},"end":{"line":86,"column":2}},"86":{"start":{"line":87,"column":0},"end":{"line":87,"column":0}},"87":{"start":{"line":88,"column":0},"end":{"line":88,"column":35}},"88":{"start":{"line":89,"column":0},"end":{"line":89,"column":43}},"89":{"start":{"line":90,"column":0},"end":{"line":90,"column":27}},"90":{"start":{"line":91,"column":0},"end":{"line":91,"column":23}},"91":{"start":{"line":92,"column":0},"end":{"line":92,"column":23}},"92":{"start":{"line":93,"column":0},"end":{"line":93,"column":20}},"93":{"start":{"line":94,"column":0},"end":{"line":94,"column":19}},"94":{"start":{"line":95,"column":0},"end":{"line":95,"column":8}},"95":{"start":{"line":96,"column":0},"end":{"line":96,"column":20}},"96":{"start":{"line":97,"column":0},"end":{"line":97,"column":22}},"97":{"start":{"line":98,"column":0},"end":{"line":98,"column":22}},"98":{"start":{"line":99,"column":0},"end":{"line":99,"column":14}},"99":{"start":{"line":100,"column":0},"end":{"line":100,"column":51}},"100":{"start":{"line":101,"column":0},"end":{"line":101,"column":47}},"101":{"start":{"line":102,"column":0},"end":{"line":102,"column":25}},"102":{"start":{"line":103,"column":0},"end":{"line":103,"column":22}},"103":{"start":{"line":104,"column":0},"end":{"line":104,"column":6}},"104":{"start":{"line":105,"column":0},"end":{"line":105,"column":5}},"105":{"start":{"line":106,"column":0},"end":{"line":106,"column":2}},"106":{"start":{"line":107,"column":0},"end":{"line":107,"column":1}}},"s":{"0":0,"1":0,"2":0,"3":0,"4":0,"5":0,"6":0,"7":0,"8":0,"9":0,"10":0,"11":0,"12":0,"13":0,"14":0,"15":0,"16":0,"17":0,"18":0,"19":0,"20":0,"21":0,"22":0,"23":0,"24":0,"25":0,"26":0,"27":0,"28":0,"29":0,"30":0,"31":0,"32":0,"33":0,"34":0,"35":0,"36":0,"37":0,"38":0,"39":0,"40":0,"41":0,"42":0,"43":0,"44":0,"45":0,"46":0,"47":0,"48":0,"49":0,"50":0,"51":0,"52":0,"53":0,"54":0,"55":0,"56":0,"57":0,"58":0,"59":0,"60":0,"61":0,"62":0,"63":0,"64":0,"65":0,"66":0,"67":0,"68":0,"69":0,"70":0,"71":0,"72":0,"73":0,"74":0,"75":0,"76":0,"77":0,"78":0,"79":0,"80":0,"81":0,"82":0,"83":0,"84":0,"85":0,"86":0,"87":0,"88":0,"89":0,"90":0,"91":0,"92":0,"93":0,"94":0,"95":0,"96":0,"97":0,"98":0,"99":0,"100":0,"101":0,"102":0,"103":0,"104":0,"105":0,"106":0},"branchMap":{"0":{"type":"branch","line":1,"loc":{"start":{"line":1,"column":0},"end":{"line":107,"column":1}},"locations":[{"start":{"line":1,"column":0},"end":{"line":107,"column":1}}]}},"b":{"0":[0]},"fnMap":{"0":{"name":"(empty-report)","decl":{"start":{"line":1,"column":0},"end":{"line":107,"column":1}},"loc":{"start":{"line":1,"column":0},"end":{"line":107,"column":1}},"line":1}},"f":{"0":0}}
,"C:\\Users\\jeffs\\projects\\dbtc\\src\\lib\\models\\Initializer.ts": {"path":"C:\\Users\\jeffs\\projects\\dbtc\\src\\lib\\models\\Initializer.ts","all":false,"statementMap":{"0":{"start":{"line":1,"column":0},"end":{"line":1,"column":8}},"1":{"start":{"line":2,"column":0},"end":{"line":2,"column":9}},"2":{"start":{"line":3,"column":0},"end":{"line":3,"column":6}},"3":{"start":{"line":4,"column":0},"end":{"line":4,"column":10}},"4":{"start":{"line":5,"column":0},"end":{"line":5,"column":9}},"5":{"start":{"line":6,"column":0},"end":{"line":6,"column":13}},"6":{"start":{"line":7,"column":0},"end":{"line":7,"column":7}},"7":{"start":{"line":8,"column":0},"end":{"line":8,"column":20}},"8":{"start":{"line":9,"column":0},"end":{"line":9,"column":41}},"9":{"start":{"line":10,"column":0},"end":{"line":10,"column":0}},"10":{"start":{"line":11,"column":0},"end":{"line":11,"column":35}},"11":{"start":{"line":12,"column":0},"end":{"line":12,"column":23}},"12":{"start":{"line":13,"column":0},"end":{"line":13,"column":1}},"13":{"start":{"line":14,"column":0},"end":{"line":14,"column":32}},"14":{"start":{"line":15,"column":0},"end":{"line":15,"column":34}},"15":{"start":{"line":16,"column":0},"end":{"line":16,"column":18}},"16":{"start":{"line":17,"column":0},"end":{"line":17,"column":29}},"17":{"start":{"line":18,"column":0},"end":{"line":18,"column":26}},"18":{"start":{"line":19,"column":0},"end":{"line":19,"column":39}},"19":{"start":{"line":20,"column":0},"end":{"line":20,"column":17}},"20":{"start":{"line":21,"column":0},"end":{"line":21,"column":28}},"21":{"start":{"line":22,"column":0},"end":{"line":22,"column":22}},"22":{"start":{"line":23,"column":0},"end":{"line":23,"column":23}},"23":{"start":{"line":24,"column":0},"end":{"line":24,"column":24}},"24":{"start":{"line":25,"column":0},"end":{"line":25,"column":24}},"25":{"start":{"line":26,"column":0},"end":{"line":26,"column":24}},"26":{"start":{"line":27,"column":0},"end":{"line":27,"column":32}},"27":{"start":{"line":28,"column":0},"end":{"line":28,"column":33}},"28":{"start":{"line":29,"column":0},"end":{"line":29,"column":24}},"29":{"start":{"line":30,"column":0},"end":{"line":30,"column":37}},"30":{"start":{"line":31,"column":0},"end":{"line":31,"column":49}},"31":{"start":{"line":32,"column":0},"end":{"line":32,"column":3}},"32":{"start":{"line":33,"column":0},"end":{"line":33,"column":0}},"33":{"start":{"line":34,"column":0},"end":{"line":34,"column":46}},"34":{"start":{"line":35,"column":0},"end":{"line":35,"column":39}},"35":{"start":{"line":36,"column":0},"end":{"line":36,"column":2}},"36":{"start":{"line":37,"column":0},"end":{"line":37,"column":0}},"37":{"start":{"line":38,"column":0},"end":{"line":38,"column":78}},"38":{"start":{"line":39,"column":0},"end":{"line":39,"column":59}},"39":{"start":{"line":40,"column":0},"end":{"line":40,"column":22}},"40":{"start":{"line":41,"column":0},"end":{"line":41,"column":4}},"41":{"start":{"line":42,"column":0},"end":{"line":42,"column":54}},"42":{"start":{"line":43,"column":0},"end":{"line":43,"column":71}},"43":{"start":{"line":44,"column":0},"end":{"line":44,"column":3}},"44":{"start":{"line":45,"column":0},"end":{"line":45,"column":59}},"45":{"start":{"line":46,"column":0},"end":{"line":46,"column":25}},"46":{"start":{"line":47,"column":0},"end":{"line":47,"column":20}},"47":{"start":{"line":48,"column":0},"end":{"line":48,"column":61}},"48":{"start":{"line":49,"column":0},"end":{"line":49,"column":4}},"49":{"start":{"line":50,"column":0},"end":{"line":50,"column":36}},"50":{"start":{"line":51,"column":0},"end":{"line":51,"column":34}},"51":{"start":{"line":52,"column":0},"end":{"line":52,"column":23}},"52":{"start":{"line":53,"column":0},"end":{"line":53,"column":25}},"53":{"start":{"line":54,"column":0},"end":{"line":54,"column":14}},"54":{"start":{"line":55,"column":0},"end":{"line":55,"column":2}},"55":{"start":{"line":56,"column":0},"end":{"line":56,"column":0}},"56":{"start":{"line":57,"column":0},"end":{"line":57,"column":66}},"57":{"start":{"line":58,"column":0},"end":{"line":58,"column":46}},"58":{"start":{"line":59,"column":0},"end":{"line":59,"column":2}},"59":{"start":{"line":60,"column":0},"end":{"line":60,"column":0}},"60":{"start":{"line":61,"column":0},"end":{"line":61,"column":67}},"61":{"start":{"line":62,"column":0},"end":{"line":62,"column":76}},"62":{"start":{"line":63,"column":0},"end":{"line":63,"column":20}},"63":{"start":{"line":64,"column":0},"end":{"line":64,"column":5}},"64":{"start":{"line":65,"column":0},"end":{"line":65,"column":59}},"65":{"start":{"line":66,"column":0},"end":{"line":66,"column":37}},"66":{"start":{"line":67,"column":0},"end":{"line":67,"column":45}},"67":{"start":{"line":68,"column":0},"end":{"line":68,"column":49}},"68":{"start":{"line":69,"column":0},"end":{"line":69,"column":14}},"69":{"start":{"line":70,"column":0},"end":{"line":70,"column":5}},"70":{"start":{"line":71,"column":0},"end":{"line":71,"column":2}},"71":{"start":{"line":72,"column":0},"end":{"line":72,"column":1}},"72":{"start":{"line":73,"column":0},"end":{"line":73,"column":0}},"73":{"start":{"line":74,"column":0},"end":{"line":74,"column":26}},"74":{"start":{"line":75,"column":0},"end":{"line":75,"column":16}},"75":{"start":{"line":76,"column":0},"end":{"line":76,"column":22}},"76":{"start":{"line":77,"column":0},"end":{"line":77,"column":21}},"77":{"start":{"line":78,"column":0},"end":{"line":78,"column":27}},"78":{"start":{"line":79,"column":0},"end":{"line":79,"column":16}},"79":{"start":{"line":80,"column":0},"end":{"line":80,"column":19}},"80":{"start":{"line":81,"column":0},"end":{"line":81,"column":21}},"81":{"start":{"line":82,"column":0},"end":{"line":82,"column":0}},"82":{"start":{"line":83,"column":0},"end":{"line":83,"column":28}},"83":{"start":{"line":84,"column":0},"end":{"line":84,"column":15}},"84":{"start":{"line":85,"column":0},"end":{"line":85,"column":14}},"85":{"start":{"line":86,"column":0},"end":{"line":86,"column":4}},"86":{"start":{"line":87,"column":0},"end":{"line":87,"column":18}},"87":{"start":{"line":88,"column":0},"end":{"line":88,"column":14}},"88":{"start":{"line":89,"column":0},"end":{"line":89,"column":15}},"89":{"start":{"line":90,"column":0},"end":{"line":90,"column":16}},"90":{"start":{"line":91,"column":0},"end":{"line":91,"column":4}},"91":{"start":{"line":92,"column":0},"end":{"line":92,"column":2}},"92":{"start":{"line":93,"column":0},"end":{"line":93,"column":0}},"93":{"start":{"line":94,"column":0},"end":{"line":94,"column":48}},"94":{"start":{"line":95,"column":0},"end":{"line":95,"column":56}},"95":{"start":{"line":96,"column":0},"end":{"line":96,"column":55}},"96":{"start":{"line":97,"column":0},"end":{"line":97,"column":9}},"97":{"start":{"line":98,"column":0},"end":{"line":98,"column":21}},"98":{"start":{"line":99,"column":0},"end":{"line":99,"column":4}},"99":{"start":{"line":100,"column":0},"end":{"line":100,"column":2}},"100":{"start":{"line":101,"column":0},"end":{"line":101,"column":0}},"101":{"start":{"line":102,"column":0},"end":{"line":102,"column":52}},"102":{"start":{"line":103,"column":0},"end":{"line":103,"column":49}},"103":{"start":{"line":104,"column":0},"end":{"line":104,"column":24}},"104":{"start":{"line":105,"column":0},"end":{"line":105,"column":14}},"105":{"start":{"line":106,"column":0},"end":{"line":106,"column":2}},"106":{"start":{"line":107,"column":0},"end":{"line":107,"column":0}},"107":{"start":{"line":108,"column":0},"end":{"line":108,"column":70}},"108":{"start":{"line":109,"column":0},"end":{"line":109,"column":76}},"109":{"start":{"line":110,"column":0},"end":{"line":110,"column":51}},"110":{"start":{"line":111,"column":0},"end":{"line":111,"column":39}},"111":{"start":{"line":112,"column":0},"end":{"line":112,"column":4}},"112":{"start":{"line":113,"column":0},"end":{"line":113,"column":77}},"113":{"start":{"line":114,"column":0},"end":{"line":114,"column":17}},"114":{"start":{"line":115,"column":0},"end":{"line":115,"column":2}},"115":{"start":{"line":116,"column":0},"end":{"line":116,"column":0}},"116":{"start":{"line":117,"column":0},"end":{"line":117,"column":22}},"117":{"start":{"line":118,"column":0},"end":{"line":118,"column":31}},"118":{"start":{"line":119,"column":0},"end":{"line":119,"column":29}},"119":{"start":{"line":120,"column":0},"end":{"line":120,"column":48}},"120":{"start":{"line":121,"column":0},"end":{"line":121,"column":62}},"121":{"start":{"line":122,"column":0},"end":{"line":122,"column":29}},"122":{"start":{"line":123,"column":0},"end":{"line":123,"column":6}},"123":{"start":{"line":124,"column":0},"end":{"line":124,"column":36}},"124":{"start":{"line":125,"column":0},"end":{"line":125,"column":62}},"125":{"start":{"line":126,"column":0},"end":{"line":126,"column":4}},"126":{"start":{"line":127,"column":0},"end":{"line":127,"column":4}},"127":{"start":{"line":128,"column":0},"end":{"line":128,"column":47}},"128":{"start":{"line":129,"column":0},"end":{"line":129,"column":15}},"129":{"start":{"line":130,"column":0},"end":{"line":130,"column":67}},"130":{"start":{"line":131,"column":0},"end":{"line":131,"column":14}},"131":{"start":{"line":132,"column":0},"end":{"line":132,"column":9}},"132":{"start":{"line":133,"column":0},"end":{"line":133,"column":53}},"133":{"start":{"line":134,"column":0},"end":{"line":134,"column":33}},"134":{"start":{"line":135,"column":0},"end":{"line":135,"column":41}},"135":{"start":{"line":136,"column":0},"end":{"line":136,"column":25}},"136":{"start":{"line":137,"column":0},"end":{"line":137,"column":28}},"137":{"start":{"line":138,"column":0},"end":{"line":138,"column":11}},"138":{"start":{"line":139,"column":0},"end":{"line":139,"column":45}},"139":{"start":{"line":140,"column":0},"end":{"line":140,"column":22}},"140":{"start":{"line":141,"column":0},"end":{"line":141,"column":68}},"141":{"start":{"line":142,"column":0},"end":{"line":142,"column":16}},"142":{"start":{"line":143,"column":0},"end":{"line":143,"column":9}},"143":{"start":{"line":144,"column":0},"end":{"line":144,"column":8}},"144":{"start":{"line":145,"column":0},"end":{"line":145,"column":4}},"145":{"start":{"line":146,"column":0},"end":{"line":146,"column":2}},"146":{"start":{"line":147,"column":0},"end":{"line":147,"column":0}},"147":{"start":{"line":148,"column":0},"end":{"line":148,"column":66}},"148":{"start":{"line":149,"column":0},"end":{"line":149,"column":31}},"149":{"start":{"line":150,"column":0},"end":{"line":150,"column":29}},"150":{"start":{"line":151,"column":0},"end":{"line":151,"column":78}},"151":{"start":{"line":152,"column":0},"end":{"line":152,"column":20}},"152":{"start":{"line":153,"column":0},"end":{"line":153,"column":21}},"153":{"start":{"line":154,"column":0},"end":{"line":154,"column":2}},"154":{"start":{"line":155,"column":0},"end":{"line":155,"column":1}}},"s":{"0":1,"1":1,"2":1,"3":1,"4":1,"5":1,"6":1,"7":1,"8":1,"9":1,"10":1,"11":1,"12":1,"13":1,"14":1,"15":1,"16":1,"17":1,"18":1,"19":1,"20":1,"21":1,"22":1,"23":1,"24":1,"25":1,"26":1,"27":1,"28":1,"29":1,"30":1,"31":1,"32":1,"33":1,"34":0,"35":0,"36":1,"37":1,"38":0,"39":0,"40":0,"41":0,"42":0,"43":0,"44":0,"45":0,"46":0,"47":0,"48":0,"49":0,"50":0,"51":0,"52":0,"53":0,"54":0,"55":1,"56":1,"57":0,"58":0,"59":1,"60":1,"61":0,"62":0,"63":0,"64":0,"65":0,"66":0,"67":0,"68":0,"69":0,"70":0,"71":1,"72":1,"73":1,"74":1,"75":1,"76":1,"77":1,"78":1,"79":1,"80":1,"81":1,"82":1,"83":0,"84":0,"85":0,"86":0,"87":0,"88":0,"89":0,"90":0,"91":0,"92":1,"93":1,"94":0,"95":0,"96":0,"97":0,"98":0,"99":0,"100":1,"101":1,"102":0,"103":0,"104":0,"105":0,"106":1,"107":1,"108":0,"109":0,"110":0,"111":0,"112":0,"113":0,"114":0,"115":1,"116":1,"117":0,"118":0,"119":0,"120":0,"121":0,"122":0,"123":0,"124":0,"125":0,"126":0,"127":0,"128":0,"129":0,"130":0,"131":0,"132":0,"133":0,"134":0,"135":0,"136":0,"137":0,"138":0,"139":0,"140":0,"141":0,"142":0,"143":0,"144":0,"145":0,"146":1,"147":1,"148":0,"149":0,"150":0,"151":0,"152":0,"153":0,"154":1},"branchMap":{"0":{"type":"branch","line":15,"loc":{"start":{"line":15,"column":0},"end":{"line":72,"column":1}},"locations":[{"start":{"line":15,"column":0},"end":{"line":72,"column":1}}]},"1":{"type":"branch","line":74,"loc":{"start":{"line":74,"column":0},"end":{"line":155,"column":1}},"locations":[{"start":{"line":74,"column":0},"end":{"line":155,"column":1}}]}},"b":{"0":[1],"1":[1]},"fnMap":{"0":{"name":"Initializer","decl":{"start":{"line":34,"column":1},"end":{"line":36,"column":2}},"loc":{"start":{"line":34,"column":1},"end":{"line":36,"column":2}},"line":34},"1":{"name":"Object.<anonymous>.Initializer.initialize","decl":{"start":{"line":38,"column":1},"end":{"line":55,"column":2}},"loc":{"start":{"line":38,"column":1},"end":{"line":55,"column":2}},"line":38},"2":{"name":"Object.<anonymous>.Initializer.initializeGroup","decl":{"start":{"line":57,"column":1},"end":{"line":59,"column":2}},"loc":{"start":{"line":57,"column":1},"end":{"line":59,"column":2}},"line":57},"3":{"name":"Object.<anonymous>.Initializer.generateStreakGroup","decl":{"start":{"line":61,"column":1},"end":{"line":71,"column":2}},"loc":{"start":{"line":61,"column":1},"end":{"line":71,"column":2}},"line":61},"4":{"name":"StreakGroup","decl":{"start":{"line":83,"column":1},"end":{"line":92,"column":2}},"loc":{"start":{"line":83,"column":1},"end":{"line":92,"column":2}},"line":83},"5":{"name":"Object.<anonymous>.StreakGroup.initialize","decl":{"start":{"line":94,"column":1},"end":{"line":100,"column":2}},"loc":{"start":{"line":94,"column":1},"end":{"line":100,"column":2}},"line":94},"6":{"name":"Object.<anonymous>.StreakGroup.initializeRole","decl":{"start":{"line":102,"column":1},"end":{"line":106,"column":2}},"loc":{"start":{"line":102,"column":1},"end":{"line":106,"column":2}},"line":102},"7":{"name":"Object.<anonymous>.StreakGroup.initializeChannel","decl":{"start":{"line":108,"column":1},"end":{"line":115,"column":2}},"loc":{"start":{"line":108,"column":1},"end":{"line":115,"column":2}},"line":108},"8":{"name":"Object.<anonymous>.StreakGroup.list","decl":{"start":{"line":117,"column":1},"end":{"line":146,"column":2}},"loc":{"start":{"line":117,"column":1},"end":{"line":146,"column":2}},"line":117},"9":{"name":"Object.<anonymous>.StreakGroup.changeStreakInterval","decl":{"start":{"line":148,"column":1},"end":{"line":154,"column":2}},"loc":{"start":{"line":148,"column":1},"end":{"line":154,"column":2}},"line":148}},"f":{"0":0,"1":0,"2":0,"3":0,"4":0,"5":0,"6":0,"7":0,"8":0,"9":0}}
,"C:\\Users\\jeffs\\projects\\dbtc\\src\\lib\\models\\Rank.ts": {"path":"C:\\Users\\jeffs\\projects\\dbtc\\src\\lib\\models\\Rank.ts","all":false,"statementMap":{"0":{"start":{"line":1,"column":0},"end":{"line":1,"column":51}},"1":{"start":{"line":2,"column":0},"end":{"line":2,"column":37}},"2":{"start":{"line":3,"column":0},"end":{"line":3,"column":0}},"3":{"start":{"line":4,"column":0},"end":{"line":4,"column":27}},"4":{"start":{"line":5,"column":0},"end":{"line":5,"column":14}},"5":{"start":{"line":6,"column":0},"end":{"line":6,"column":28}},"6":{"start":{"line":7,"column":0},"end":{"line":7,"column":15}},"7":{"start":{"line":8,"column":0},"end":{"line":8,"column":2}},"8":{"start":{"line":9,"column":0},"end":{"line":9,"column":0}},"9":{"start":{"line":10,"column":0},"end":{"line":10,"column":32}},"10":{"start":{"line":11,"column":0},"end":{"line":11,"column":43}},"11":{"start":{"line":12,"column":0},"end":{"line":12,"column":52}},"12":{"start":{"line":13,"column":0},"end":{"line":13,"column":4}},"13":{"start":{"line":14,"column":0},"end":{"line":14,"column":2}},"14":{"start":{"line":15,"column":0},"end":{"line":15,"column":0}},"15":{"start":{"line":16,"column":0},"end":{"line":16,"column":21}},"16":{"start":{"line":17,"column":0},"end":{"line":17,"column":41}},"17":{"start":{"line":18,"column":0},"end":{"line":18,"column":38}},"18":{"start":{"line":19,"column":0},"end":{"line":19,"column":38}},"19":{"start":{"line":20,"column":0},"end":{"line":20,"column":12}},"20":{"start":{"line":21,"column":0},"end":{"line":21,"column":5}},"21":{"start":{"line":22,"column":0},"end":{"line":22,"column":2}},"22":{"start":{"line":23,"column":0},"end":{"line":23,"column":0}},"23":{"start":{"line":24,"column":0},"end":{"line":24,"column":62}},"24":{"start":{"line":25,"column":0},"end":{"line":25,"column":47}},"25":{"start":{"line":26,"column":0},"end":{"line":26,"column":41}},"26":{"start":{"line":27,"column":0},"end":{"line":27,"column":36}},"27":{"start":{"line":28,"column":0},"end":{"line":28,"column":21}},"28":{"start":{"line":29,"column":0},"end":{"line":29,"column":34}},"29":{"start":{"line":30,"column":0},"end":{"line":30,"column":65}},"30":{"start":{"line":31,"column":0},"end":{"line":31,"column":71}},"31":{"start":{"line":32,"column":0},"end":{"line":32,"column":40}},"32":{"start":{"line":33,"column":0},"end":{"line":33,"colu
[...]
95,"column":40}},"95":{"start":{"line":96,"column":0},"end":{"line":96,"column":39}},"96":{"start":{"line":97,"column":0},"end":{"line":97,"column":42}},"97":{"start":{"line":98,"column":0},"end":{"line":98,"column":5}},"98":{"start":{"line":99,"column":0},"end":{"line":99,"column":23}},"99":{"start":{"line":100,"column":0},"end":{"line":100,"column":30}},"100":{"start":{"line":101,"column":0},"end":{"line":101,"column":43}},"101":{"start":{"line":102,"column":0},"end":{"line":102,"column":40}},"102":{"start":{"line":103,"column":0},"end":{"line":103,"column":14}},"103":{"start":{"line":104,"column":0},"end":{"line":104,"column":12}},"104":{"start":{"line":105,"column":0},"end":{"line":105,"column":51}},"105":{"start":{"line":106,"column":0},"end":{"line":106,"column":43}},"106":{"start":{"line":107,"column":0},"end":{"line":107,"column":7}},"107":{"start":{"line":108,"column":0},"end":{"line":108,"column":13}},"108":{"start":{"line":109,"column":0},"end":{"line":109,"column":25}},"109":{"start":{"line":110,"column":0},"end":{"line":110,"column":42}},"110":{"start":{"line":111,"column":0},"end":{"line":111,"column":13}},"111":{"start":{"line":112,"column":0},"end":{"line":112,"column":34}},"112":{"start":{"line":113,"column":0},"end":{"line":113,"column":44}},"113":{"start":{"line":114,"column":0},"end":{"line":114,"column":69}},"114":{"start":{"line":115,"column":0},"end":{"line":115,"column":7}},"115":{"start":{"line":116,"column":0},"end":{"line":116,"column":5}},"116":{"start":{"line":117,"column":0},"end":{"line":117,"column":4}},"117":{"start":{"line":118,"column":0},"end":{"line":118,"column":49}},"118":{"start":{"line":119,"column":0},"end":{"line":119,"column":3}},"119":{"start":{"line":120,"column":0},"end":{"line":120,"column":19}},"120":{"start":{"line":121,"column":0},"end":{"line":121,"column":0}},"121":{"start":{"line":122,"column":0},"end":{"line":122,"column":20}},"122":{"start":{"line":123,"column":0},"end":{"line":123,"column":21}},"123":{"start":{"line":124,"column":0},"end":{"line":124,"column":35}},"124":{"start":{"line":125,"column":0},"end":{"line":125,"column":71}},"125":{"start":{"line":126,"column":0},"end":{"line":126,"column":6}},"126":{"start":{"line":127,"column":0},"end":{"line":127,"column":4}},"127":{"start":{"line":128,"column":0},"end":{"line":128,"column":15}},"128":{"start":{"line":129,"column":0},"end":{"line":129,"column":10}},"129":{"start":{"line":130,"column":0},"end":{"line":130,"column":19}},"130":{"start":{"line":131,"column":0},"end":{"line":131,"column":58}},"131":{"start":{"line":132,"column":0},"end":{"line":132,"column":4}},"132":{"start":{"line":133,"column":0},"end":{"line":133,"column":2}},"133":{"start":{"line":134,"column":0},"end":{"line":134,"column":0}},"134":{"start":{"line":135,"column":0},"end":{"line":135,"column":25}},"135":{"start":{"line":136,"column":0},"end":{"line":136,"column":19}},"136":{"start":{"line":137,"column":0},"end":{"line":137,"column":20}},"137":{"start":{"line":138,"column":0},"end":{"line":138,"column":18}},"138":{"start":{"line":139,"column":0},"end":{"line":139,"column":4}},"139":{"start":{"line":140,"column":0},"end":{"line":140,"column":36}},"140":{"start":{"line":141,"column":0},"end":{"line":141,"column":34}},"141":{"start":{"line":142,"column":0},"end":{"line":142,"column":28}},"142":{"start":{"line":143,"column":0},"end":{"line":143,"column":19}},"143":{"start":{"line":144,"column":0},"end":{"line":144,"column":31}},"144":{"start":{"line":145,"column":0},"end":{"line":145,"column":9}},"145":{"start":{"line":146,"column":0},"end":{"line":146,"column":28}},"146":{"start":{"line":147,"column":0},"end":{"line":147,"column":21}},"147":{"start":{"line":148,"column":0},"end":{"line":148,"column":38}},"148":{"start":{"line":149,"column":0},"end":{"line":149,"column":12}},"149":{"start":{"line":150,"column":0},"end":{"line":150,"column":53}},"150":{"start":{"line":151,"column":0},"end":{"line":151,"column":37}},"151":{"start":{"line":152,"column":0},"end":{"line":152,"column":7}},"152":{"start":{"line":153,"column":0},"end":{"line":153,"column":19}},"153":{"start":{"line":154,"column":0},"end":{"line":154,"column":6}},"154":{"start":{"line":155,"column":0},"end":{"line":155,"column":4}},"155":{"start":{"line":156,"column":0},"end":{"line":156,"column":20}},"156":{"start":{"line":157,"column":0},"end":{"line":157,"column":34}},"157":{"start":{"line":158,"column":0},"end":{"line":158,"column":32}},"158":{"start":{"line":159,"column":0},"end":{"line":159,"column":14}},"159":{"start":{"line":160,"column":0},"end":{"line":160,"column":5}},"160":{"start":{"line":161,"column":0},"end":{"line":161,"column":22}},"161":{"start":{"line":162,"column":0},"end":{"line":162,"column":35}},"162":{"start":{"line":163,"column":0},"end":{"line":163,"column":58}},"163":{"start":{"line":164,"column":0},"end":{"line":164,"column":4}},"164":{"start":{"line":165,"column":0},"end":{"line":165,"column":4}},"165":{"start":{"line":166,"column":0},"end":{"line":166,"column":10}},"166":{"start":{"line":167,"column":0},"end":{"line":167,"column":10}},"167":{"start":{"line":168,"column":0},"end":{"line":168,"column":10}},"168":{"start":{"line":169,"column":0},"end":{"line":169,"column":22}},"169":{"start":{"line":170,"column":0},"end":{"line":170,"column":75}},"170":{"start":{"line":171,"column":0},"end":{"line":171,"column":71}},"171":{"start":{"line":172,"column":0},"end":{"line":172,"column":54}},"172":{"start":{"line":173,"column":0},"end":{"line":173,"column":78}},"173":{"start":{"line":174,"column":0},"end":{"line":174,"column":6}},"174":{"start":{"line":175,"column":0},"end":{"line":175,"column":17}},"175":{"start":{"line":176,"column":0},"end":{"line":176,"column":8}},"176":{"start":{"line":177,"column":0},"end":{"line":177,"column":4}},"177":{"start":{"line":178,"column":0},"end":{"line":178,"column":2}},"178":{"start":{"line":179,"column":0},"end":{"line":179,"column":1}}},"s":{"0":1,"1":1,"2":1,"3":1,"4":1,"5":1,"6":1,"7":1,"8":1,"9":1,"10":1,"11":46,"12":46,"13":46,"14":46,"15":46,"16":46,"17":46,"18":3,"19":3,"20":3,"21":3,"22":3,"23":3,"24":3,"25":3,"26":3,"27":3,"28":3,"29":3,"30":3,"31":3,"32":3,"33":3,"34":3,"35":3,"36":3,"37":3,"38":46,"39":46,"40":1,"41":1,"42":1,"43":1,"44":1,"45":0,"46":0,"47":1,"48":1,"49":1,"50":1,"51":46,"52":46,"53":4,"54":4,"55":4,"56":4,"57":4,"58":4,"59":4,"60":4,"61":46,"62":46,"63":0,"64":0,"65":0,"66":0,"67":0,"68":46,"69":46,"70":4,"71":4,"72":4,"73":46,"74":46,"75":3,"76":3,"77":3,"78":3,"79":3,"80":3,"81":3,"82":46,"83":46,"84":8,"85":8,"86":46,"87":46,"88":0,"89":0,"90":0,"91":0,"92":0,"93":0,"94":0,"95":0,"96":0,"97":0,"98":0,"99":0,"100":0,"101":0,"102":0,"103":0,"104":0,"105":0,"106":0,"107":0,"108":0,"109":0,"110":0,"111":0,"112":0,"113":0,"114":0,"115":0,"116":0,"117":0,"118":0,"119":0,"120":0,"121":0,"122":0,"123":0,"124":0,"125":0,"126":0,"127":0,"128":0,"129":0,"130":0,"131":0,"132":0,"133":46,"134":46,"135":0,"136":0,"137":0,"138":0,"139":0,"140":0,"141":0,"142":0,"143":0,"144":0,"145":0,"146":0,"147":0,"148":0,"149":0,"150":0,"151":0,"152":0,"153":0,"154":0,"155":0,"156":0,"157":0,"158":0,"159":0,"160":0,"161":0,"162":0,"163":0,"164":0,"165":0,"166":0,"167":0,"168":0,"169":0,"170":0,"171":0,"172":0,"173":0,"174":0,"175":0,"176":0,"177":0,"178":46},"branchMap":{"0":{"type":"branch","line":12,"loc":{"start":{"line":12,"column":0},"end":{"line":179,"column":1}},"locations":[{"start":{"line":12,"column":0},"end":{"line":179,"column":1}}]},"1":{"type":"branch","line":12,"loc":{"start":{"line":12,"column":0},"end":{"line":179,"column":1}},"locations":[{"start":{"line":12,"column":0},"end":{"line":179,"column":1}}]},"2":{"type":"branch","line":18,"loc":{"start":{"line":18,"column":1},"end":{"line":38,"column":2}},"locations":[{"start":{"line":18,"column":1},"end":{"line":38,"column":2}}]},"3":{"type":"branch","line":27,"loc":{"start":{"line":27,"column":6},"end":{"line":27,"column":12}},"locations":[{"start":{"line":27,"column":6},"end":{"line":27,"column":12}}]},"4":{"type":"branch","line":40,"loc":{"start":{"line":40,"column":1},"end":{"line":51,"column":2}},"locations":[{"start":{"line":40,"column":1},"end":{"line":51,"column":2}}]},"5":{"type":"branch","line":45,"loc":{"start":{"line":45,"column":28},"end":{"line":47,"column":3}},"locations":[{"start":{"line":45,"column":28},"end":{"line":47,"column":3}}]},"6":{"type":"branch","line":53,"loc":{"start":{"line":53,"column":1},"end":{"line":61,"column":2}},"locations":[{"start":{"line":53,"column":1},"end":{"line":61,"column":2}}]},"7":{"type":"branch","line":70,"loc":{"start":{"line":70,"column":1},"end":{"line":73,"column":2}},"locations":[{"start":{"line":70,"column":1},"end":{"line":73,"column":2}}]},"8":{"type":"branch","line":71,"loc":{"start":{"line":71,"column":30},"end":{"line":71,"column":47}},"locations":[{"start":{"line":71,"column":30},"end":{"line":71,"column":47}}]},"9":{"type":"branch","line":75,"loc":{"start":{"line":75,"column":1},"end":{"line":82,"column":2}},"locations":[{"start":{"line":75,"column":1},"end":{"line":82,"column":2}}]},"10":{"type":"branch","line":77,"loc":{"start":{"line":77,"column":12},"end":{"line":77,"column":48}},"locations":[{"start":{"line":77,"column":12},"end":{"line":77,"column":48}}]},"11":{"type":"branch","line":78,"loc":{"start":{"line":78,"column":13},"end":{"line":78,"column":52}},"locations":[{"start":{"line":78,"column":13},"end":{"line":78,"column":52}}]},"12":{"type":"branch","line":84,"loc":{"start":{"line":84,"column":1},"end":{"line":86,"column":2}},"locations":[{"start":{"line":84,"column":1},"end":{"line":86,"column":2}}]}},"b":{"0":[1],"1":[46],"2":[3],"3":[0],"4":[1],"5":[0],"6":[4],"7":[4],"8":[0],"9":[3],"10":[2],"11":[1],"12":[8]},"fnMap":{"0":{"name":"Streak","decl":{"start":{"line":12,"column":0},"end":{"line":179,"column":1}},"loc":{"start":{"line":12,"column":0},"end":{"line":179,"column":1}},"line":12},"1":{"name":"Object.<anonymous>.Streak.relapse","decl":{"start":{"line":18,"column":1},"end":{"line":38,"column":2}},"loc":{"start":{"line":18,"column":1},"end":{"line":38,"column":2}},"line":18},"2":{"name":"Object.<anonymous>.Streak.update","decl":{"start":{"line":40,"column":1},"end":{"line":51,"column":2}},"loc":{"start":{"line":40,"column":1},"end":{"line":51,"column":2}},"line":40},"3":{"name":"Object.<anonymous>.Streak.update","decl":{"start":{"line":53,"column":1},"end":{"line":61,"column":2}},"loc":{"start":{"line":53,"column":1},"end":{"line":61,"column":2}},"line":53},"4":{"name":"Object.<anonymous>.Streak.find","decl":{"start":{"line":63,"column":1},"end":{"line":68,"column":2}},"loc":{"start":{"line":63,"column":1},"end":{"line":68,"column":2}},"line":63},"5":{"name":"Object.<anonymous>.Streak.resolveMember","decl":{"start":{"line":70,"column":1},"end":{"line":73,"column":2}},"loc":{"start":{"line":70,"column":1},"end":{"line":73,"column":2}},"line":70},"6":{"name":"Object.<anonymous>.Streak.relapse","decl":{"start":{"line":75,"column":1},"end":{"line":82,"column":2}},"loc":{"start":{"line":75,"column":1},"end":{"line":82,"column":2}},"line":75},"7":{"name":"Object.<anonymous>.Streak.getStartDate","decl":{"start":{"line":84,"column":1},"end":{"line":86,"column":2}},"loc":{"start":{"line":84,"column":1},"end":{"line":86,"column":2}},"line":84},"8":{"name":"Object.<anonymous>.Streak.delete","decl":{"start":{"line":88,"column":1},"end":{"line":133,"column":2}},"loc":{"start":{"line":88,"column":1},"end":{"line":133,"column":2}},"line":88},"9":{"name":"Object.<anonymous>.Streak.old","decl":{"start":{"line":135,"column":1},"end":{"line":178,"column":2}},"loc":{"start":{"line":135,"column":1},"end":{"line":178,"column":2}},"line":135}},"f":{"0":46,"1":3,"2":1,"3":4,"4":0,"5":4,"6":3,"7":8,"8":0,"9":0}}
,"C:\\Users\\jeffs\\projects\\dbtc\\src\\lib\\models\\UserCommand.ts": {"path":"C:\\Users\\jeffs\\projects\\dbtc\\src\\lib\\models\\UserCommand.ts","all":false,"statementMap":{"0":{"start":{"line":1,"column":0},"end":{"line":1,"column":37}},"1":{"start":{"line":2,"column":0},"end":{"line":2,"column":0}},"2":{"start":{"line":3,"column":0},"end":{"line":3,"column":31}},"3":{"start":{"line":4,"column":0},"end":{"line":4,"column":17}},"4":{"start":{"line":5,"column":0},"end":{"line":5,"column":37}},"5":{"start":{"line":6,"column":0},"end":{"line":6,"column":43}},"6":{"start":{"line":7,"column":0},"end":{"line":7,"column":46}},"7":{"start":{"line":8,"column":0},"end":{"line":8,"column":54}},"8":{"start":{"line":9,"column":0},"end":{"line":9,"column":1}},"9":{"start":{"line":10,"column":0},"end":{"line":10,"column":0}},"10":{"start":{"line":11,"column":0},"end":{"line":11,"column":58}},"11":{"start":{"line":12,"column":0},"end":{"line":12,"column":43}},"12":{"start":{"line":13,"column":0},"end":{"line":13,"column":17}},"13":{"start":{"line":14,"column":0},"end":{"line":14,"column":21}},"14":{"start":{"line":15,"column":0},"end":{"line":15,"column":48}},"15":{"start":{"line":16,"column":0},"end":{"line":16,"column":37}},"16":{"start":{"line":17,"column":0},"end":{"line":17,"column":0}},"17":{"start":{"line":18,"column":0},"end":{"line":18,"column":13}},"18":{"start":{"line":19,"column":0},"end":{"line":19,"column":18}},"19":{"start":{"line":20,"column":0},"end":{"line":20,"column":67}},"20":{"start":{"line":21,"column":0},"end":{"line":21,"column":4}},"21":{"start":{"line":22,"column":0},"end":{"line":22,"column":23}},"22":{"start":{"line":23,"column":0},"end":{"line":23,"column":25}},"23":{"start":{"line":24,"column":0},"end":{"line":24,"column":61}},"24":{"start":{"line":25,"column":0},"end":{"line":25,"column":2}},"25":{"start":{"line":26,"column":0},"end":{"line":26,"column":0}},"26":{"start":{"line":27,"column":0},"end":{"line":27,"column":62}},"27":{"start":{"line":28,"column":0},"end":{"line":28,"column":26}},"28":{"start":{"line":29,"column":0},"end":{"line":29,"column":2}},"29":{"start":{"line":30,"column":0},"end":{"line":30,"column":0}},"30":{"start":{"line":31,"column":0},"end":{"line":31,"column":51}},"31":{"start":{"line":32,"column":0},"end":{"line":32,"column":46}},"32":{"start":{"line":33,"column":0},"end":{"line":33,"column":2}},"33":{"start":{"line":34,"column":0},"end":{"line":34,"column":0}},"34":{"start":{"line":35,"column":0},"end":{"line":35,"column":54}},"35":{"start":{"line":36,"column":0},"end":{"line":36,"column":43}},"36":{"start":{"line":37,"column":0},"end":{"line":37,"column":2}},"37":{"start":{"line":38,"column":0},"end":{"line":38,"column":0}},"38":{"start":{"line":39,"column":0},"end":{"line":39,"column":76}},"39":{"start":{"line":40,"column":0},"end":{"line":40,"column":55}},"40":{"start":{"line":41,"column":0},"end":{"line":41,"column":2}},"41":{"start":{"line":42,"column":0},"end":{"line":42,"column":0}},"42":{"start":{"line":43,"column":0},"end":{"line":43,"column":54}},"43":{"start":{"line":44,"column":0},"end":{"line":44,"column":30}},"44":{"start":{"line":45,"column":0},"end":{"line":45,"column":2}},"45":{"start":{"line":46,"column":0},"end":{"line":46,"column":0}},"46":{"start":{"line":47,"column":0},"end":{"line":47,"column":32}},"47":{"start":{"line":48,"column":0},"end":{"line":48,"column":21}},"48":{"start":{"line":49,"column":0},"end":{"line":49,"column":2}},"49":{"start":{"line":50,"column":0},"end":{"line":50,"column":0}},"50":{"start":{"line":51,"column":0},"end":{"line":51,"column":67}},"51":{"start":{"line":52,"column":0},"end":{"line":52,"column":67}},"52":{"start":{"line":53,"column":0},"end":{"line":53,"column":2}},"53":{"start":{"line":54,"column":0},"end":{"line":54,"column":0}},"54":{"start":{"line":55,"column":0},"end":{"line":55,"column":68}},"55":{"start":{"line":56,"column":0},"end":{"line":56,"column":38}},"56":{"start":{"line":57,"column":0},"end":{"line":57,"column":41}},"57":{"start":{"line":58,"column":0},"end":{"line":58,"column":37}},"58":{"start":{"line":59,"column":0},"end":{"line":59,"column":4}},"59":{"start":{"line":60,"column":0},"end":{"line":60,"column":3}},"60":{"start":{"line":61,"column":0},"end":{"line":61,"column":9}},"61":{"start":{"line":62,"column":0},"end":{"line":62,"column":2}},"62":{"start":{"line":63,"column":0},"end":{"line":63,"column":1}}},"s":{"0":1,"1":1,"2":1,"3":1,"4":1,"5":1,"6":1,"7":1,"8":1,"9":1,"10":1,"11":1,"12":1,"13":1,"14":1,"15":1,"16":1,"17":1,"18":20,"19":20,"20":20,"21":20,"22":20,"23":20,"24":20,"25":1,"26":1,"27":20,"28":20,"29":1,"30":1,"31":7,"32":7,"33":1,"34":1,"35":7,"36":7,"37":1,"38":1,"39":0,"40":0,"41":1,"42":1,"43":6,"44":6,"45":1,"46":1,"47":6,"48":6,"49":1,"50":1,"51":0,"52":0,"53":1,"54":1,"55":7,"56":7,"57":7,"58":7,"59":7,"60":7,"61":7,"62":1},"branchMap":{"0":{"type":"branch","line":11,"loc":{"start":{"line":11,"column":0},"end":{"line":63,"column":1}},"locations":[{"start":{"line":11,"column":0},"end":{"line":63,"column":1}}]},"1":{"type":"branch","line":18,"loc":{"start":{"line":18,"column":1},"end":{"line":25,"column":2}},"locations":[{"start":{"line":18,"column":1},"end":{"line":25,"column":2}}]},"2":{"type":"branch","line":27,"loc":{"start":{"line":27,"column":1},"end":{"line":29,"column":2}},"locations":[{"start":{"line":27,"column":1},"end":{"line":29,"column":2}}]},"3":{"type":"branch","line":31,"loc":{"start":{"line":31,"column":1},"end":{"line":33,"column":2}},"locations":[{"start":{"line":31,"column":1},"end":{"line":33,"column":2}}]},"4":{"type":"branch","line":35,"loc":{"start":{"line":35,"column":1},"end":{"line":37,"column":2}},"locations":[{"start":{"line":35,"column":1},"end":{"line":37,"column":2}}]},"5":{"type":"branch","line":43,"loc":{"start":{"line":43,"column":1},"end":{"line":45,"column":2}},"locations":[{"start":{"line":43,"column":1},"end":{"line":45,"column":2}}]},"6":{"type":"branch","line":47,"loc":{"start":{"line":47,"column":1},"end":{"line":49,"column":2}},"locations":[{"start":{"line":47,"column":1},"end":{"line":49,"column":2}}]},"7":{"type":"branch","line":55,"loc":{"start":{"line":55,"column":1},"end":{"line":62,"column":2}},"locations":[{"start":{"line":55,"column":1},"end":{"line":62,"column":2}}]}},"b":{"0":[1],"1":[20],"2":[20],"3":[7],"4":[7],"5":[6],"6":[6],"7":[7]},"fnMap":{"0":{"name":"UserCommand","decl":{"start":{"line":18,"column":1},"end":{"line":25,"column":2}},"loc":{"start":{"line":18,"column":1},"end":{"line":25,"column":2}},"line":18},"1":{"name":"Object.<anonymous>.UserCommand.setOutMethod","decl":{"start":{"line":27,"column":1},"end":{"line":29,"column":2}},"loc":{"start":{"line":27,"column":1},"end":{"line":29,"column":2}},"line":27},"2":{"name":"Object.<anonymous>.UserCommand.shouldHandle","decl":{"start":{"line":31,"column":1},"end":{"line":33,"column":2}},"loc":{"start":{"line":31,"column":1},"end":{"line":33,"column":2}},"line":31},"3":{"name":"Object.<anonymous>.UserCommand.handle","decl":{"start":{"line":35,"column":1},"end":{"line":37,"column":2}},"loc":{"start":{"line":35,"column":1},"end":{"line":37,"column":2}},"line":35},"4":{"name":"Object.<anonymous>.UserCommand.setAllOutputMethods","decl":{"start":{"line":39,"column":1},"end":{"line":41,"column":2}},"loc":{"start":{"line":39,"column":1},"end":{"line":41,"column":2}},"line":39},"5":{"name":"Object.<anonymous>.UserCommand.register","decl":{"start":{"line":43,"column":1},"end":{"line":45,"column":2}},"loc":{"start":{"line":43,"column":1},"end":{"line":45,"column":2}},"line":43},"6":{"name":"Object.<anonymous>.UserCommand.clearCommands","decl":{"start":{"line":47,"column":1},"end":{"line":49,"column":2}},"loc":{"start":{"line":47,"column":1},"end":{"line":49,"column":2}},"line":47},"7":{"name":"Object.<anonymous>.UserCommand.getCommandByMatcher","decl":{"start":{"line":51,"column":1},"end":{"line":53,"column":2}},"loc":{"start":{"line":51,"column":1},"end":{"line":53,"column":2}},"line":51},"8":{"name":"Object.<anonymous>.UserCommand.process","decl":{"start":{"line":55,"column":1},"end":{"line":62,"column":2}},"loc":{"start":{"line":55,"column":1},"end":{"line":62,"column":2}},"line":55}},"f":{"0":20,"1":20,"2":7,"3":7,"4":0,"5":6,"6":6,"7":0,"8":7}}
}
