{"C:\\Users\\jeffs\\projects\\dbtc\\src\\lib\\Commands.ts": {"path":"C:\\Users\\jeffs\\projects\\dbtc\\src\\lib\\Commands.ts","all":false,"statementMap":{"0":{"start":{"line":1,"column":0},"end":{"line":1,"column":25}},"1":{"start":{"line":2,"column":0},"end":{"line":2,"column":8}},"2":{"start":{"line":3,"column":0},"end":{"line":3,"column":13}},"3":{"start":{"line":4,"column":0},"end":{"line":4,"column":13}},"4":{"start":{"line":5,"column":0},"end":{"line":5,"column":8}},"5":{"start":{"line":6,"column":0},"end":{"line":6,"column":10}},"6":{"start":{"line":7,"column":0},"end":{"line":7,"column":13}},"7":{"start":{"line":8,"column":0},"end":{"line":8,"column":13}},"8":{"start":{"line":9,"column":0},"end":{"line":9,"column":7}},"9":{"start":{"line":10,"column":0},"end":{"line":10,"column":6}},"10":{"start":{"line":11,"column":0},"end":{"line":11,"column":10}},"11":{"start":{"line":12,"column":0},"end":{"line":12,"column":11}},"12":{"start":{"line":13,"column":0},"end":{"line":13,"column":37}},"13":{"start":{"line":14,"column":0},"end":{"line":14,"column":0}},"14":{"start":{"line":15,"column":0},"end":{"line":15,"column":48}},"15":{"start":{"line":16,"column":0},"end":{"line":16,"column":58}},"16":{"start":{"line":17,"column":0},"end":{"line":17,"column":19}},"17":{"start":{"line":18,"column":0},"end":{"line":18,"column":23}},"18":{"start":{"line":19,"column":0},"end":{"line":19,"column":70}},"19":{"start":{"line":20,"column":0},"end":{"line":20,"column":4}},"20":{"start":{"line":21,"column":0},"end":{"line":21,"column":14}},"21":{"start":{"line":22,"column":0},"end":{"line":22,"column":2}},"22":{"start":{"line":23,"column":0},"end":{"line":23,"column":14}},"23":{"start":{"line":24,"column":0},"end":{"line":24,"column":2}},"24":{"start":{"line":25,"column":0},"end":{"line":25,"column":0}},"25":{"start":{"line":26,"column":0},"end":{"line":26,"column":23}},"26":{"start":{"line":27,"column":0},"end":{"line":27,"column":63}},"27":{"start":{"line":28,"column":0},"end":{"line":28,"column":61}},"28":{"start":{"line":29,"column":0},"end":{"line":29,"column":70}},"29":{"start":{"line":30,"column":0},"end":{"line":30,"column":7}},"30":{"start":{"line":31,"column":0},"end":{"line":31,"column":60}},"31":{"start":{"line":32,"column":0},"end":{"line":32,"column":53}},"32":{"start":{"line":33,"column":0},"end":{"line":33,"column":26}},"33":{"start":{"line":34,"column":0},"end":{"line":34,"column":30}},"34":{"start":{"line":35,"column":0},"end":{"line":35,"column":7}},"35":{"start":{"line":36,"column":0},"end":{"line":36,"column":6}},"36":{"start":{"line":37,"column":0},"end":{"line":37,"column":18}},"37":{"start":{"line":38,"column":0},"end":{"line":38,"column":52}},"38":{"start":{"line":39,"column":0},"end":{"line":39,"column":58}},"39":{"start":{"line":40,"column":0},"end":{"line":40,"column":4}},"40":{"start":{"line":41,"column":0},"end":{"line":41,"column":42}},"41":{"start":{"line":42,"column":0},"end":{"line":42,"column":17}},"42":{"start":{"line":43,"column":0},"end":{"line":43,"column":35}},"43":{"start":{"line":44,"column":0},"end":{"line":44,"column":3}},"44":{"start":{"line":45,"column":0},"end":{"line":45,"column":4}},"45":{"start":{"line":46,"column":0},"end":{"line":46,"column":0}},"46":{"start":{"line":47,"column":0},"end":{"line":47,"column":67}},"47":{"start":{"line":48,"column":0},"end":{"line":48,"column":7}},"48":{"start":{"line":49,"column":0},"end":{"line":49,"column":47}},"49":{"start":{"line":50,"column":0},"end":{"line":50,"column":55}},"50":{"start":{"line":51,"column":0},"end":{"line":51,"column":42}},"51":{"start":{"line":52,"column":0},"end":{"line":52,"column":24}},"52":{"start":{"line":53,"column":0},"end":{"line":53,"column":77}},"53":{"start":{"line":54,"column":0},"end":{"line":54,"column":20}},"54":{"start":{"line":55,"column":0},"end":{"line":55,"column":5}},"55":{"start":{"line":56,"column":0},"end":{"line":56,"column":17}},"56":{"start":{"line":57,"column":0},"end":{"line":57,"column":23}},"57":{"start":{"line":58,"column":0},"end":{"line":58,"column":36}},"58":{"start":{"line":59,"column":0},"end":{"line":59,"column":19}},"59":{"start":{"line":60,"column":0},"end":{"line":60,"column":3}},"60":{"start":{"line":61,"column":0},"end":{"line":61,"column":4}},"61":{"start":{"line":62,"column":0},"end":{"line":62,"column":0}},"62":{"start":{"line":63,"column":0},"end":{"line":63,"column":29}},"63":{"start":{"line":64,"column":0},"end":{"line":64,"column":27}},"64":{"start":{"line":65,"column":0},"end":{"line":65,"column":47}},"65":{"start":{"line":66,"column":0},"end":{"line":66,"column":8}},"66":{"start":{"line":67,"column":0},"end":{"line":67,"column":48}},"67":{"start":{"line":68,"column":0},"end":{"line":68,"column":55}},"68":{"start":{"line":69,"column":0},"end":{"line":69,"column":40}},"69":{"start":{"line":70,"column":0},"end":{"line":70,"column":20}},"70":{"start":{"line":71,"column":0},"end":{"line":71,"column":25}},"71":{"start":{"line":72,"column":0},"end":{"line":72,"column":6}},"72":{"start":{"line":73,"column":0},"end":{"line":73,"column":43}},"73":{"start":{"line":74,"column":0},"end":{"line":74,"column":42}},"74":{"start":{"line":75,"column":0},"end":{"line":75,"column":18}},"75":{"start":{"line":76,"column":0},"end":{"line":76,"column":24}},"76":{"start":{"line":77,"column":0},"end":{"line":77,"column":37}},"77":{"start":{"line":78,"column":0},"end":{"line":78,"column":20}},"78":{"start":{"line":79,"column":0},"end":{"line":79,"column":4}},"79":{"start":{"line":80,"column":0},"end":{"line":80,"column":3}},"80":{"start":{"line":81,"column":0},"end":{"line":81,"column":3}},"81":{"start":{"line":82,"column":0},"end":{"line":82,"column":0}},"82":{"start":{"line":83,"column":0},"end":{"line":83,"column":29}},"83":{"start":{"line":84,"column":0},"end":{"line":84,"column":38}},"84":{"start":{"line":85,"column":0},"end":{"line":85,"column":47}},"85":{"start":{"line":86,"column":0},"end":{"line":86,"column":8}},"86":{"start":{"line":87,"column":0},"end":{"line":87,"column":48}},"87":{"start":{"line":88,"column":0},"end":{"line":88,"column":55}},"88":{"start":{"line":89,"column":0},"end":{"line":89,"column":40}},"89":{"start":{"line":90,"column":0},"end":{"line":90,"column":20}},"90":{"start":{"line":91,"column":0},"end":{"line":91,"column":26}},"91":{"start":{"line":92,"column":0},"end":{"line":92,"column":25}},"92":{"start":{"line":93,"column":0},"end":{"line":93,"column":6}},"93":{"start":{"line":94,"column":0},"end":{"line":94,"column":43}},"94":{"start":{"line":95,"column":0},"end":{"line":95,"column":42}},"95":{"start":{"line":96,"column":0},"end":{"line":96,"column":18}},"96":{"start":{"line":97,"column":0},"end":{"line":97,"column":24}},"97":{"start":{"line":98,"column":0},"end":{"line":98,"column":37}},"98":{"start":{"line":99,"column":0},"end":{"line":99,"column":20}},"99":{"start":{"line":100,"column":0},"end":{"line":100,"column":4}},"100":{"start":{"line":101,"column":0},"end":{"line":101,"column":3}},"101":{"start":{"line":102,"column":0},"end":{"line":102,"column":3}},"102":{"start":{"line":103,"column":0},"end":{"line":103,"column":0}},"103":{"start":{"line":104,"column":0},"end":{"line":104,"column":64}},"104":{"start":{"line":105,"column":0},"end":{"line":105,"column":7}},"105":{"start":{"line":106,"column":0},"end":{"line":106,"column":47}},"106":{"start":{"line":107,"column":0},"end":{"line":107,"column":34}},"107":{"start":{"line":108,"column":0},"end":{"line":108,"column":68}},"108":{"start":{"line":109,"column":0},"end":{"line":109,"column":17}},"109":{"start":{"line":110,"column":0},"end":{"line":110,"column":23}},"110":{"start":{"line":111,"column":0},"end":{"line":111,"column":36}},"111":{"start":{"line":112,"column":0},"end":{"line":112,"column":26}},"112":{"start":{"line":113,"column":0},"end":{"line":113,"column":3}},"113":{"start":{"line":114,"column":0},"end":{"line":114,"column":4}},"114":{"start":{"line":115,"column":0},"end":{"line":115,"column":0}},"115":{"start":{"line":116,"column":0},"end":{"line":116,"column":62}},"116":{"start":{"line":117,"column":0},"end":{"line":117,"column":7}},"117":{"start":{"line":118,"column":0},"end":{"line":118,"column":40}},"118":{"start":{"line":119,"column":0},"end":{"line":119,"column":31}},"119":{"start":{"line":120,"column":0},"end":{"line":120,"column":10}},"120":{"start":{"line":121,"column":0},"end":{"line":121,"column":17}},"121":{"start":{"line":122,"column":0},"end":{"line":122,"column":23}},"122":{"start":{"line":123,"column":0},"end":{"line":123,"column":36}},"123":{"start":{"line":124,"column":0},"end":{"line":124,"column":19}},"124":{"start":{"line":125,"column":0},"end":{"line":125,"column":3}},"125":{"start":{"line":126,"column":0},"end":{"line":126,"column":4}},"126":{"start":{"line":127,"column":0},"end":{"line":127,"column":0}},"127":{"start":{"line":128,"column":0},"end":{"line":128,"column":72}},"128":{"start":{"line":129,"column":0},"end":{"line":129,"column":7}},"129":{"start":{"line":130,"column":0},"end":{"line":130,"column":53}},"130":{"start":{"line":131,"column":0},"end":{"line":131,"column":10}},"131":{"start":{"line":132,"column":0},"end":{"line":132,"column":17}},"132":{"start":{"line":133,"column":0},"end":{"line":133,"column":23}},"133":{"start":{"line":134,"column":0},"end":{"line":134,"column":36}},"134":{"start":{"line":135,"column":0},"end":{"line":135,"column":19}},"135":{"start":{"line":136,"column":0},"end":{"line":136,"column":3}},"136":{"start":{"line":137,"column":0},"end":{"line":137,"column":4}},"137":{"start":{"line":138,"column":0},"end":{"line":138,"column":0}},"138":{"start":{"line":139,"column":0},"end":{"line":139,"column":64}},"139":{"start":{"line":140,"column":0},"end":{"line":140,"column":7}},"140":{"start":{"line":141,"column":0},"end":{"line":141,"column":24}},"141":{"start":{"line":142,"column":0},"end":{"line":142,"column":35}},"142":{"start":{"line":143,"column":0},"end":{"line":143,"column":66}},"143":{"start":{"line":144,"column":0},"end":{"line":144,"column":5}},"144":{"start":{"line":145,"column":0},"end":{"line":145,"column":10}},"145":{"start":{"line":146,"column":0},"end":{"line":146,"column":17}},"146":{"start":{"line":147,"column":0},"end":{"line":147,"column":23}},"147":{"start":{"line":148,"column":0},"end":{"line":148,"column":36}},"148":{"start":{"line":149,"column":0},"end":{"line":149,"column":19}},"149":{"start":{"line":150,"column":0},"end":{"line":150,"column":3}},"150":{"start":{"line":151,"column":0},"end":{"line":151,"column":4}},"151":{"start":{"line":152,"column":0},"end":{"line":152,"column":0}},"152":{"start":{"line":153,"column":0},"end":{"line":153,"column":28}},"153":{"start":{"line":154,"column":0},"end":{"line":154,"column":36}},"154":{"start":{"line":155,"column":0},"end":{"line":155,"column":28}},"155":{"start":{"line":156,"column":0},"end":{"line":156,"column":8}},"156":{"start":{"line":157,"column":0},"end":{"line":157,"column":53}},"157":{"start":{"line":158,"column":0},"end":{"line":158,"column":42}},"158":{"start":{"line":159,"column":0},"end":{"line":159,"column":41}},"159":{"start":{"line":160,"column":0},"end":{"line":160,"column":74}},"160":{"start":{"line":161,"column":0},"end":{"line":161,"column":18}},"161":{"start":{"line":162,"column":0},"end":{"line":162,"column":24}},"162":{"start":{"line":163,"column":0},"end":{"line":163,"column":37}},"163":{"start":{"line":164,"column":0},"end":{"line":164,"column":20}},"164":{"start":{"line":165,"column":0},"end":{"line":165,"column":4}},"165":{"start":{"line":166,"column":0},"end":{"line":166,"column":3}},"166":{"start":{"line":167,"column":0},"end":{"line":167,"column":3}},"167":{"start":{"line":168,"column":0},"end":{"line":168,"column":0}},"168":{"start":{"line":169,"column":0},"end":{"line":169,"column":64}},"169":{"start":{"line":170,"column":0},"end":{"line":170,"column":7}},"170":{"start":{"line":171,"column":0},"end":{"line":171,"column":66}},"171":{"start":{"line":172,"column":0},"end":{"line":172,"column":17}},"172":{"start":{"line":173,"column":0},"end":{"line":173,"column":23}},"173":{"start":{"line":174,"column":0},"end":{"line":174,"column":36}},"174":{"start":{"line":175,"column":0},"end":{"line":175,"column":19}},"175":{"start":{"line":176,"column":0},"end":{"line":176,"column":3}},"176":{"start":{"line":177,"column":0},"end":{"line":177,"column":4}},"177":{"start":{"line":178,"column":0},"end":{"line":178,"column":0}},"178":{"start":{"line":179,"column":0},"end":{"line":179,"column":62}},"179":{"start":{"line":180,"column":0},"end":{"line":180,"column":23}},"180":{"start":{"line":181,"column":0},"end":{"line":181,"column":61}},"181":{"start":{"line":182,"column":0},"end":{"line":182,"column":66}},"182":{"start":{"line":183,"column":0},"end":{"line":183,"column":62}},"183":{"start":{"line":184,"column":0},"end":{"line":184,"column":67}},"184":{"start":{"line":185,"column":0},"end":{"line":185,"column":80}},"185":{"start":{"line":186,"column":0},"end":{"line":186,"column":68}},"186":{"start":{"line":187,"column":0},"end":{"line":187,"column":63}},"187":{"start":{"line":188,"column":0},"end":{"line":188,"column":4}},"188":{"start":{"line":189,"column":0},"end":{"line":189,"column":4}},"189":{"start":{"line":190,"column":0},"end":{"line":190,"column":13}},"190":{"start":{"line":191,"column":0},"end":{"line":191,"column":0}},"191":{"start":{"line":192,"column":0},"end":{"line":192,"column":25}},"192":{"start":{"line":193,"column":0},"end":{"line":193,"column":72}},"193":{"start":{"line":194,"column":0},"end":{"line":194,"column":70}},"194":{"start":{"line":195,"column":0},"end":{"line":195,"column":40}},"195":{"start":{"line":196,"column":0},"end":{"line":196,"column":24}},"196":{"start":{"line":197,"column":0},"end":{"line":197,"column":70}},"197":{"start":{"line":198,"column":0},"end":{"line":198,"column":5}},"198":{"start":{"line":199,"column":0},"end":{"line":199,"column":10}},"199":{"start":{"line":200,"column":0},"end":{"line":200,"column":3}},"200":{"start":{"line":201,"column":0},"end":{"line":201,"column":52}},"201":{"start":{"line":202,"column":0},"end":{"line":202,"column":57}},"202":{"start":{"line":203,"column":0},"end":{"line":203,"column":10}},"203":{"start":{"line":204,"column":0},"end":{"line":204,"column":3}},"204":{"start":{"line":205,"column":0},"end":{"line":205,"column":7}},"205":{"start":{"line":206,"column":0},"end":{"line":206,"column":54}},"206":{"start":{"line":207,"column":0},"end":{"line":207,"column":41}},"207":{"start":{"line":208,"column":0},"end":{"line":208,"column":27}},"208":{"start":{"line":209,"column":0},"end":{"line":209,"column":54}},"209":{"start":{"line":210,"column":0},"end":{"line":210,"column":17}},"210":{"start":{"line":211,"column":0},"end":{"line":211,"column":23}},"211":{"start":{"line":212,"column":0},"end":{"line":212,"column":36}},"212":{"start":{"line":213,"column":0},"end":{"line":213,"column":19}},"213":{"start":{"line":214,"column":0},"end":{"line":214,"column":3}},"214":{"start":{"line":215,"column":0},"end":{"line":215,"column":4}},"215":{"start":{"line":216,"column":0},"end":{"line":216,"column":0}},"216":{"start":{"line":217,"column":0},"end":{"line":217,"column":63}},"217":{"start":{"line":218,"column":0},"end":{"line":218,"column":70}},"218":{"start":{"line":219,"column":0},"end":{"line":219,"column":50}},"219":{"start":{"line":220,"column":0},"end":{"line":220,"column":57}},"220":{"start":{"line":221,"column":0},"end":{"line":221,"column":10}},"221":{"start":{"line":222,"column":0},"end":{"line":222,"column":3}},"222":{"start":{"line":223,"column":0},"end":{"line":223,"column":7}},"223":{"start":{"line":224,"column":0},"end":{"line":224,"column":24}},"224":{"start":{"line":225,"column":0},"end":{"line":225,"column":44}},"225":{"start":{"line":226,"column":0},"end":{"line":226,"column":59}},"226":{"start":{"line":227,"column":0},"end":{"line":227,"column":27}},"227":{"start":{"line":228,"column":0},"end":{"line":228,"column":31}},"228":{"start":{"line":229,"column":0},"end":{"line":229,"column":8}},"229":{"start":{"line":230,"column":0},"end":{"line":230,"column":6}},"230":{"start":{"line":231,"column":0},"end":{"line":231,"column":5}},"231":{"start":{"line":232,"column":0},"end":{"line":232,"column":17}},"232":{"start":{"line":233,"column":0},"end":{"line":233,"column":35}},"233":{"start":{"line":234,"column":0},"end":{"line":234,"column":3}},"234":{"start":{"line":235,"column":0},"end":{"line":235,"column":4}},"235":{"start":{"line":236,"column":0},"end":{"line":236,"column":0}},"236":{"start":{"line":237,"column":0},"end":{"line":237,"column":32}},"237":{"start":{"line":238,"column":0},"end":{"line":238,"column":23}},"238":{"start":{"line":239,"column":0},"end":{"line":239,"column":28}},"239":{"start":{"line":240,"column":0},"end":{"line":240,"column":71}},"240":{"start":{"line":241,"column":0},"end":{"line":241,"column":53}},"241":{"start":{"line":242,"column":0},"end":{"line":242,"column":58}},"242":{"start":{"line":243,"column":0},"end":{"line":243,"column":11}},"243":{"start":{"line":244,"column":0},"end":{"line":244,"column":4}},"244":{"start":{"line":245,"column":0},"end":{"line":245,"column":30}},"245":{"start":{"line":246,"column":0},"end":{"line":246,"column":24}},"246":{"start":{"line":247,"column":0},"end":{"line":247,"column":61}},"247":{"start":{"line":248,"column":0},"end":{"line":248,"column":50}},"248":{"start":{"line":249,"column":0},"end":{"line":249,"column":5}},"249":{"start":{"line":250,"column":0},"end":{"line":250,"column":3}},"250":{"start":{"line":251,"column":0},"end":{"line":251,"column":3}},"251":{"start":{"line":252,"column":0},"end":{"line":252,"column":0}},"252":{"start":{"line":253,"column":0},"end":{"line":253,"column":34}},"253":{"start":{"line":254,"column":0},"end":{"line":254,"column":25}},"254":{"start":{"line":255,"column":0},"end":{"line":255,"column":28}},"255":{"start":{"line":256,"column":0},"end":{"line":256,"column":71}},"256":{"start":{"line":257,"column":0},"end":{"line":257,"column":53}},"257":{"start":{"line":258,"column":0},"end":{"line":258,"column":58}},"258":{"start":{"line":259,"column":0},"end":{"line":259,"column":11}},"259":{"start":{"line":260,"column":0},"end":{"line":260,"column":4}},"260":{"start":{"line":261,"column":0},"end":{"line":261,"column":25}},"261":{"start":{"line":262,"column":0},"end":{"line":262,"column":24}},"262":{"start":{"line":263,"column":0},"end":{"line":263,"column":75}},"263":{"start":{"line":264,"column":0},"end":{"line":264,"column":5}},"264":{"start":{"line":265,"column":0},"end":{"line":265,"column":3}},"265":{"start":{"line":266,"column":0},"end":{"line":266,"column":3}},"266":{"start":{"line":267,"column":0},"end":{"line":267,"column":0}},"267":{"start":{"line":268,"column":0},"end":{"line":268,"column":78}},"268":{"start":{"line":269,"column":0},"end":{"line":269,"column":70}},"269":{"start":{"line":270,"column":0},"end":{"line":270,"column":52}},"270":{"start":{"line":271,"column":0},"end":{"line":271,"column":57}},"271":{"start":{"line":272,"column":0},"end":{"line":272,"column":10}},"272":{"start":{"line":273,"column":0},"end":{"line":273,"column":3}},"273":{"start":{"line":274,"column":0},"end":{"line":274,"column":7}},"274":{"start":{"line":275,"column":0},"end":{"line":275,"column":51}},"275":{"start":{"line":276,"column":0},"end":{"line":276,"column":57}},"276":{"start":{"line":277,"column":0},"end":{"line":277,"column":15}},"277":{"start":{"line":278,"column":0},"end":{"line":278,"column":27}},"278":{"start":{"line":279,"column":0},"end":{"line":279,"column":10}},"279":{"start":{"line":280,"column":0},"end":{"line":280,"column":3}},"280":{"start":{"line":281,"column":0},"end":{"line":281,"column":4}},"281":{"start":{"line":282,"column":0},"end":{"line":282,"column":0}},"282":{"start":{"line":283,"column":0},"end":{"line":283,"column":30}},"283":{"start":{"line":284,"column":0},"end":{"line":284,"column":27}},"284":{"start":{"line":285,"column":0},"end":{"line":285,"column":28}},"285":{"start":{"line":286,"column":0},"end":{"line":286,"column":71}},"286":{"start":{"line":287,"column":0},"end":{"line":287,"column":51}},"287":{"start":{"line":288,"column":0},"end":{"line":288,"column":25}},"288":{"start":{"line":289,"column":0},"end":{"line":289,"column":66}},"289":{"start":{"line":290,"column":0},"end":{"line":290,"column":6}},"290":{"start":{"line":291,"column":0},"end":{"line":291,"column":11}},"291":{"start":{"line":292,"column":0},"end":{"line":292,"column":4}},"292":{"start":{"line":293,"column":0},"end":{"line":293,"column":8}},"293":{"start":{"line":294,"column":0},"end":{"line":294,"column":55}},"294":{"start":{"line":295,"column":0},"end":{"line":295,"column":38}},"295":{"start":{"line":296,"column":0},"end":{"line":296,"column":70}},"296":{"start":{"line":297,"column":0},"end":{"line":297,"column":11}},"297":{"start":{"line":298,"column":0},"end":{"line":298,"column":24}},"298":{"start":{"line":299,"column":0},"end":{"line":299,"column":42}},"299":{"start":{"line":300,"column":0},"end":{"line":300,"column":4}},"300":{"start":{"line":301,"column":0},"end":{"line":301,"column":3}},"301":{"start":{"line":302,"column":0},"end":{"line":302,"column":3}},"302":{"start":{"line":303,"column":0},"end":{"line":303,"column":0}},"303":{"start":{"line":304,"column":0},"end":{"line":304,"column":35}},"304":{"start":{"line":305,"column":0},"end":{"line":305,"column":28}},"305":{"start":{"line":306,"column":0},"end":{"line":306,"column":28}},"306":{"start":{"line":307,"column":0},"end":{"line":307,"column":71}},"307":{"start":{"line":308,"column":0},"end":{"line":308,"column":51}},"308":{"start":{"line":309,"column":0},"end":{"line":309,"column":58}},"309":{"start":{"line":310,"column":0},"end":{"line":310,"column":11}},"310":{"start":{"line":311,"column":0},"end":{"line":311,"column":4}},"311":{"start":{"line":312,"column":0},"end":{"line":312,"column":8}},"312":{"start":{"line":313,"column":0},"end":{"line":313,"column":69}},"313":{"start":{"line":314,"column":0},"end":{"line":314,"column":24}},"314":{"start":{"line":315,"column":0},"end":{"line":315,"column":42}},"315":{"start":{"line":316,"column":0},"end":{"line":316,"column":4}},"316":{"start":{"line":317,"column":0},"end":{"line":317,"column":3}},"317":{"start":{"line":318,"column":0},"end":{"line":318,"column":3}},"318":{"start":{"line":319,"column":0},"end":{"line":319,"column":0}},"319":{"start":{"line":320,"column":0},"end":{"line":320,"column":38}},"320":{"start":{"line":321,"column":0},"end":{"line":321,"column":49}},"321":{"start":{"line":322,"column":0},"end":{"line":322,"column":28}},"322":{"start":{"line":323,"column":0},"end":{"line":323,"column":71}},"323":{"start":{"line":324,"column":0},"end":{"line":324,"column":53}},"324":{"start":{"line":325,"column":0},"end":{"line":325,"column":58}},"325":{"start":{"line":326,"column":0},"end":{"line":326,"column":11}},"326":{"start":{"line":327,"column":0},"end":{"line":327,"column":4}},"327":{"start":{"line":328,"column":0},"end":{"line":328,"column":8}},"328":{"start":{"line":329,"column":0},"end":{"line":329,"column":55}},"329":{"start":{"line":330,"column":0},"end":{"line":330,"column":65}},"330":{"start":{"line":331,"column":0},"end":{"line":331,"column":26}},"331":{"start":{"line":332,"column":0},"end":{"line":332,"column":25}},"332":{"start":{"line":333,"column":0},"end":{"line":333,"column":6}},"333":{"start":{"line":334,"column":0},"end":{"line":334,"column":56}},"334":{"start":{"line":335,"column":0},"end":{"line":335,"column":24}},"335":{"start":{"line":336,"column":0},"end":{"line":336,"column":42}},"336":{"start":{"line":337,"column":0},"end":{"line":337,"column":4}},"337":{"start":{"line":338,"column":0},"end":{"line":338,"column":3}},"338":{"start":{"line":339,"column":0},"end":{"line":339,"column":3}},"339":{"start":{"line":340,"column":0},"end":{"line":340,"column":0}},"340":{"start":{"line":341,"column":0},"end":{"line":341,"column":34}},"341":{"start":{"line":342,"column":0},"end":{"line":342,"column":26}},"342":{"start":{"line":343,"column":0},"end":{"line":343,"column":28}},"343":{"start":{"line":344,"column":0},"end":{"line":344,"column":71}},"344":{"start":{"line":345,"column":0},"end":{"line":345,"column":51}},"345":{"start":{"line":346,"column":0},"end":{"line":346,"column":58}},"346":{"start":{"line":347,"column":0},"end":{"line":347,"column":11}},"347":{"start":{"line":348,"column":0},"end":{"line":348,"column":4}},"348":{"start":{"line":349,"column":0},"end":{"line":349,"column":8}},"349":{"start":{"line":350,"column":0},"end":{"line":350,"column":52}},"350":{"start":{"line":351,"column":0},"end":{"line":351,"column":24}},"351":{"start":{"line":352,"column":0},"end":{"line":352,"column":42}},"352":{"start":{"line":353,"column":0},"end":{"line":353,"column":4}},"353":{"start":{"line":354,"column":0},"end":{"line":354,"column":3}},"354":{"start":{"line":355,"column":0},"end":{"line":355,"column":3}},"355":{"start":{"line":356,"column":0},"end":{"line":356,"column":2}},"356":{"start":{"line":357,"column":0},"end":{"line":357,"column":0}},"357":{"start":{"line":358,"column":0},"end":{"line":358,"column":57}},"358":{"start":{"line":359,"column":0},"end":{"line":359,"column":12}}},"s":{"0":1,"1":1,"2":1,"3":1,"4":1,"5":1,"6":1,"7":1,"8":1,"9":1,"10":1,"11":1,"12":1,"13":1,"14":1,"15":4,"16":4,"17":0,"18":0,"19":0,"20":0,"21":0,"22":4,"23":4,"24":1,"25":1,"26":1,"27":1,"28":2,"29":2,"30":2,"31":2,"32":2,"33":2,"34":2,"35":2,"36":2,"37":2,"38":1,"39":1,"40":2,"41":2,"42":2,"43":2,"44":1,"45":1,"46":1,"47":1,"48":1,"49":1,"50":1,"51":1,"52":1,"53":1,"54":1,"55":1,"56":1,"57":1,"58":1,"59":1,"60":1,"61":1,"62":1,"63":1,"64":1,"65":1,"66":1,"67":1,"68":1,"69":1,"70":1,"71":1,"72":1,"73":1,"74":1,"75":1,"76":1,"77":1,"78":1,"79":1,"80":1,"81":1,"82":1,"83":1,"84":1,"85":1,"86":1,"87":1,"88":1,"89":1,"90":1,"91":1,"92":1,"93":1,"94":1,"95":1,"96":1,"97":1,"98":1,"99":1,"100":1,"101":1,"102":1,"103":1,"104":1,"105":1,"106":1,"107":1,"108":1,"109":1,"110":1,"111":1,"112":1,"113":1,"114":1,"115":1,"116":1,"117":1,"118":1,"119":1,"120":1,"121":1,"122":1,"123":1,"124":1,"125":1,"126":1,"127":1,"128":1,"129":1,"130":1,"131":1,"132":1,"133":1,"134":1,"135":1,"136":1,"137":1,"138":1,"139":1,"140":1,"141":1,"142":1,"143":1,"144":1,"145":1,"146":1,"147":1,"148":1,"149":1,"150":1,"151":1,"152":1,"153":1,"154":1,"155":1,"156":1,"157":1,"158":1,"159":1,"160":1,"161":1,"162":1,"163":1,"164":1,"165":1,"166":1,"167":1,"168":1,"169":1,"170":1,"171":1,"172":1,"173":1,"174":1,"175":1,"176":1,"177":1,"178":1,"179":1,"180":1,"181":1,"182":1,"183":1,"184":1,"185":1,"186":1,"187":1,"188":1,"189":1,"190":1,"191":1,"192":1,"193":2,"194":2,"195":0,"196":0,"197":0,"198":0,"199":0,"200":2,"201":2,"202":2,"203":2,"204":2,"205":2,"206":2,"207":2,"208":2,"209":2,"210":2,"211":2,"212":2,"213":2,"214":1,"215":1,"216":1,"217":2,"218":2,"219":2,"220":2,"221":2,"222":2,"223":2,"224":2,"225":1,"226":1,"227":1,"228":1,"229":2,"230":2,"231":2,"232":2,"233":2,"234":1,"235":1,"236":1,"237":1,"238":1,"239":2,"240":2,"241":2,"242":2,"243":2,"244":2,"245":2,"246":2,"247":2,"248":2,"249":2,"250":1,"251":1,"252":1,"253":1,"254":1,"255":2,"256":2,"257":2,"258":2,"259":2,"260":2,"261":2,"262":2,"263":2,"264":2,"265":1,"266":1,"267":1,"268":2,"269":2,"270":2,"271":2,"272":2,"273":2,"274":2,"275":2,"276":2,"277":2,"278":2,"279":2,"280":1,"281":1,"282":1,"283":1,"284":1,"285":3,"286":3,"287":1,"288":1,"289":1,"290":1,"291":1,"292":3,"293":3,"294":3,"295":3,"296":3,"297":3,"298":3,"299":3,"300":3,"301":1,"302":1,"303":1,"304":1,"305":1,"306":2,"307":2,"308":2,"309":2,"310":2,"311":2,"312":2,"313":2,"314":2,"315":2,"316":2,"317":1,"318":1,"319":1,"320":1,"321":1,"322":2,"323":2,"324":2,"325":2,"326":2,"327":2,"328":2,"329":2,"330":2,"331":2,"332":2,"333":2,"334":2,"335":2,"336":2,"337":2,"338":1,"339":1,"340":1,"341":1,"342":1,"343":2,"344":2,"345":2,"346":2,"347":2,"348":2,"349":2,"350":2,"351":2,"352":2,"353":2,"354":1,"355":1,"356":1,"357":1,"358":1},"branchMap":{"0":{"type":"branch","line":15,"loc":{"start":{"line":15,"column":19},"end":{"line":24,"column":2}},"locations":[{"start":{"line":15,"column":19},"end":{"line":24,"column":2}}]},"1":{"type":"branch","line":15,"loc":{"start":{"line":15,"column":42},"end":{"line":24,"column":2}},"locations":[{"start":{"line":15,"column":42},"end":{"line":24,"column":2}}]},"2":{"type":"branch","line":16,"loc":{"start":{"line":16,"column":21},"end":{"line":16,"column":58}},"locations":[{"start":{"line":16,"column":21},"end":{"line":16,"column":58}}]},"3":{"type":"branch","line":17,"loc":{"start":{"line":17,"column":18},"end":{"line":22,"column":2}},"locations":[{"start":{"line":17,"column":18},"end":{"line":22,"column":2}}]},"4":{"type":"branch","line":28,"loc":{"start":{"line":28,"column":35},"end":{"line":45,"column":3}},"locations":[{"start":{"line":28,"column":35},"end":{"line":45,"column":3}}]},"5":{"type":"branch","line":29,"loc":{"start":{"line":29,"column":22},"end":{"line":29,"column":70}},"locations":[{"start":{"line":29,"column":22},"end":{"line":29,"column":70}}]},"6":{"type":"branch","line":38,"loc":{"start":{"line":38,"column":51},"end":{"line":40,"column":4}},"locations":[{"start":{"line":38,"column":51},"end":{"line":40,"column":4}}]},"7":{"type":"branch","line":31,"loc":{"start":{"line":31,"column":38},"end":{"line":36,"column":4}},"locations":[{"start":{"line":31,"column":38},"end":{"line":36,"column":4}}]},"8":{"type":"branch","line":32,"loc":{"start":{"line":32,"column":37},"end":{"line":35,"column":5}},"locations":[{"start":{"line":32,"column":37},"end":{"line":35,"column":5}}]},"9":{"type":"branch","line":33,"loc":{"start":{"line":33,"column":14},"end":{"line":33,"column":26}},"locations":[{"start":{"line":33,"column":14},"end":{"line":33,"column":26}}]},"10":{"type":"branch","line":47,"loc":{"start":{"line":47,"column":41},"end":{"line":61,"column":3}},"locations":[{"start":{"line":47,"column":41},"end":{"line":61,"column":3}}]},"11":{"type":"branch","line":49,"loc":{"start":{"line":49,"column":34},"end":{"line":49,"column":47}},"locations":[{"start":{"line":49,"column":34},"end":{"line":49,"column":47}}]},"12":{"type":"branch","line":65,"loc":{"start":{"line":65,"column":2},"end":{"line":80,"column":3}},"locations":[{"start":{"line":65,"column":2},"end":{"line":80,"column":3}}]},"13":{"type":"branch","line":67,"loc":{"start":{"line":67,"column":35},"end":{"line":67,"column":48}},"locations":[{"start":{"line":67,"column":35},"end":{"line":67,"column":48}}]},"14":{"type":"branch","line":85,"loc":{"start":{"line":85,"column":2},"end":{"line":101,"column":3}},"locations":[{"start":{"line":85,"column":2},"end":{"line":101,"column":3}}]},"15":{"type":"branch","line":87,"loc":{"start":{"line":87,"column":35},"end":{"line":87,"column":48}},"locations":[{"start":{"line":87,"column":35},"end":{"line":87,"column":48}}]},"16":{"type":"branch","line":104,"loc":{"start":{"line":104,"column":38},"end":{"line":114,"column":3}},"locations":[{"start":{"line":104,"column":38},"end":{"line":114,"column":3}}]},"17":{"type":"branch","line":106,"loc":{"start":{"line":106,"column":34},"end":{"line":106,"column":47}},"locations":[{"start":{"line":106,"column":34},"end":{"line":106,"column":47}}]},"18":{"type":"branch","line":108,"loc":{"start":{"line":108,"column":3},"end":{"line":108,"column":68}},"locations":[{"start":{"line":108,"column":3},"end":{"line":108,"column":68}}]},"19":{"type":"branch","line":116,"loc":{"start":{"line":116,"column":36},"end":{"line":126,"column":3}},"locations":[{"start":{"line":116,"column":36},"end":{"line":126,"column":3}}]},"20":{"type":"branch","line":128,"loc":{"start":{"line":128,"column":46},"end":{"line":137,"column":3}},"locations":[{"start":{"line":128,"column":46},"end":{"line":137,"column":3}}]},"21":{"type":"branch","line":139,"loc":{"start":{"line":139,"column":38},"end":{"line":151,"column":3}},"locations":[{"start":{"line":139,"column":38},"end":{"line":151,"column":3}}]},"22":{"type":"branch","line":155,"loc":{"start":{"line":155,"column":2},"end":{"line":166,"column":3}},"locations":[{"start":{"line":155,"column":2},"end":{"line":166,"column":3}}]},"23":{"type":"branch","line":158,"loc":{"start":{"line":158,"column":36},"end":{"line":158,"column":41}},"locations":[{"start":{"line":158,"column":36},"end":{"line":158,"column":41}}]},"24":{"type":"branch","line":159,"loc":{"start":{"line":159,"column":34},"end":{"line":159,"column":40}},"locations":[{"start":{"line":159,"column":34},"end":{"line":159,"column":40}}]},"25":{"type":"branch","line":169,"loc":{"start":{"line":169,"column":38},"end":{"line":177,"column":3}},"locations":[{"start":{"line":169,"column":38},"end":{"line":177,"column":3}}]},"26":{"type":"branch","line":171,"loc":{"start":{"line":171,"column":3},"end":{"line":171,"column":66}},"locations":[{"start":{"line":171,"column":3},"end":{"line":171,"column":66}}]},"27":{"type":"branch","line":179,"loc":{"start":{"line":179,"column":36},"end":{"line":189,"column":3}},"locations":[{"start":{"line":179,"column":36},"end":{"line":189,"column":3}}]},"28":{"type":"branch","line":193,"loc":{"start":{"line":193,"column":46},"end":{"line":215,"column":3}},"locations":[{"start":{"line":193,"column":46},"end":{"line":215,"column":3}}]},"29":{"type":"branch","line":194,"loc":{"start":{"line":194,"column":22},"end":{"line":194,"column":70}},"locations":[{"start":{"line":194,"column":22},"end":{"line":194,"column":70}}]},"30":{"type":"branch","line":195,"loc":{"start":{"line":195,"column":39},"end":{"line":200,"column":3}},"locations":[{"start":{"line":195,"column":39},"end":{"line":200,"column":3}}]},"31":{"type":"branch","line":217,"loc":{"start":{"line":217,"column":37},"end":{"line":235,"column":3}},"locations":[{"start":{"line":217,"column":37},"end":{"line":235,"column":3}}]},"32":{"type":"branch","line":218,"loc":{"start":{"line":218,"column":22},"end":{"line":218,"column":70}},"locations":[{"start":{"line":218,"column":22},"end":{"line":218,"column":70}}]},"33":{"type":"branch","line":225,"loc":{"start":{"line":225,"column":22},"end":{"line":230,"column":5}},"locations":[{"start":{"line":225,"column":22},"end":{"line":230,"column":5}}]},"34":{"type":"branch","line":226,"loc":{"start":{"line":226,"column":43},"end":{"line":229,"column":6}},"locations":[{"start":{"line":226,"column":43},"end":{"line":229,"column":6}}]},"35":{"type":"branch","line":227,"loc":{"start":{"line":227,"column":15},"end":{"line":227,"column":27}},"locations":[{"start":{"line":227,"column":15},"end":{"line":227,"column":27}}]},"36":{"type":"branch","line":239,"loc":{"start":{"line":239,"column":2},"end":{"line":250,"column":3}},"locations":[{"start":{"line":239,"column":2},"end":{"line":250,"column":3}}]},"37":{"type":"branch","line":240,"loc":{"start":{"line":240,"column":23},"end":{"line":240,"column":71}},"locations":[{"start":{"line":240,"column":23},"end":{"line":240,"column":71}}]},"38":{"type":"branch","line":255,"loc":{"start":{"line":255,"column":2},"end":{"line":265,"column":3}},"locations":[{"start":{"line":255,"column":2},"end":{"line":265,"column":3}}]},"39":{"type":"branch","line":256,"loc":{"start":{"line":256,"column":23},"end":{"line":256,"column":71}},"locations":[{"start":{"line":256,"column":23},"end":{"line":256,"column":71}}]},"40":{"type":"branch","line":268,"loc":{"start":{"line":268,"column":52},"end":{"line":281,"column":3}},"locations":[{"start":{"line":268,"column":52},"end":{"line":281,"column":3}}]},"41":{"type":"branch","line":269,"loc":{"start":{"line":269,"column":22},"end":{"line":269,"column":70}},"locations":[{"start":{"line":269,"column":22},"end":{"line":269,"column":70}}]},"42":{"type":"branch","line":285,"loc":{"start":{"line":285,"column":2},"end":{"line":301,"column":3}},"locations":[{"start":{"line":285,"column":2},"end":{"line":301,"column":3}}]},"43":{"type":"branch","line":286,"loc":{"start":{"line":286,"column":23},"end":{"line":286,"column":71}},"locations":[{"start":{"line":286,"column":23},"end":{"line":286,"column":71}}]},"44":{"type":"branch","line":287,"loc":{"start":{"line":287,"column":50},"end":{"line":292,"column":4}},"locations":[{"start":{"line":287,"column":50},"end":{"line":292,"column":4}}]},"45":{"type":"branch","line":306,"loc":{"start":{"line":306,"column":2},"end":{"line":317,"column":3}},"locations":[{"start":{"line":306,"column":2},"end":{"line":317,"column":3}}]},"46":{"type":"branch","line":307,"loc":{"start":{"line":307,"column":23},"end":{"line":307,"column":71}},"locations":[{"start":{"line":307,"column":23},"end":{"line":307,"column":71}}]},"47":{"type":"branch","line":322,"loc":{"start":{"line":322,"column":2},"end":{"line":338,"column":3}},"locations":[{"start":{"line":322,"column":2},"end":{"line":338,"column":3}}]},"48":{"type":"branch","line":323,"loc":{"start":{"line":323,"column":23},"end":{"line":323,"column":71}},"locations":[{"start":{"line":323,"column":23},"end":{"line":323,"column":71}}]},"49":{"type":"branch","line":343,"loc":{"start":{"line":343,"column":2},"end":{"line":354,"column":3}},"locations":[{"start":{"line":343,"column":2},"end":{"line":354,"column":3}}]},"50":{"type":"branch","line":344,"loc":{"start":{"line":344,"column":23},"end":{"line":344,"column":71}},"locations":[{"start":{"line":344,"column":23},"end":{"line":344,"column":71}}]}},"b":{"0":[4],"1":[4],"2":[4],"3":[0],"4":[2],"5":[2],"6":[1],"7":[2],"8":[2],"9":[0],"10":[1],"11":[0],"12":[1],"13":[0],"14":[1],"15":[0],"16":[1],"17":[0],"18":[1],"19":[1],"20":[1],"21":[1],"22":[1],"23":[0],"24":[0],"25":[1],"26":[1],"27":[1],"28":[2],"29":[2],"30":[0],"31":[2],"32":[2],"33":[1],"34":[1],"35":[0],"36":[2],"37":[2],"38":[2],"39":[2],"40":[2],"41":[2],"42":[3],"43":[3],"44":[1],"45":[2],"46":[2],"47":[2],"48":[2],"49":[2],"50":[2]},"fnMap":{"0":{"name":"restricted","decl":{"start":{"line":15,"column":19},"end":{"line":24,"column":2}},"loc":{"start":{"line":15,"column":19},"end":{"line":24,"column":2}},"line":15},"1":{"name":"Object.<anonymous>.exports.CommandDictionary.help","decl":{"start":{"line":28,"column":35},"end":{"line":45,"column":3}},"loc":{"start":{"line":28,"column":35},"end":{"line":45,"column":3}},"line":28},"2":{"name":"Object.<anonymous>.exports.CommandDictionary.relapse","decl":{"start":{"line":47,"column":41},"end":{"line":61,"column":3}},"loc":{"start":{"line":47,"column":41},"end":{"line":61,"column":3}},"line":47},"3":{"name":"Object.<anonymous>.exports.CommandDictionary.relapseOne","decl":{"start":{"line":65,"column":2},"end":{"line":80,"column":3}},"loc":{"start":{"line":65,"column":2},"end":{"line":80,"column":3}},"line":65},"4":{"name":"Object.<anonymous>.exports.CommandDictionary.relapseTwo","decl":{"start":{"line":85,"column":2},"end":{"line":101,"column":3}},"loc":{"start":{"line":85,"column":2},"end":{"line":101,"column":3}},"line":85},"5":{"name":"Object.<anonymous>.exports.CommandDictionary.update","decl":{"start":{"line":104,"column":38},"end":{"line":114,"column":3}},"loc":{"start":{"line":104,"column":38},"end":{"line":114,"column":3}},"line":104},"6":{"name":"Object.<anonymous>.exports.CommandDictionary.stats","decl":{"start":{"line":116,"column":36},"end":{"line":126,"column":3}},"loc":{"start":{"line":116,"column":36},"end":{"line":126,"column":3}},"line":116},"7":{"name":"Object.<anonymous>.exports.CommandDictionary.groupstats","decl":{"start":{"line":128,"column":46},"end":{"line":137,"column":3}},"loc":{"start":{"line":128,"column":46},"end":{"line":137,"column":3}},"line":128},"8":{"name":"Object.<anonymous>.exports.CommandDictionary.rank","decl":{"start":{"line":139,"column":38},"end":{"line":151,"column":3}},"loc":{"start":{"line":139,"column":38},"end":{"line":151,"column":3}},"line":139},"9":{"name":"Object.<anonymous>.exports.CommandDictionary.rankRange","decl":{"start":{"line":155,"column":2},"end":{"line":166,"column":3}},"loc":{"start":{"line":155,"column":2},"end":{"line":166,"column":3}},"line":155},"10":{"name":"Object.<anonymous>.exports.CommandDictionary.myrank","decl":{"start":{"line":169,"column":38},"end":{"line":177,"column":3}},"loc":{"start":{"line":169,"column":38},"end":{"line":177,"column":3}},"line":169},"11":{"name":"Object.<anonymous>.exports.CommandDictionary.guide","decl":{"start":{"line":179,"column":36},"end":{"line":189,"column":3}},"loc":{"start":{"line":179,"column":36},"end":{"line":189,"column":3}},"line":179},"12":{"name":"Object.<anonymous>.exports.CommandDictionary.initialize","decl":{"start":{"line":193,"column":46},"end":{"line":215,"column":3}},"loc":{"start":{"line":193,"column":46},"end":{"line":215,"column":3}},"line":193},"13":{"name":"Object.<anonymous>.exports.CommandDictionary.admin","decl":{"start":{"line":217,"column":37},"end":{"line":235,"column":3}},"loc":{"start":{"line":217,"column":37},"end":{"line":235,"column":3}},"line":217},"14":{"name":"Object.<anonymous>.exports.CommandDictionary.adminRestrict","decl":{"start":{"line":239,"column":2},"end":{"line":250,"column":3}},"loc":{"start":{"line":239,"column":2},"end":{"line":250,"column":3}},"line":239},"15":{"name":"Object.<anonymous>.exports.CommandDictionary.adminUnrestrict","decl":{"start":{"line":255,"column":2},"end":{"line":265,"column":3}},"loc":{"start":{"line":255,"column":2},"end":{"line":265,"column":3}},"line":255},"16":{"name":"Object.<anonymous>.exports.CommandDictionary.adminBackup","decl":{"start":{"line":268,"column":52},"end":{"line":281,"column":3}},"loc":{"start":{"line":268,"column":52},"end":{"line":281,"column":3}},"line":268},"17":{"name":"Object.<anonymous>.exports.CommandDictionary.adminDelete","decl":{"start":{"line":285,"column":2},"end":{"line":301,"column":3}},"loc":{"start":{"line":285,"column":2},"end":{"line":301,"column":3}},"line":285},"18":{"name":"Object.<anonymous>.exports.CommandDictionary.adminStreakgroup","decl":{"start":{"line":306,"column":2},"end":{"line":317,"column":3}},"loc":{"start":{"line":306,"column":2},"end":{"line":317,"column":3}},"line":306},"19":{"name":"Object.<anonymous>.exports.CommandDictionary.adminChangeInterval","decl":{"start":{"line":322,"column":2},"end":{"line":338,"column":3}},"loc":{"start":{"line":322,"column":2},"end":{"line":338,"column":3}},"line":322},"20":{"name":"Object.<anonymous>.exports.CommandDictionary.adminOldStreaks","decl":{"start":{"line":343,"column":2},"end":{"line":354,"column":3}},"loc":{"start":{"line":343,"column":2},"end":{"line":354,"column":3}},"line":343}},"f":{"0":4,"1":2,"2":1,"3":1,"4":1,"5":1,"6":1,"7":1,"8":1,"9":1,"10":1,"11":1,"12":2,"13":2,"14":2,"15":2,"16":2,"17":3,"18":2,"19":2,"20":2}}
,"C:\\Users\\jeffs\\projects\\dbtc\\src\\lib\\Connect.ts": {"path":"C:\\Users\\jeffs\\projects\\dbtc\\src\\lib\\Connect.ts","all":false,"statementMap":{"0":{"start":{"line":1,"column":0},"end":{"line":1,"column":36}},"1":{"start":{"line":2,"column":0},"end":{"line":2,"column":32}},"2":{"start":{"line":3,"column":0},"end":{"line":3,"column":0}},"3":{"start":{"line":4,"column":0},"end":{"line":4,"column":40}},"4":{"start":{"line":5,"column":0},"end":{"line":5,"column":29}},"5":{"start":{"line":6,"column":0},"end":{"line":6,"column":74}},"6":{"start":{"line":7,"column":0},"end":{"line":7,"column":65}},"7":{"start":{"line":8,"column":0},"end":{"line":8,"column":21}},"8":{"start":{"line":9,"column":0},"end":{"line":9,"column":1}},"9":{"start":{"line":10,"column":0},"end":{"line":10,"column":0}},"10":{"start":{"line":11,"column":0},"end":{"line":11,"column":46}},"11":{"start":{"line":12,"column":0},"end":{"line":12,"column":21}},"12":{"start":{"line":13,"column":0},"end":{"line":13,"column":1}}},"s":{"0":1,"1":1,"2":1,"3":0,"4":0,"5":0,"6":0,"7":0,"8":0,"9":1,"10":0,"11":0,"12":0},"branchMap":{},"b":{},"fnMap":{"0":{"name":"connect","decl":{"start":{"line":4,"column":0},"end":{"line":9,"column":1}},"loc":{"start":{"line":4,"column":0},"end":{"line":9,"column":1}},"line":4},"1":{"name":"connectAll","decl":{"start":{"line":11,"column":0},"end":{"line":13,"column":1}},"loc":{"start":{"line":11,"column":0},"end":{"line":13,"column":1}},"line":11}},"f":{"0":0,"1":0}}
,"C:\\Users\\jeffs\\projects\\dbtc\\src\\lib\\index.ts": {"path":"C:\\Users\\jeffs\\projects\\dbtc\\src\\lib\\index.ts","all":false,"statementMap":{"0":{"start":{"line":1,"column":0},"end":{"line":1,"column":33}},"1":{"start":{"line":2,"column":0},"end":{"line":2,"column":41}},"2":{"start":{"line":3,"column":0},"end":{"line":3,"column":35}},"3":{"start":{"line":4,"column":0},"end":{"line":4,"column":21}},"4":{"start":{"line":5,"column":0},"end":{"line":5,"column":13}},"5":{"start":{"line":6,"column":0},"end":{"line":6,"column":18}},"6":{"start":{"line":7,"column":0},"end":{"line":7,"column":30}},"7":{"start":{"line":8,"column":0},"end":{"line":8,"column":65}},"8":{"start":{"line":9,"column":0},"end":{"line":9,"column":0}},"9":{"start":{"line":10,"column":0},"end":{"line":10,"column":45}},"10":{"start":{"line":11,"column":0},"end":{"line":11,"column":8}},"11":{"start":{"line":12,"column":0},"end":{"line":12,"column":10}},"12":{"start":{"line":13,"column":0},"end":{"line":13,"column":13}},"13":{"start":{"line":14,"column":0},"end":{"line":14,"column":30}},"14":{"start":{"line":15,"column":0},"end":{"line":15,"column":27}},"15":{"start":{"line":16,"column":0},"end":{"line":16,"column":69}},"16":{"start":{"line":17,"column":0},"end":{"line":17,"column":48}},"17":{"start":{"line":18,"column":0},"end":{"line":18,"column":0}},"18":{"start":{"line":19,"column":0},"end":{"line":19,"column":57}},"19":{"start":{"line":20,"column":0},"end":{"line":20,"column":8}},"20":{"start":{"line":21,"column":0},"end":{"line":21,"column":13}},"21":{"start":{"line":22,"column":0},"end":{"line":22,"column":13}},"22":{"start":{"line":23,"column":0},"end":{"line":23,"column":18}},"23":{"start":{"line":24,"column":0},"end":{"line":24,"column":13}},"24":{"start":{"line":25,"column":0},"end":{"line":25,"column":14}},"25":{"start":{"line":26,"column":0},"end":{"line":26,"column":6}},"26":{"start":{"line":27,"column":0},"end":{"line":27,"column":10}},"27":{"start":{"line":28,"column":0},"end":{"line":28,"column":7}},"28":{"start":{"line":29,"column":0},"end":{"line":29,"column":2}}},"s":{"0":1,"1":1,"2":1,"3":1,"4":1,"5":1,"6":1,"7":1,"8":1,"9":1,"10":1,"11":1,"12":1,"13":1,"14":1,"15":1,"16":1,"17":1,"18":1,"19":1,"20":1,"21":1,"22":1,"23":1,"24":1,"25":1,"26":1,"27":1,"28":1},"branchMap":{"0":{"type":"branch","line":22,"loc":{"start":{"line":22,"column":1},"end":{"line":22,"column":12}},"locations":[{"start":{"line":22,"column":1},"end":{"line":22,"column":12}}]},"1":{"type":"branch","line":10,"loc":{"start":{"line":10,"column":9},"end":{"line":10,"column":45}},"locations":[{"start":{"line":10,"column":9},"end":{"line":10,"column":45}}]},"2":{"type":"branch","line":12,"loc":{"start":{"line":12,"column":1},"end":{"line":12,"column":10}},"locations":[{"start":{"line":12,"column":1},"end":{"line":12,"column":10}}]},"3":{"type":"branch","line":13,"loc":{"start":{"line":13,"column":1},"end":{"line":13,"column":13}},"locations":[{"start":{"line":13,"column":1},"end":{"line":13,"column":13}}]},"4":{"type":"branch","line":16,"loc":{"start":{"line":16,"column":9},"end":{"line":16,"column":69}},"locations":[{"start":{"line":16,"column":9},"end":{"line":16,"column":69}}]},"5":{"type":"branch","line":19,"loc":{"start":{"line":19,"column":19},"end":{"line":19,"column":57}},"locations":[{"start":{"line":19,"column":19},"end":{"line":19,"column":57}}]}},"b":{"0":[2],"1":[4],"2":[1],"3":[2],"4":[119],"5":[20]},"fnMap":{"0":{"name":"get","decl":{"start":{"line":22,"column":1},"end":{"line":22,"column":12}},"loc":{"start":{"line":22,"column":1},"end":{"line":22,"column":12}},"line":22},"1":{"name":"get","decl":{"start":{"line":10,"column":9},"end":{"line":10,"column":45}},"loc":{"start":{"line":10,"column":9},"end":{"line":10,"column":45}},"line":10},"2":{"name":"get","decl":{"start":{"line":12,"column":1},"end":{"line":12,"column":10}},"loc":{"start":{"line":12,"column":1},"end":{"line":12,"column":10}},"line":12},"3":{"name":"get","decl":{"start":{"line":13,"column":1},"end":{"line":13,"column":13}},"loc":{"start":{"line":13,"column":1},"end":{"line":13,"column":13}},"line":13},"4":{"name":"get","decl":{"start":{"line":16,"column":9},"end":{"line":16,"column":69}},"loc":{"start":{"line":16,"column":9},"end":{"line":16,"column":69}},"line":16},"5":{"name":"get","decl":{"start":{"line":17,"column":9},"end":{"line":17,"column":18}},"loc":{"start":{"line":17,"column":9},"end":{"line":17,"column":18}},"line":17},"6":{"name":"get","decl":{"start":{"line":17,"column":18},"end":{"line":17,"column":48}},"loc":{"start":{"line":17,"column":18},"end":{"line":17,"column":48}},"line":17},"7":{"name":"get","decl":{"start":{"line":19,"column":9},"end":{"line":19,"column":19}},"loc":{"start":{"line":19,"column":9},"end":{"line":19,"column":19}},"line":19},"8":{"name":"get","decl":{"start":{"line":19,"column":19},"end":{"line":19,"column":57}},"loc":{"start":{"line":19,"column":19},"end":{"line":19,"column":57}},"line":19}},"f":{"0":2,"1":4,"2":1,"3":2,"4":119,"5":0,"6":0,"7":0,"8":20}}
,"C:\\Users\\jeffs\\projects\\dbtc\\src\\lib\\models\\Assigner.ts": {"path":"C:\\Users\\jeffs\\projects\\dbtc\\src\\lib\\models\\Assigner.ts","all":false,"statementMap":{"0":{"start":{"line":1,"column":0},"end":{"line":1,"column":34}},"1":{"start":{"line":2,"column":0},"end":{"line":2,"column":44}},"2":{"start":{"line":3,"column":0},"end":{"line":3,"column":51}},"3":{"start":{"line":4,"column":0},"end":{"line":4,"column":56}},"4":{"start":{"line":5,"column":0},"end":{"line":5,"column":0}},"5":{"start":{"line":6,"column":0},"end":{"line":6,"column":23}},"6":{"start":{"line":7,"column":0},"end":{"line":7,"column":16}},"7":{"start":{"line":8,"column":0},"end":{"line":8,"column":29}},"8":{"start":{"line":9,"column":0},"end":{"line":9,"column":20}},"9":{"start":{"line":10,"column":0},"end":{"line":10,"column":15}},"10":{"start":{"line":11,"column":0},"end":{"line":11,"column":61}},"11":{"start":{"line":12,"column":0},"end":{"line":12,"column":35}},"12":{"start":{"line":13,"column":0},"end":{"line":13,"column":38}},"13":{"start":{"line":14,"column":0},"end":{"line":14,"column":2}},"14":{"start":{"line":15,"column":0},"end":{"line":15,"column":0}},"15":{"start":{"line":16,"column":0},"end":{"line":16,"column":28}},"16":{"start":{"line":17,"column":0},"end":{"line":17,"column":19}},"17":{"start":{"line":18,"column":0},"end":{"line":18,"column":18}},"18":{"start":{"line":19,"column":0},"end":{"line":19,"column":30}},"19":{"start":{"line":20,"column":0},"end":{"line":20,"column":23}},"20":{"start":{"line":21,"column":0},"end":{"line":21,"column":41}},"21":{"start":{"line":22,"column":0},"end":{"line":22,"column":49}},"22":{"start":{"line":23,"column":0},"end":{"line":23,"column":14}},"23":{"start":{"line":24,"column":0},"end":{"line":24,"column":2}},"24":{"start":{"line":25,"column":0},"end":{"line":25,"column":0}},"25":{"start":{"line":26,"column":0},"end":{"line":26,"column":55}},"26":{"start":{"line":27,"column":0},"end":{"line":27,"column":70}},"27":{"start":{"line":28,"column":0},"end":{"line":28,"column":45}},"28":{"start":{"line":29,"column":0},"end":{"line":29,"column":50}},"29":{"start":{"line":30,"column":0},"end":{"line":30,"column":21}},"30":{"start":{"line":31,"column":0},"end":{"line":31,"column":19}},"31":{"start":{"line":32,"column":0},"end":{"line":32,"column":68}},"32":{"start":{"line":33,"column":0},"end":{"line":33,"column":5}},"33":{"start":{"line":34,"column":0},"end":{"line":34,"column":3}},"34":{"start":{"line":35,"column":0},"end":{"line":35,"column":29}},"35":{"start":{"line":36,"column":0},"end":{"line":36,"column":20}},"36":{"start":{"line":37,"column":0},"end":{"line":37,"column":67}},"37":{"start":{"line":38,"column":0},"end":{"line":38,"column":32}},"38":{"start":{"line":39,"column":0},"end":{"line":39,"column":74}},"39":{"start":{"line":40,"column":0},"end":{"line":40,"column":46}},"40":{"start":{"line":41,"column":0},"end":{"line":41,"column":21}},"41":{"start":{"line":42,"column":0},"end":{"line":42,"column":114}},"42":{"start":{"line":43,"column":0},"end":{"line":43,"column":7}},"43":{"start":{"line":44,"column":0},"end":{"line":44,"column":5}},"44":{"start":{"line":45,"column":0},"end":{"line":45,"column":66}},"45":{"start":{"line":46,"column":0},"end":{"line":46,"column":42}},"46":{"start":{"line":47,"column":0},"end":{"line":47,"column":4}},"47":{"start":{"line":48,"column":0},"end":{"line":48,"column":39}},"48":{"start":{"line":49,"column":0},"end":{"line":49,"column":3}},"49":{"start":{"line":50,"column":0},"end":{"line":50,"column":69}},"50":{"start":{"line":51,"column":0},"end":{"line":51,"column":2}},"51":{"start":{"line":52,"column":0},"end":{"line":52,"column":0}},"52":{"start":{"line":53,"column":0},"end":{"line":53,"column":71}},"53":{"start":{"line":54,"column":0},"end":{"line":54,"column":40}},"54":{"start":{"line":55,"column":0},"end":{"line":55,"column":7}},"55":{"start":{"line":56,"column":0},"end":{"line":56,"column":65}},"56":{"start":{"line":57,"column":0},"end":{"line":57,"column":33}},"57":{"start":{"line":58,"column":0},"end":{"line":58,"column":15}},"58":{"start":{"line":59,"column":0},"end":{"line":59,"column":10}},"59":{"start":{"line":60,"column":0},"end":{"line":60,"column":3}},"60":{"start":{"line":61,"column":0},"end":{"line":61,"column":9}},"61":{"start":{"line":62,"column":0},"end":{"line":62,"column":2}},"62":{"start":{"line":63,"column":0},"end":{"line":63,"column":0}},"63":{"start":{"line":64,"column":0},"end":{"line":64,"column":44}},"64":{"start":{"line":65,"column":0},"end":{"line":65,"column":32}},"65":{"start":{"line":66,"column":0},"end":{"line":66,"column":28}},"66":{"start":{"line":67,"column":0},"end":{"line":67,"column":2}},"67":{"start":{"line":68,"column":0},"end":{"line":68,"column":0}},"68":{"start":{"line":69,"column":0},"end":{"line":69,"column":59}},"69":{"start":{"line":70,"column":0},"end":{"line":70,"column":32}},"70":{"start":{"line":71,"column":0},"end":{"line":71,"column":40}},"71":{"start":{"line":72,"column":0},"end":{"line":72,"column":41}},"72":{"start":{"line":73,"column":0},"end":{"line":73,"column":5}},"73":{"start":{"line":74,"column":0},"end":{"line":74,"column":2}},"74":{"start":{"line":75,"column":0},"end":{"line":75,"column":0}},"75":{"start":{"line":76,"column":0},"end":{"line":76,"column":43}},"76":{"start":{"line":77,"column":0},"end":{"line":77,"column":32}},"77":{"start":{"line":78,"column":0},"end":{"line":78,"column":34}},"78":{"start":{"line":79,"column":0},"end":{"line":79,"column":2}},"79":{"start":{"line":80,"column":0},"end":{"line":80,"column":1}}},"s":{"0":1,"1":1,"2":1,"3":1,"4":1,"5":2,"6":2,"7":2,"8":2,"9":2,"10":2,"11":4,"12":4,"13":4,"14":2,"15":2,"16":4,"17":4,"18":4,"19":4,"20":4,"21":4,"22":4,"23":4,"24":2,"25":2,"26":4,"27":4,"28":4,"29":4,"30":0,"31":0,"32":0,"33":0,"34":4,"35":4,"36":4,"37":4,"38":18,"39":4,"40":0,"41":0,"42":0,"43":0,"44":4,"45":4,"46":4,"47":14,"48":14,"49":0,"50":4,"51":2,"52":2,"53":4,"54":4,"55":4,"56":4,"57":4,"58":4,"59":4,"60":4,"61":4,"62":2,"63":2,"64":4,"65":4,"66":4,"67":2,"68":2,"69":1,"70":1,"71":1,"72":1,"73":1,"74":2,"75":2,"76":5,"77":5,"78":5,"79":2},"branchMap":{"0":{"type":"branch","line":6,"loc":{"start":{"line":6,"column":0},"end":{"line":80,"column":1}},"locations":[{"start":{"line":6,"column":0},"end":{"line":80,"column":1}}]},"1":{"type":"branch","line":11,"loc":{"start":{"line":11,"column":1},"end":{"line":14,"column":2}},"locations":[{"start":{"line":11,"column":1},"end":{"line":14,"column":2}}]},"2":{"type":"branch","line":12,"loc":{"start":{"line":12,"column":14},"end":{"line":12,"column":35}},"locations":[{"start":{"line":12,"column":14},"end":{"line":12,"column":35}}]},"3":{"type":"branch","line":13,"loc":{"start":{"line":13,"column":15},"end":{"line":13,"column":38}},"locations":[{"start":{"line":13,"column":15},"end":{"line":13,"column":38}}]},"4":{"type":"branch","line":16,"loc":{"start":{"line":16,"column":1},"end":{"line":24,"column":2}},"locations":[{"start":{"line":16,"column":1},"end":{"line":24,"column":2}}]},"5":{"type":"branch","line":26,"loc":{"start":{"line":26,"column":1},"end":{"line":51,"column":2}},"locations":[{"start":{"line":26,"column":1},"end":{"line":51,"column":2}}]},"6":{"type":"branch","line":27,"loc":{"start":{"line":27,"column":22},"end":{"line":27,"column":70}},"locations":[{"start":{"line":27,"column":22},"end":{"line":27,"column":70}}]},"7":{"type":"branch","line":28,"loc":{"start":{"line":28,"column":6},"end":{"line":28,"column":7}},"locations":[{"start":{"line":28,"column":6},"end":{"line":28,"column":7}}]},"8":{"type":"branch","line":29,"loc":{"start":{"line":29,"column":6},"end":{"line":29,"column":7}},"locations":[{"start":{"line":29,"column":6},"end":{"line":29,"column":7}}]},"9":{"type":"branch","line":29,"loc":{"start":{"line":29,"column":18},"end":{"line":29,"column":50}},"locations":[{"start":{"line":29,"column":18},"end":{"line":29,"column":50}}]},"10":{"type":"branch","line":30,"loc":{"start":{"line":30,"column":20},"end":{"line":34,"column":3}},"locations":[{"start":{"line":30,"column":20},"end":{"line":34,"column":3}}]},"11":{"type":"branch","line":38,"loc":{"start":{"line":38,"column":31},"end":{"line":49,"column":3}},"locations":[{"start":{"line":38,"column":31},"end":{"line":49,"column":3}}]},"12":{"type":"branch","line":39,"loc":{"start":{"line":39,"column":73},"end":{"line":47,"column":4}},"locations":[{"start":{"line":39,"column":73},"end":{"line":47,"column":4}}]},"13":{"type":"branch","line":40,"loc":{"start":{"line":40,"column":45},"end":{"line":44,"column":5}},"locations":[{"start":{"line":40,"column":45},"end":{"line":44,"column":5}}]},"14":{"type":"branch","line":48,"loc":{"start":{"line":48,"column":-1},"end":{"line":49,"column":3}},"locations":[{"start":{"line":48,"column":-1},"end":{"line":49,"column":3}}]},"15":{"type":"branch","line":50,"loc":{"start":{"line":50,"column":-1},"end":{"line":50,"column":69}},"locations":[{"start":{"line":50,"column":-1},"end":{"line":50,"column":69}}]},"16":{"type":"branch","line":53,"loc":{"start":{"line":53,"column":1},"end":{"line":62,"column":2}},"locations":[{"start":{"line":53,"column":1},"end":{"line":62,"column":2}}]},"17":{"type":"branch","line":61,"loc":{"start":{"line":61,"column":2},"end":{"line":61,"column":9}},"locations":[{"start":{"line":61,"column":2},"end":{"line":61,"column":9}}]},"18":{"type":"branch","line":64,"loc":{"start":{"line":64,"column":1},"end":{"line":67,"column":2}},"locations":[{"start":{"line":64,"column":1},"end":{"line":67,"column":2}}]},"19":{"type":"branch","line":65,"loc":{"start":{"line":65,"column":13},"end":{"line":65,"column":32}},"locations":[{"start":{"line":65,"column":13},"end":{"line":65,"column":32}}]},"20":{"type":"branch","line":69,"loc":{"start":{"line":69,"column":1},"end":{"line":74,"column":2}},"locations":[{"start":{"line":69,"column":1},"end":{"line":74,"column":2}}]},"21":{"type":"branch","line":70,"loc":{"start":{"line":70,"column":13},"end":{"line":70,"column":32}},"locations":[{"start":{"line":70,"column":13},"end":{"line":70,"column":32}}]},"22":{"type":"branch","line":71,"loc":{"start":{"line":71,"column":32},"end":{"line":73,"column":3}},"locations":[{"start":{"line":71,"column":32},"end":{"line":73,"column":3}}]},"23":{"type":"branch","line":76,"loc":{"start":{"line":76,"column":1},"end":{"line":79,"column":2}},"locations":[{"start":{"line":76,"column":1},"end":{"line":79,"column":2}}]},"24":{"type":"branch","line":77,"loc":{"start":{"line":77,"column":16},"end":{"line":77,"column":32}},"locations":[{"start":{"line":77,"column":16},"end":{"line":77,"column":32}}]}},"b":{"0":[2],"1":[4],"2":[3],"3":[0],"4":[4],"5":[4],"6":[4],"7":[0],"8":[3],"9":[1],"10":[0],"11":[18],"12":[4],"13":[0],"14":[14],"15":[0],"16":[4],"17":[0],"18":[4],"19":[4],"20":[1],"21":[1],"22":[1],"23":[5],"24":[0]},"fnMap":{"0":{"name":"Assigner","decl":{"start":{"line":11,"column":1},"end":{"line":14,"column":2}},"loc":{"start":{"line":11,"column":1},"end":{"line":14,"column":2}},"line":11},"1":{"name":"Object.<anonymous>.Assigner.assign","decl":{"start":{"line":16,"column":1},"end":{"line":24,"column":2}},"loc":{"start":{"line":16,"column":1},"end":{"line":24,"column":2}},"line":16},"2":{"name":"Object.<anonymous>.Assigner.assign","decl":{"start":{"line":26,"column":1},"end":{"line":51,"column":2}},"loc":{"start":{"line":26,"column":1},"end":{"line":51,"column":2}},"line":26},"3":{"name":"Object.<anonymous>.Assigner.setRole","decl":{"start":{"line":53,"column":1},"end":{"line":62,"column":2}},"loc":{"start":{"line":53,"column":1},"end":{"line":62,"column":2}},"line":53},"4":{"name":"Object.<anonymous>.Assigner.getProfile","decl":{"start":{"line":64,"column":1},"end":{"line":67,"column":2}},"loc":{"start":{"line":64,"column":1},"end":{"line":67,"column":2}},"line":64},"5":{"name":"Object.<anonymous>.Assigner.getStreak","decl":{"start":{"line":69,"column":1},"end":{"line":74,"column":2}},"loc":{"start":{"line":69,"column":1},"end":{"line":74,"column":2}},"line":69},"6":{"name":"Object.<anonymous>.Assigner.getDB","decl":{"start":{"line":76,"column":1},"end":{"line":79,"column":2}},"loc":{"start":{"line":76,"column":1},"end":{"line":79,"column":2}},"line":76}},"f":{"0":4,"1":4,"2":4,"3":4,"4":4,"5":1,"6":5}}
,"C:\\Users\\jeffs\\projects\\dbtc\\src\\lib\\models\\Database.ts": {"path":"C:\\Users\\jeffs\\projects\\dbtc\\src\\lib\\models\\Database.ts","all":false,"statementMap":{"0":{"start":{"line":1,"column":0},"end":{"line":1,"column":70}},"1":{"start":{"line":2,"column":0},"end":{"line":2,"column":34}},"2":{"start":{"line":3,"column":0},"end":{"line":3,"column":44}},"3":{"start":{"line":4,"column":0},"end":{"line":4,"column":0}},"4":{"start":{"line":5,"column":0},"end":{"line":5,"column":27}},"5":{"start":{"line":6,"column":0},"end":{"line":6,"column":28}},"6":{"start":{"line":7,"column":0},"end":{"line":7,"column":1}},"7":{"start":{"line":8,"column":0},"end":{"line":8,"column":0}},"8":{"start":{"line":9,"column":0},"end":{"line":9,"column":23}},"9":{"start":{"line":10,"column":0},"end":{"line":10,"column":27}},"10":{"start":{"line":11,"column":0},"end":{"line":11,"column":31}},"11":{"start":{"line":12,"column":0},"end":{"line":12,"column":36}},"12":{"start":{"line":13,"column":0},"end":{"line":13,"column":0}},"13":{"start":{"line":14,"column":0},"end":{"line":14,"column":28}},"14":{"start":{"line":15,"column":0},"end":{"line":15,"column":25}},"15":{"start":{"line":16,"column":0},"end":{"line":16,"column":27}},"16":{"start":{"line":17,"column":0},"end":{"line":17,"column":25}},"17":{"start":{"line":18,"column":0},"end":{"line":18,"column":37}},"18":{"start":{"line":19,"column":0},"end":{"line":19,"column":12}},"19":{"start":{"line":20,"column":0},"end":{"line":20,"column":22}},"20":{"start":{"line":21,"column":0},"end":{"line":21,"column":28}},"21":{"start":{"line":22,"column":0},"end":{"line":22,"column":24}},"22":{"start":{"line":23,"column":0},"end":{"line":23,"column":18}},"23":{"start":{"line":24,"column":0},"end":{"line":24,"column":32}},"24":{"start":{"line":25,"column":0},"end":{"line":25,"column":6}},"25":{"start":{"line":26,"column":0},"end":{"line":26,"column":6}},"26":{"start":{"line":27,"column":0},"end":{"line":27,"column":5}},"27":{"start":{"line":28,"column":0},"end":{"line":28,"column":2}},"28":{"start":{"line":29,"column":0},"end":{"line":29,"column":0}},"29":{"start":{"line":30,"column":0},"end":{"line":30,"column":44}},"30":{"start":{"line":31,"column":0},"end":{"line":31,"column":28}},"31":{"start":{"line":32,"column":0},"end":{"line":32,"column":28}},"32":{"start":{"line":33,"column":0},"end":{"line":33,"column":61}},"33":{"start":{"line":34,"column":0},"end":{"line":34,"column":8}},"34":{"start":{"line":35,"column":0},"end":{"line":35,"column":28}},"35":{"start":{"line":36,"column":0},"end":{"line":36,"column":68}},"36":{"start":{"line":37,"column":0},"end":{"line":37,"column":8}},"37":{"start":{"line":38,"column":0},"end":{"line":38,"column":30}},"38":{"start":{"line":39,"column":0},"end":{"line":39,"column":57}},"39":{"start":{"line":40,"column":0},"end":{"line":40,"column":8}},"40":{"start":{"line":41,"column":0},"end":{"line":41,"column":12}},"41":{"start":{"line":42,"column":0},"end":{"line":42,"column":2}},"42":{"start":{"line":43,"column":0},"end":{"line":43,"column":0}},"43":{"start":{"line":44,"column":0},"end":{"line":44,"column":66}},"44":{"start":{"line":45,"column":0},"end":{"line":45,"column":21}},"45":{"start":{"line":46,"column":0},"end":{"line":46,"column":34}},"46":{"start":{"line":47,"column":0},"end":{"line":47,"column":33}},"47":{"start":{"line":48,"column":0},"end":{"line":48,"column":29}},"48":{"start":{"line":49,"column":0},"end":{"line":49,"column":4}},"49":{"start":{"line":50,"column":0},"end":{"line":50,"column":5}},"50":{"start":{"line":51,"column":0},"end":{"line":51,"column":16}},"51":{"start":{"line":52,"column":0},"end":{"line":52,"column":2}},"52":{"start":{"line":53,"column":0},"end":{"line":53,"column":1}},"53":{"start":{"line":54,"column":0},"end":{"line":54,"column":0}},"54":{"start":{"line":55,"column":0},"end":{"line":55,"column":26}},"55":{"start":{"line":56,"column":0},"end":{"line":56,"column":18}},"56":{"start":{"line":57,"column":0},"end":{"line":57,"column":0}},"57":{"start":{"line":58,"column":0},"end":{"line":58,"column":44}},"58":{"start":{"line":59,"column":0},"end":{"line":59,"column":27}},"59":{"start":{"line":60,"column":0},"end":{"line":60,"column":2}},"60":{"start":{"line":61,"column":0},"end":{"line":61,"column":0}},"61":{"start":{"line":62,"column":0},"end":{"line":62,"column":49}},"62":{"start":{"line":63,"column":0},"end":{"line":63,"column":55}},"63":{"start":{"line":64,"column":0},"end":{"line":64,"column":53}},"64":{"start":{"line":65,"column":0},"end":{"line":65,"column":25}},"65":{"start":{"line":66,"column":0},"end":{"line":66,"column":14}},"66":{"start":{"line":67,"column":0},"end":{"line":67,"column":6}},"67":{"start":{"line":68,"column":0},"end":{"line":68,"column":5}},"68":{"start":{"line":69,"column":0},"end":{"line":69,"column":2}},"69":{"start":{"line":70,"column":0},"end":{"line":70,"column":0}},"70":{"start":{"line":71,"column":0},"end":{"line":71,"column":41}},"71":{"start":{"line":72,"column":0},"end":{"line":72,"column":58}},"72":{"start":{"line":73,"column":0},"end":{"line":73,"column":67}},"73":{"start":{"line":74,"column":0},"end":{"line":74,"column":28}},"74":{"start":{"line":75,"column":0},"end":{"line":75,"column":23}},"75":{"start":{"line":76,"column":0},"end":{"line":76,"column":6}},"76":{"start":{"line":77,"column":0},"end":{"line":77,"column":5}},"77":{"start":{"line":78,"column":0},"end":{"line":78,"column":41}},"78":{"start":{"line":79,"column":0},"end":{"line":79,"column":58}},"79":{"start":{"line":80,"column":0},"end":{"line":80,"column":49}},"80":{"start":{"line":81,"column":0},"end":{"line":81,"column":25}},"81":{"start":{"line":82,"column":0},"end":{"line":82,"column":34}},"82":{"start":{"line":83,"column":0},"end":{"line":83,"column":5}},"83":{"start":{"line":84,"column":0},"end":{"line":84,"column":4}},"84":{"start":{"line":85,"column":0},"end":{"line":85,"column":51}},"85":{"start":{"line":86,"column":0},"end":{"line":86,"column":2}},"86":{"start":{"line":87,"column":0},"end":{"line":87,"column":0}},"87":{"start":{"line":88,"column":0},"end":{"line":88,"column":35}},"88":{"start":{"line":89,"column":0},"end":{"line":89,"column":43}},"89":{"start":{"line":90,"column":0},"end":{"line":90,"column":27}},"90":{"start":{"line":91,"column":0},"end":{"line":91,"column":23}},"91":{"start":{"line":92,"column":0},"end":{"line":92,"column":23}},"92":{"start":{"line":93,"column":0},"end":{"line":93,"column":20}},"93":{"start":{"line":94,"column":0},"end":{"line":94,"column":19}},"94":{"start":{"line":95,"column":0},"end":{"line":95,"column":8}},"95":{"start":{"line":96,"column":0},"end":{"line":96,"column":20}},"96":{"start":{"line":97,"column":0},"end":{"line":97,"column":22}},"97":{"start":{"line":98,"column":0},"end":{"line":98,"column":22}},"98":{"start":{"line":99,"column":0},"end":{"line":99,"column":14}},"99":{"start":{"line":100,"column":0},"end":{"line":100,"column":51}},"100":{"start":{"line":101,"column":0},"end":{"line":101,"column":47}},"101":{"start":{"line":102,"column":0},"end":{"line":102,"column":25}},"102":{"start":{"line":103,"column":0},"end":{"line":103,"column":22}},"103":{"start":{"line":104,"column":0},"end":{"line":104,"column":6}},"104":{"start":{"line":105,"column":0},"end":{"line":105,"column":5}},"105":{"start":{"line":106,"column":0},"end":{"line":106,"column":2}},"106":{"start":{"line":107,"column":0},"end":{"line":107,"column":1}}},"s":{"0":1,"1":1,"2":1,"3":1,"4":1,"5":1,"6":1,"7":1,"8":2,"9":2,"10":2,"11":2,"12":2,"13":2,"14":3,"15":3,"16":3,"17":3,"18":36,"19":36,"20":36,"21":36,"22":36,"23":36,"24":36,"25":3,"26":3,"27":3,"28":2,"29":2,"30":2,"31":2,"32":2,"33":2,"34":2,"35":2,"36":2,"37":2,"38":2,"39":2,"40":2,"41":2,"42":2,"43":2,"44":2,"45":2,"46":480,"47":1,"48":1,"49":2,"50":2,"51":2,"52":2,"53":1,"54":1,"55":1,"56":1,"57":1,"58":1,"59":1,"60":1,"61":1,"62":1,"63":1,"64":1,"65":1,"66":1,"67":1,"68":1,"69":1,"70":1,"71":1,"72":1,"73":1,"74":1,"75":1,"76":1,"77":1,"78":1,"79":1,"80":1,"81":1,"82":1,"83":1,"84":1,"85":1,"86":1,"87":1,"88":1,"89":1,"90":1,"91":1,"92":1,"93":1,"94":1,"95":1,"96":1,"97":1,"98":1,"99":1,"100":1,"101":1,"102":1,"103":1,"104":1,"105":1,"106":1},"branchMap":{"0":{"type":"branch","line":9,"loc":{"start":{"line":9,"column":0},"end":{"line":53,"column":1}},"locations":[{"start":{"line":9,"column":0},"end":{"line":53,"column":1}}]},"1":{"type":"branch","line":9,"loc":{"start":{"line":9,"column":0},"end":{"line":53,"column":1}},"locations":[{"start":{"line":9,"column":0},"end":{"line":53,"column":1}}]},"2":{"type":"branch","line":14,"loc":{"start":{"line":14,"column":1},"end":{"line":28,"column":2}},"locations":[{"start":{"line":14,"column":1},"end":{"line":28,"column":2}}]},"3":{"type":"branch","line":18,"loc":{"start":{"line":18,"column":29},"end":{"line":26,"column":4}},"locations":[{"start":{"line":18,"column":29},"end":{"line":26,"column":4}}]},"4":{"type":"branch","line":30,"loc":{"start":{"line":30,"column":1},"end":{"line":42,"column":2}},"locations":[{"start":{"line":30,"column":1},"end":{"line":42,"column":2}}]},"5":{"type":"branch","line":34,"loc":{"start":{"line":34,"column":3},"end":{"line":34,"column":7}},"locations":[{"start":{"line":34,"column":3},"end":{"line":34,"column":7}}]},"6":{"type":"branch","line":37,"loc":{"start":{"line":37,"column":3},"end":{"line":37,"column":7}},"locations":[{"start":{"line":37,"column":3},"end":{"line":37,"column":7}}]},"7":{"type":"branch","line":40,"loc":{"start":{"line":40,"column":3},"end":{"line":40,"column":7}},"locations":[{"start":{"line":40,"column":3},"end":{"line":40,"column":7}}]},"8":{"type":"branch","line":33,"loc":{"start":{"line":33,"column":23},"end":{"line":33,"column":36}},"locations":[{"start":{"line":33,"column":23},"end":{"line":33,"column":36}}]},"9":{"type":"branch","line":36,"loc":{"start":{"line":36,"column":23},"end":{"line":36,"column":36}},"locations":[{"start":{"line":36,"column":23},"end":{"line":36,"column":36}}]},"10":{"type":"branch","line":44,"loc":{"start":{"line":44,"column":1},"end":{"line":52,"column":2}},"locations":[{"start":{"line":44,"column":1},"end":{"line":52,"column":2}}]},"11":{"type":"branch","line":46,"loc":{"start":{"line":46,"column":23},"end":{"line":50,"column":3}},"locations":[{"start":{"line":46,"column":23},"end":{"line":50,"column":3}}]},"12":{"type":"branch","line":47,"loc":{"start":{"line":47,"column":32},"end":{"line":49,"column":4}},"locations":[{"start":{"line":47,"column":32},"end":{"line":49,"column":4}}]},"13":{"type":"branch","line":55,"loc":{"start":{"line":55,"column":0},"end":{"line":107,"column":1}},"locations":[{"start":{"line":55,"column":0},"end":{"line":107,"column":1}}]},"14":{"type":"branch","line":58,"loc":{"start":{"line":58,"column":1},"end":{"line":60,"column":2}},"locations":[{"start":{"line":58,"column":1},"end":{"line":60,"column":2}}]},"15":{"type":"branch","line":58,"loc":{"start":{"line":58,"column":13},"end":{"line":58,"column":44}},"locations":[{"start":{"line":58,"column":13},"end":{"line":58,"column":44}}]},"16":{"type":"branch","line":62,"loc":{"start":{"line":62,"column":1},"end":{"line":69,"column":2}},"locations":[{"start":{"line":62,"column":1},"end":{"line":69,"column":2}}]},"17":{"type":"branch","line":63,"loc":{"start":{"line":63,"column":9},"end":{"line":68,"column":5}},"locations":[{"start":{"line":63,"column":9},"end":{"line":68,"column":5}}]},"18":{"type":"branch","line":63,"loc":{"start":{"line":63,"column":2},"end":{"line":68,"column":5}},"locations":[{"start":{"line":63,"column":2},"end":{"line":68,"column":5}}]},"19":{"type":"branch","line":63,"loc":{"start":{"line":63,"column":33},"end":{"line":68,"column":3}},"locations":[{"start":{"line":63,"column":33},"end":{"line":68,"column":3}}]},"20":{"type":"branch","line":64,"loc":{"start":{"line":64,"column":43},"end":{"line":67,"column":4}},"locations":[{"start":{"line":64,"column":43},"end":{"line":67,"column":4}}]},"21":{"type":"branch","line":65,"loc":{"start":{"line":65,"column":13},"end":{"line":65,"column":25}},"locations":[{"start":{"line":65,"column":13},"end":{"line":65,"column":25}}]},"22":{"type":"branch","line":71,"loc":{"start":{"line":71,"column":1},"end":{"line":86,"column":2}},"locations":[{"start":{"line":71,"column":1},"end":{"line":86,"column":2}}]},"23":{"type":"branch","line":72,"loc":{"start":{"line":72,"column":17},"end":{"line":77,"column":5}},"locations":[{"start":{"line":72,"column":17},"end":{"line":77,"column":5}}]},"24":{"type":"branch","line":78,"loc":{"start":{"line":78,"column":15},"end":{"line":78,"column":41}},"locations":[{"start":{"line":78,"column":15},"end":{"line":78,"column":41}}]},"25":{"type":"branch","line":85,"loc":{"start":{"line":85,"column":2},"end":{"line":85,"column":51}},"locations":[{"start":{"line":85,"column":2},"end":{"line":85,"column":51}}]},"26":{"type":"branch","line":72,"loc":{"start":{"line":72,"column":44},"end":{"line":77,"column":3}},"locations":[{"start":{"line":72,"column":44},"end":{"line":77,"column":3}}]},"27":{"type":"branch","line":73,"loc":{"start":{"line":73,"column":51},"end":{"line":76,"column":4}},"locations":[{"start":{"line":73,"column":51},"end":{"line":76,"column":4}}]},"28":{"type":"branch","line":74,"loc":{"start":{"line":74,"column":13},"end":{"line":74,"column":28}},"locations":[{"start":{"line":74,"column":13},"end":{"line":74,"column":28}}]},"29":{"type":"branch","line":79,"loc":{"start":{"line":79,"column":38},"end":{"line":80,"column":11}},"locations":[{"start":{"line":79,"column":38},"end":{"line":80,"column":11}}]},"30":{"type":"branch","line":80,"loc":{"start":{"line":80,"column":27},"end":{"line":83,"column":4}},"locations":[{"start":{"line":80,"column":27},"end":{"line":83,"column":4}}]},"31":{"type":"branch","line":81,"loc":{"start":{"line":81,"column":13},"end":{"line":81,"column":25}},"locations":[{"start":{"line":81,"column":13},"end":{"line":81,"column":25}}]},"32":{"type":"branch","line":88,"loc":{"start":{"line":88,"column":1},"end":{"line":106,"column":2}},"locations":[{"start":{"line":88,"column":1},"end":{"line":106,"column":2}}]},"33":{"type":"branch","line":89,"loc":{"start":{"line":89,"column":21},"end":{"line":105,"column":3}},"locations":[{"start":{"line":89,"column":21},"end":{"line":105,"column":3}}]},"34":{"type":"branch","line":101,"loc":{"start":{"line":101,"column":37},"end":{"line":104,"column":4}},"locations":[{"start":{"line":101,"column":37},"end":{"line":104,"column":4}}]},"35":{"type":"branch","line":102,"loc":{"start":{"line":102,"column":13},"end":{"line":102,"column":25}},"locations":[{"start":{"line":102,"column":13},"end":{"line":102,"column":25}}]}},"b":{"0":[1],"1":[2],"2":[3],"3":[36],"4":[2],"5":[0],"6":[0],"7":[0],"8":[478],"9":[24],"10":[2],"11":[480],"12":[1],"13":[1],"14":[1],"15":[0],"16":[1],"17":[1],"18":[1],"19":[1],"20":[1],"21":[0],"22":[1],"23":[1],"24":[0],"25":[1],"26":[1],"27":[1],"28":[0],"29":[1],"30":[1],"31":[0],"32":[1],"33":[1],"34":[1],"35":[0]},"fnMap":{"0":{"name":"Database","decl":{"start":{"line":9,"column":0},"end":{"line":53,"column":1}},"loc":{"start":{"line":9,"column":0},"end":{"line":53,"column":1}},"line":9},"1":{"name":"Object.<anonymous>.Database.toString","decl":{"start":{"line":14,"column":1},"end":{"line":28,"column":2}},"loc":{"start":{"line":14,"column":1},"end":{"line":28,"column":2}},"line":14},"2":{"name":"Object.<anonymous>.Database.parse","decl":{"start":{"line":30,"column":1},"end":{"line":42,"column":2}},"loc":{"start":{"line":30,"column":1},"end":{"line":42,"column":2}},"line":30},"3":{"name":"Object.<anonymous>.Database.findStreakByMember","decl":{"start":{"line":44,"column":1},"end":{"line":52,"column":2}},"loc":{"start":{"line":44,"column":1},"end":{"line":52,"column":2}},"line":44},"4":{"name":"FileManager","decl":{"start":{"line":58,"column":1},"end":{"line":60,"column":2}},"loc":{"start":{"line":58,"column":1},"end":{"line":60,"column":2}},"line":58},"5":{"name":"Object.<anonymous>.FileManager.save","decl":{"start":{"line":62,"column":1},"end":{"line":69,"column":2}},"loc":{"start":{"line":62,"column":1},"end":{"line":69,"column":2}},"line":62},"6":{"name":"Object.<anonymous>.FileManager.load","decl":{"start":{"line":71,"column":1},"end":{"line":86,"column":2}},"loc":{"start":{"line":71,"column":1},"end":{"line":86,"column":2}},"line":71},"7":{"name":"Object.<anonymous>.FileManager.backup","decl":{"start":{"line":88,"column":1},"end":{"line":106,"column":2}},"loc":{"start":{"line":88,"column":1},"end":{"line":106,"column":2}},"line":88}},"f":{"0":2,"1":3,"2":2,"3":2,"4":1,"5":1,"6":1,"7":1}}
,"C:\\Users\\jeffs\\projects\\dbtc\\src\\lib\\models\\Initializer.ts": {"path":"C:\\Users\\jeffs\\projects\\dbtc\\src\\lib\\models\\Initializer.ts","all":false,"statementMap":{"0":{"start":{"line":1,"column":0},"end":{"line":1,"column":8}},"1":{"start":{"line":2,"column":0},"end":{"line":2,"column":9}},"2":{"start":{"line":3,"column":0},"end":{"line":3,"column":6}},"3":{"start":{"line":4,"column":0},"end":{"line":4,"column":10}},"4":{"start":{"line":5,"column":0},"end":{"line":5,"column":9}},"5":{"start":{"line":6,"column":0},"end":{"line":6,"column":13}},"6":{"start":{"line":7,"column":0},"end":{"line":7,"column":7}},"7":{"start":{"line":8,"column":0},"end":{"line":8,"column":20}},"8":{"start":{"line":9,"column":0},"end":{"line":9,"column":41}},"9":{"start":{"line":10,"column":0},"end":{"line":10,"column":0}},"10":{"start":{"line":11,"column":0},"end":{"line":11,"column":35}},"11":{"start":{"line":12,"column":0},"end":{"line":12,"column":23}},"12":{"start":{"line":13,"column":0},"end":{"line":13,"column":1}},"13":{"start":{"line":14,"column":0},"end":{"line":14,"column":32}},"14":{"start":{"line":15,"column":0},"end":{"line":15,"column":34}},"15":{"start":{"line":16,"column":0},"end":{"line":16,"column":18}},"16":{"start":{"line":17,"column":0},"end":{"line":17,"column":29}},"17":{"start":{"line":18,"column":0},"end":{"line":18,"column":26}},"18":{"start":{"line":19,"column":0},"end":{"line":19,"column":39}},"19":{"start":{"line":20,"column":0},"end":{"line":20,"column":17}},"20":{"start":{"line":21,"column":0},"end":{"line":21,"column":28}},"21":{"start":{"line":22,"column":0},"end":{"line":22,"column":22}},"22":{"start":{"line":23,"column":0},"end":{"line":23,"column":23}},"23":{"start":{"line":24,"column":0},"end":{"line":24,"column":24}},"24":{"start":{"line":25,"column":0},"end":{"line":25,"column":24}},"25":{"start":{"line":26,"column":0},"end":{"line":26,"column":24}},"26":{"start":{"line":27,"column":0},"end":{"line":27,"column":32}},"27":{"start":{"line":28,"column":0},"end":{"line":28,"column":33}},"28":{"start":{"line":29,"column":0},"end":{"line":29,"column":24}},"29":{"start":{"line":30,"column":0},"end":{"line":30,"column":37}
[...]
olumn":54}},"131":{"start":{"line":132,"column":0},"end":{"line":132,"column":4}},"132":{"start":{"line":133,"column":0},"end":{"line":133,"column":2}},"133":{"start":{"line":134,"column":0},"end":{"line":134,"column":0}},"134":{"start":{"line":135,"column":0},"end":{"line":135,"column":25}},"135":{"start":{"line":136,"column":0},"end":{"line":136,"column":19}},"136":{"start":{"line":137,"column":0},"end":{"line":137,"column":20}},"137":{"start":{"line":138,"column":0},"end":{"line":138,"column":18}},"138":{"start":{"line":139,"column":0},"end":{"line":139,"column":4}},"139":{"start":{"line":140,"column":0},"end":{"line":140,"column":36}},"140":{"start":{"line":141,"column":0},"end":{"line":141,"column":34}},"141":{"start":{"line":142,"column":0},"end":{"line":142,"column":28}},"142":{"start":{"line":143,"column":0},"end":{"line":143,"column":19}},"143":{"start":{"line":144,"column":0},"end":{"line":144,"column":31}},"144":{"start":{"line":145,"column":0},"end":{"line":145,"column":9}},"145":{"start":{"line":146,"column":0},"end":{"line":146,"column":28}},"146":{"start":{"line":147,"column":0},"end":{"line":147,"column":21}},"147":{"start":{"line":148,"column":0},"end":{"line":148,"column":38}},"148":{"start":{"line":149,"column":0},"end":{"line":149,"column":12}},"149":{"start":{"line":150,"column":0},"end":{"line":150,"column":53}},"150":{"start":{"line":151,"column":0},"end":{"line":151,"column":37}},"151":{"start":{"line":152,"column":0},"end":{"line":152,"column":7}},"152":{"start":{"line":153,"column":0},"end":{"line":153,"column":19}},"153":{"start":{"line":154,"column":0},"end":{"line":154,"column":6}},"154":{"start":{"line":155,"column":0},"end":{"line":155,"column":4}},"155":{"start":{"line":156,"column":0},"end":{"line":156,"column":20}},"156":{"start":{"line":157,"column":0},"end":{"line":157,"column":34}},"157":{"start":{"line":158,"column":0},"end":{"line":158,"column":32}},"158":{"start":{"line":159,"column":0},"end":{"line":159,"column":14}},"159":{"start":{"line":160,"column":0},"end":{"line":160,"column":5}},"160":{"start":{"line":161,"column":0},"end":{"line":161,"column":22}},"161":{"start":{"line":162,"column":0},"end":{"line":162,"column":35}},"162":{"start":{"line":163,"column":0},"end":{"line":163,"column":58}},"163":{"start":{"line":164,"column":0},"end":{"line":164,"column":4}},"164":{"start":{"line":165,"column":0},"end":{"line":165,"column":4}},"165":{"start":{"line":166,"column":0},"end":{"line":166,"column":10}},"166":{"start":{"line":167,"column":0},"end":{"line":167,"column":10}},"167":{"start":{"line":168,"column":0},"end":{"line":168,"column":10}},"168":{"start":{"line":169,"column":0},"end":{"line":169,"column":22}},"169":{"start":{"line":170,"column":0},"end":{"line":170,"column":75}},"170":{"start":{"line":171,"column":0},"end":{"line":171,"column":71}},"171":{"start":{"line":172,"column":0},"end":{"line":172,"column":54}},"172":{"start":{"line":173,"column":0},"end":{"line":173,"column":78}},"173":{"start":{"line":174,"column":0},"end":{"line":174,"column":6}},"174":{"start":{"line":175,"column":0},"end":{"line":175,"column":17}},"175":{"start":{"line":176,"column":0},"end":{"line":176,"column":8}},"176":{"start":{"line":177,"column":0},"end":{"line":177,"column":4}},"177":{"start":{"line":178,"column":0},"end":{"line":178,"column":2}},"178":{"start":{"line":179,"column":0},"end":{"line":179,"column":1}}},"s":{"0":1,"1":1,"2":1,"3":1,"4":1,"5":1,"6":1,"7":1,"8":1,"9":1,"10":1,"11":590,"12":590,"13":590,"14":590,"15":590,"16":590,"17":590,"18":3,"19":3,"20":3,"21":3,"22":3,"23":3,"24":3,"25":3,"26":3,"27":3,"28":3,"29":3,"30":3,"31":3,"32":3,"33":3,"34":3,"35":3,"36":3,"37":3,"38":590,"39":590,"40":1,"41":1,"42":1,"43":1,"44":1,"45":0,"46":0,"47":1,"48":1,"49":1,"50":1,"51":590,"52":590,"53":4,"54":4,"55":4,"56":4,"57":4,"58":4,"59":4,"60":4,"61":590,"62":590,"63":0,"64":0,"65":0,"66":0,"67":0,"68":590,"69":590,"70":4,"71":4,"72":4,"73":590,"74":590,"75":3,"76":3,"77":3,"78":3,"79":3,"80":3,"81":3,"82":590,"83":590,"84":9,"85":9,"86":590,"87":590,"88":2,"89":2,"90":2,"91":2,"92":2,"93":2,"94":2,"95":2,"96":2,"97":2,"98":2,"99":1,"100":1,"101":2,"102":2,"103":2,"104":2,"105":1,"106":1,"107":2,"108":2,"109":2,"110":2,"111":2,"112":2,"113":2,"114":2,"115":2,"116":2,"117":2,"118":2,"119":2,"120":2,"121":2,"122":2,"123":2,"124":1,"125":1,"126":2,"127":2,"128":2,"129":2,"130":2,"131":2,"132":2,"133":590,"134":590,"135":1,"136":1,"137":1,"138":1,"139":1,"140":1,"141":1,"142":1,"143":1,"144":1,"145":1,"146":1,"147":1,"148":1,"149":1,"150":0,"151":0,"152":1,"153":1,"154":1,"155":1,"156":0,"157":0,"158":0,"159":1,"160":1,"161":1,"162":1,"163":1,"164":1,"165":1,"166":1,"167":1,"168":1,"169":0,"170":0,"171":0,"172":0,"173":1,"174":1,"175":1,"176":1,"177":1,"178":590},"branchMap":{"0":{"type":"branch","line":12,"loc":{"start":{"line":12,"column":0},"end":{"line":179,"column":1}},"locations":[{"start":{"line":12,"column":0},"end":{"line":179,"column":1}}]},"1":{"type":"branch","line":12,"loc":{"start":{"line":12,"column":0},"end":{"line":179,"column":1}},"locations":[{"start":{"line":12,"column":0},"end":{"line":179,"column":1}}]},"2":{"type":"branch","line":18,"loc":{"start":{"line":18,"column":1},"end":{"line":38,"column":2}},"locations":[{"start":{"line":18,"column":1},"end":{"line":38,"column":2}}]},"3":{"type":"branch","line":27,"loc":{"start":{"line":27,"column":6},"end":{"line":27,"column":12}},"locations":[{"start":{"line":27,"column":6},"end":{"line":27,"column":12}}]},"4":{"type":"branch","line":40,"loc":{"start":{"line":40,"column":1},"end":{"line":51,"column":2}},"locations":[{"start":{"line":40,"column":1},"end":{"line":51,"column":2}}]},"5":{"type":"branch","line":45,"loc":{"start":{"line":45,"column":28},"end":{"line":47,"column":3}},"locations":[{"start":{"line":45,"column":28},"end":{"line":47,"column":3}}]},"6":{"type":"branch","line":53,"loc":{"start":{"line":53,"column":1},"end":{"line":61,"column":2}},"locations":[{"start":{"line":53,"column":1},"end":{"line":61,"column":2}}]},"7":{"type":"branch","line":70,"loc":{"start":{"line":70,"column":1},"end":{"line":73,"column":2}},"locations":[{"start":{"line":70,"column":1},"end":{"line":73,"column":2}}]},"8":{"type":"branch","line":71,"loc":{"start":{"line":71,"column":30},"end":{"line":71,"column":47}},"locations":[{"start":{"line":71,"column":30},"end":{"line":71,"column":47}}]},"9":{"type":"branch","line":75,"loc":{"start":{"line":75,"column":1},"end":{"line":82,"column":2}},"locations":[{"start":{"line":75,"column":1},"end":{"line":82,"column":2}}]},"10":{"type":"branch","line":77,"loc":{"start":{"line":77,"column":12},"end":{"line":77,"column":48}},"locations":[{"start":{"line":77,"column":12},"end":{"line":77,"column":48}}]},"11":{"type":"branch","line":78,"loc":{"start":{"line":78,"column":13},"end":{"line":78,"column":52}},"locations":[{"start":{"line":78,"column":13},"end":{"line":78,"column":52}}]},"12":{"type":"branch","line":84,"loc":{"start":{"line":84,"column":1},"end":{"line":86,"column":2}},"locations":[{"start":{"line":84,"column":1},"end":{"line":86,"column":2}}]},"13":{"type":"branch","line":88,"loc":{"start":{"line":88,"column":1},"end":{"line":133,"column":2}},"locations":[{"start":{"line":88,"column":1},"end":{"line":133,"column":2}}]},"14":{"type":"branch","line":95,"loc":{"start":{"line":95,"column":32},"end":{"line":95,"column":34}},"locations":[{"start":{"line":95,"column":32},"end":{"line":95,"column":34}}]},"15":{"type":"branch","line":95,"loc":{"start":{"line":95,"column":32},"end":{"line":95,"column":15}},"locations":[{"start":{"line":95,"column":32},"end":{"line":95,"column":15}}]},"16":{"type":"branch","line":99,"loc":{"start":{"line":99,"column":7},"end":{"line":102,"column":9}},"locations":[{"start":{"line":99,"column":7},"end":{"line":102,"column":9}}]},"17":{"type":"branch","line":105,"loc":{"start":{"line":105,"column":20},"end":{"line":107,"column":7}},"locations":[{"start":{"line":105,"column":20},"end":{"line":107,"column":7}}]},"18":{"type":"branch","line":97,"loc":{"start":{"line":97,"column":4},"end":{"line":97,"column":22}},"locations":[{"start":{"line":97,"column":4},"end":{"line":97,"column":22}}]},"19":{"type":"branch","line":124,"loc":{"start":{"line":124,"column":16},"end":{"line":126,"column":6}},"locations":[{"start":{"line":124,"column":16},"end":{"line":126,"column":6}}]},"20":{"type":"branch","line":124,"loc":{"start":{"line":124,"column":29},"end":{"line":126,"column":6}},"locations":[{"start":{"line":124,"column":29},"end":{"line":126,"column":6}}]},"21":{"type":"branch","line":125,"loc":{"start":{"line":125,"column":13},"end":{"line":125,"column":61}},"locations":[{"start":{"line":125,"column":13},"end":{"line":125,"column":61}}]},"22":{"type":"branch","line":125,"loc":{"start":{"line":125,"column":5},"end":{"line":125,"column":71}},"locations":[{"start":{"line":125,"column":5},"end":{"line":125,"column":71}}]},"23":{"type":"branch","line":135,"loc":{"start":{"line":135,"column":1},"end":{"line":178,"column":2}},"locations":[{"start":{"line":135,"column":1},"end":{"line":178,"column":2}}]},"24":{"type":"branch","line":143,"loc":{"start":{"line":143,"column":8},"end":{"line":144,"column":10}},"locations":[{"start":{"line":143,"column":8},"end":{"line":144,"column":10}}]},"25":{"type":"branch","line":150,"loc":{"start":{"line":150,"column":48},"end":{"line":152,"column":7}},"locations":[{"start":{"line":150,"column":48},"end":{"line":152,"column":7}}]}},"b":{"0":[2],"1":[590],"2":[3],"3":[0],"4":[1],"5":[0],"6":[4],"7":[4],"8":[0],"9":[3],"10":[2],"11":[1],"12":[9],"13":[2],"14":[1],"15":[2],"16":[1],"17":[1],"18":[5],"19":[1],"20":[1],"21":[1],"22":[1],"23":[1],"24":[1],"25":[0]},"fnMap":{"0":{"name":"Streak","decl":{"start":{"line":12,"column":0},"end":{"line":179,"column":1}},"loc":{"start":{"line":12,"column":0},"end":{"line":179,"column":1}},"line":12},"1":{"name":"Object.<anonymous>.Streak.relapse","decl":{"start":{"line":18,"column":1},"end":{"line":38,"column":2}},"loc":{"start":{"line":18,"column":1},"end":{"line":38,"column":2}},"line":18},"2":{"name":"Object.<anonymous>.Streak.update","decl":{"start":{"line":40,"column":1},"end":{"line":51,"column":2}},"loc":{"start":{"line":40,"column":1},"end":{"line":51,"column":2}},"line":40},"3":{"name":"Object.<anonymous>.Streak.update","decl":{"start":{"line":53,"column":1},"end":{"line":61,"column":2}},"loc":{"start":{"line":53,"column":1},"end":{"line":61,"column":2}},"line":53},"4":{"name":"Object.<anonymous>.Streak.find","decl":{"start":{"line":63,"column":1},"end":{"line":68,"column":2}},"loc":{"start":{"line":63,"column":1},"end":{"line":68,"column":2}},"line":63},"5":{"name":"Object.<anonymous>.Streak.resolveMember","decl":{"start":{"line":70,"column":1},"end":{"line":73,"column":2}},"loc":{"start":{"line":70,"column":1},"end":{"line":73,"column":2}},"line":70},"6":{"name":"Object.<anonymous>.Streak.relapse","decl":{"start":{"line":75,"column":1},"end":{"line":82,"column":2}},"loc":{"start":{"line":75,"column":1},"end":{"line":82,"column":2}},"line":75},"7":{"name":"Object.<anonymous>.Streak.getStartDate","decl":{"start":{"line":84,"column":1},"end":{"line":86,"column":2}},"loc":{"start":{"line":84,"column":1},"end":{"line":86,"column":2}},"line":84},"8":{"name":"Object.<anonymous>.Streak.delete","decl":{"start":{"line":88,"column":1},"end":{"line":133,"column":2}},"loc":{"start":{"line":88,"column":1},"end":{"line":133,"column":2}},"line":88},"9":{"name":"Object.<anonymous>.Streak.old","decl":{"start":{"line":135,"column":1},"end":{"line":178,"column":2}},"loc":{"start":{"line":135,"column":1},"end":{"line":178,"column":2}},"line":135}},"f":{"0":590,"1":3,"2":1,"3":4,"4":0,"5":4,"6":3,"7":9,"8":2,"9":1}}
,"C:\\Users\\jeffs\\projects\\dbtc\\src\\lib\\models\\UserCommand.ts": {"path":"C:\\Users\\jeffs\\projects\\dbtc\\src\\lib\\models\\UserCommand.ts","all":false,"statementMap":{"0":{"start":{"line":1,"column":0},"end":{"line":1,"column":37}},"1":{"start":{"line":2,"column":0},"end":{"line":2,"column":0}},"2":{"start":{"line":3,"column":0},"end":{"line":3,"column":31}},"3":{"start":{"line":4,"column":0},"end":{"line":4,"column":17}},"4":{"start":{"line":5,"column":0},"end":{"line":5,"column":37}},"5":{"start":{"line":6,"column":0},"end":{"line":6,"column":43}},"6":{"start":{"line":7,"column":0},"end":{"line":7,"column":46}},"7":{"start":{"line":8,"column":0},"end":{"line":8,"column":54}},"8":{"start":{"line":9,"column":0},"end":{"line":9,"column":1}},"9":{"start":{"line":10,"column":0},"end":{"line":10,"column":0}},"10":{"start":{"line":11,"column":0},"end":{"line":11,"column":58}},"11":{"start":{"line":12,"column":0},"end":{"line":12,"column":43}},"12":{"start":{"line":13,"column":0},"end":{"line":13,"column":17}},"13":{"start":{"line":14,"column":0},"end":{"line":14,"column":21}},"14":{"start":{"line":15,"column":0},"end":{"line":15,"column":48}},"15":{"start":{"line":16,"column":0},"end":{"line":16,"column":37}},"16":{"start":{"line":17,"column":0},"end":{"line":17,"column":0}},"17":{"start":{"line":18,"column":0},"end":{"line":18,"column":13}},"18":{"start":{"line":19,"column":0},"end":{"line":19,"column":18}},"19":{"start":{"line":20,"column":0},"end":{"line":20,"column":67}},"20":{"start":{"line":21,"column":0},"end":{"line":21,"column":4}},"21":{"start":{"line":22,"column":0},"end":{"line":22,"column":23}},"22":{"start":{"line":23,"column":0},"end":{"line":23,"column":25}},"23":{"start":{"line":24,"column":0},"end":{"line":24,"column":61}},"24":{"start":{"line":25,"column":0},"end":{"line":25,"column":2}},"25":{"start":{"line":26,"column":0},"end":{"line":26,"column":0}},"26":{"start":{"line":27,"column":0},"end":{"line":27,"column":62}},"27":{"start":{"line":28,"column":0},"end":{"line":28,"column":26}},"28":{"start":{"line":29,"column":0},"end":{"line":29,"column":2}},"29":{"start":{"line":30,"column":0},"end":{"line":30,"column":0}},"30":{"start":{"line":31,"column":0},"end":{"line":31,"column":51}},"31":{"start":{"line":32,"column":0},"end":{"line":32,"column":46}},"32":{"start":{"line":33,"column":0},"end":{"line":33,"column":2}},"33":{"start":{"line":34,"column":0},"end":{"line":34,"column":0}},"34":{"start":{"line":35,"column":0},"end":{"line":35,"column":54}},"35":{"start":{"line":36,"column":0},"end":{"line":36,"column":43}},"36":{"start":{"line":37,"column":0},"end":{"line":37,"column":2}},"37":{"start":{"line":38,"column":0},"end":{"line":38,"column":0}},"38":{"start":{"line":39,"column":0},"end":{"line":39,"column":76}},"39":{"start":{"line":40,"column":0},"end":{"line":40,"column":55}},"40":{"start":{"line":41,"column":0},"end":{"line":41,"column":2}},"41":{"start":{"line":42,"column":0},"end":{"line":42,"column":0}},"42":{"start":{"line":43,"column":0},"end":{"line":43,"column":54}},"43":{"start":{"line":44,"column":0},"end":{"line":44,"column":30}},"44":{"start":{"line":45,"column":0},"end":{"line":45,"column":2}},"45":{"start":{"line":46,"column":0},"end":{"line":46,"column":0}},"46":{"start":{"line":47,"column":0},"end":{"line":47,"column":32}},"47":{"start":{"line":48,"column":0},"end":{"line":48,"column":21}},"48":{"start":{"line":49,"column":0},"end":{"line":49,"column":2}},"49":{"start":{"line":50,"column":0},"end":{"line":50,"column":0}},"50":{"start":{"line":51,"column":0},"end":{"line":51,"column":67}},"51":{"start":{"line":52,"column":0},"end":{"line":52,"column":67}},"52":{"start":{"line":53,"column":0},"end":{"line":53,"column":2}},"53":{"start":{"line":54,"column":0},"end":{"line":54,"column":0}},"54":{"start":{"line":55,"column":0},"end":{"line":55,"column":68}},"55":{"start":{"line":56,"column":0},"end":{"line":56,"column":38}},"56":{"start":{"line":57,"column":0},"end":{"line":57,"column":41}},"57":{"start":{"line":58,"column":0},"end":{"line":58,"column":37}},"58":{"start":{"line":59,"column":0},"end":{"line":59,"column":4}},"59":{"start":{"line":60,"column":0},"end":{"line":60,"column":3}},"60":{"start":{"line":61,"column":0},"end":{"line":61,"column":9}},"61":{"start":{"line":62,"column":0},"end":{"line":62,"column":2}},"62":{"start":{"line":63,"column":0},"end":{"line":63,"column":1}}},"s":{"0":1,"1":1,"2":1,"3":1,"4":1,"5":1,"6":1,"7":1,"8":1,"9":1,"10":2,"11":2,"12":2,"13":2,"14":2,"15":2,"16":2,"17":2,"18":40,"19":40,"20":40,"21":40,"22":40,"23":40,"24":40,"25":2,"26":2,"27":40,"28":40,"29":2,"30":2,"31":31,"32":31,"33":2,"34":2,"35":31,"36":31,"37":2,"38":2,"39":0,"40":0,"41":2,"42":2,"43":20,"44":20,"45":2,"46":2,"47":21,"48":21,"49":2,"50":2,"51":0,"52":0,"53":2,"54":2,"55":31,"56":31,"57":31,"58":31,"59":31,"60":31,"61":31,"62":2},"branchMap":{"0":{"type":"branch","line":11,"loc":{"start":{"line":11,"column":0},"end":{"line":63,"column":1}},"locations":[{"start":{"line":11,"column":0},"end":{"line":63,"column":1}}]},"1":{"type":"branch","line":18,"loc":{"start":{"line":18,"column":1},"end":{"line":25,"column":2}},"locations":[{"start":{"line":18,"column":1},"end":{"line":25,"column":2}}]},"2":{"type":"branch","line":27,"loc":{"start":{"line":27,"column":1},"end":{"line":29,"column":2}},"locations":[{"start":{"line":27,"column":1},"end":{"line":29,"column":2}}]},"3":{"type":"branch","line":31,"loc":{"start":{"line":31,"column":1},"end":{"line":33,"column":2}},"locations":[{"start":{"line":31,"column":1},"end":{"line":33,"column":2}}]},"4":{"type":"branch","line":35,"loc":{"start":{"line":35,"column":1},"end":{"line":37,"column":2}},"locations":[{"start":{"line":35,"column":1},"end":{"line":37,"column":2}}]},"5":{"type":"branch","line":43,"loc":{"start":{"line":43,"column":1},"end":{"line":45,"column":2}},"locations":[{"start":{"line":43,"column":1},"end":{"line":45,"column":2}}]},"6":{"type":"branch","line":47,"loc":{"start":{"line":47,"column":1},"end":{"line":49,"column":2}},"locations":[{"start":{"line":47,"column":1},"end":{"line":49,"column":2}}]},"7":{"type":"branch","line":55,"loc":{"start":{"line":55,"column":1},"end":{"line":62,"column":2}},"locations":[{"start":{"line":55,"column":1},"end":{"line":62,"column":2}}]}},"b":{"0":[2],"1":[40],"2":[40],"3":[31],"4":[31],"5":[20],"6":[21],"7":[31]},"fnMap":{"0":{"name":"UserCommand","decl":{"start":{"line":18,"column":1},"end":{"line":25,"column":2}},"loc":{"start":{"line":18,"column":1},"end":{"line":25,"column":2}},"line":18},"1":{"name":"Object.<anonymous>.UserCommand.setOutMethod","decl":{"start":{"line":27,"column":1},"end":{"line":29,"column":2}},"loc":{"start":{"line":27,"column":1},"end":{"line":29,"column":2}},"line":27},"2":{"name":"Object.<anonymous>.UserCommand.shouldHandle","decl":{"start":{"line":31,"column":1},"end":{"line":33,"column":2}},"loc":{"start":{"line":31,"column":1},"end":{"line":33,"column":2}},"line":31},"3":{"name":"Object.<anonymous>.UserCommand.handle","decl":{"start":{"line":35,"column":1},"end":{"line":37,"column":2}},"loc":{"start":{"line":35,"column":1},"end":{"line":37,"column":2}},"line":35},"4":{"name":"Object.<anonymous>.UserCommand.setAllOutputMethods","decl":{"start":{"line":39,"column":1},"end":{"line":41,"column":2}},"loc":{"start":{"line":39,"column":1},"end":{"line":41,"column":2}},"line":39},"5":{"name":"Object.<anonymous>.UserCommand.register","decl":{"start":{"line":43,"column":1},"end":{"line":45,"column":2}},"loc":{"start":{"line":43,"column":1},"end":{"line":45,"column":2}},"line":43},"6":{"name":"Object.<anonymous>.UserCommand.clearCommands","decl":{"start":{"line":47,"column":1},"end":{"line":49,"column":2}},"loc":{"start":{"line":47,"column":1},"end":{"line":49,"column":2}},"line":47},"7":{"name":"Object.<anonymous>.UserCommand.getCommandByMatcher","decl":{"start":{"line":51,"column":1},"end":{"line":53,"column":2}},"loc":{"start":{"line":51,"column":1},"end":{"line":53,"column":2}},"line":51},"8":{"name":"Object.<anonymous>.UserCommand.process","decl":{"start":{"line":55,"column":1},"end":{"line":62,"column":2}},"loc":{"start":{"line":55,"column":1},"end":{"line":62,"column":2}},"line":55}},"f":{"0":40,"1":40,"2":31,"3":31,"4":0,"5":20,"6":21,"7":0,"8":31}}
}
