TN:
SF:src\lib\Commands.ts
FN:15,restricted
FN:28,Object.<anonymous>.exports.CommandDictionary.help
FN:47,Object.<anonymous>.exports.CommandDictionary.relapse
FN:65,Object.<anonymous>.exports.CommandDictionary.relapseOne
FN:85,Object.<anonymous>.exports.CommandDictionary.relapseTwo
FN:104,Object.<anonymous>.exports.CommandDictionary.update
FN:116,Object.<anonymous>.exports.CommandDictionary.stats
FN:128,Object.<anonymous>.exports.CommandDictionary.groupstats
FN:139,Object.<anonymous>.exports.CommandDictionary.rank
FN:155,Object.<anonymous>.exports.CommandDictionary.rankRange
FN:169,Object.<anonymous>.exports.CommandDictionary.myrank
FN:179,Object.<anonymous>.exports.CommandDictionary.guide
FN:193,Object.<anonymous>.exports.CommandDictionary.initialize
FN:217,Object.<anonymous>.exports.CommandDictionary.admin
FN:239,Object.<anonymous>.exports.CommandDictionary.adminRestrict
FN:255,Object.<anonymous>.exports.CommandDictionary.adminUnrestrict
FN:268,Object.<anonymous>.exports.CommandDictionary.adminBackup
FN:285,Object.<anonymous>.exports.CommandDictionary.adminDelete
FN:306,Object.<anonymous>.exports.CommandDictionary.adminStreakgroup
FN:322,Object.<anonymous>.exports.CommandDictionary.adminChangeInterval
FN:343,Object.<anonymous>.exports.CommandDictionary.adminOldStreaks
FNF:21
FNH:21
FNDA:4,restricted
FNDA:2,Object.<anonymous>.exports.CommandDictionary.help
FNDA:1,Object.<anonymous>.exports.CommandDictionary.relapse
FNDA:1,Object.<anonymous>.exports.CommandDictionary.relapseOne
FNDA:1,Object.<anonymous>.exports.CommandDictionary.relapseTwo
FNDA:1,Object.<anonymous>.exports.CommandDictionary.update
FNDA:1,Object.<anonymous>.exports.CommandDictionary.stats
FNDA:1,Object.<anonymous>.exports.CommandDictionary.groupstats
FNDA:1,Object.<anonymous>.exports.CommandDictionary.rank
FNDA:1,Object.<anonymous>.exports.CommandDictionary.rankRange
FNDA:1,Object.<anonymous>.exports.CommandDictionary.myrank
FNDA:1,Object.<anonymous>.exports.CommandDictionary.guide
FNDA:2,Object.<anonymous>.exports.CommandDictionary.initialize
FNDA:2,Object.<anonymous>.exports.CommandDictionary.admin
FNDA:2,Object.<anonymous>.exports.CommandDictionary.adminRestrict
FNDA:2,Object.<anonymous>.exports.CommandDictionary.adminUnrestrict
FNDA:2,Object.<anonymous>.exports.CommandDictionary.adminBackup
FNDA:3,Object.<anonymous>.exports.CommandDictionary.adminDelete
FNDA:2,Object.<anonymous>.exports.CommandDictionary.adminStreakgroup
FNDA:2,Object.<anonymous>.exports.CommandDictionary.adminChangeInterval
FNDA:2,Object.<anonymous>.exports.CommandDictionary.adminOldStreaks
DA:1,1
DA:2,1
DA:3,1
DA:4,1
DA:5,1
DA:6,1
DA:7,1
DA:8,1
DA:9,1
DA:10,1
DA:11,1
DA:12,1
DA:13,1
DA:14,1
DA:15,1
DA:16,4
DA:17,4
DA:18,0
DA:19,0
DA:20,0
DA:21,0
DA:22,0
DA:23,4
DA:24,4
DA:25,1
DA:26,1
DA:27,1
DA:28,1
DA:29,2
DA:30,2
DA:31,2
DA:32,2
DA:33,2
DA:34,2
DA:35,2
DA:36,2
DA:37,2
DA:38,2
DA:39,1
DA:40,1
DA:41,2
DA:42,2
DA:43,2
DA:44,2
DA:45,1
DA:46,1
DA:47,1
DA:48,1
DA:49,1
DA:50,1
DA:51,1
DA:52,1
DA:53,1
DA:54,1
DA:55,1
DA:56,1
DA:57,1
DA:58,1
DA:59,1
DA:60,1
DA:61,1
DA:62,1
DA:63,1
DA:64,1
DA:65,1
DA:66,1
DA:67,1
DA:68,1
DA:69,1
DA:70,1
DA:71,1
DA:72,1
DA:73,1
DA:74,1
DA:75,1
DA:76,1
DA:77,1
DA:78,1
DA:79,1
DA:80,1
DA:81,1
DA:82,1
DA:83,1
DA:84,1
DA:85,1
DA:86,1
DA:87,1
DA:88,1
DA:89,1
DA:90,1
DA:91,1
DA:92,1
DA:93,1
DA:94,1
DA:95,1
DA:96,1
DA:97,1
DA:98,1
DA:99,1
DA:100,1
DA:101,1
DA:102,1
DA:103,1
DA:104,1
DA:105,1
DA:106,1
DA:107,1
DA:108,1
DA:109,1
DA:110,1
DA:111,1
DA:112,1
DA:113,1
DA:114,1
DA:115,1
DA:116,1
DA:117,1
DA:118,1
DA:119,1
DA:120,1
DA:121,1
DA:122,1
DA:123,1
DA:124,1
DA:125,1
DA:126,1
DA:127,1
DA:128,1
DA:129,1
DA:130,1
DA:131,1
DA:132,1
DA:133,1
DA:134,1
DA:135,1
DA:136,1
DA:137,1
DA:138,1
DA:139,1
DA:140,1
DA:141,1
DA:142,1
DA:143,1
DA:144,1
DA:145,1
DA:146,1
DA:147,1
DA:148,1
DA:149,1
DA:150,1
DA:151,1
DA:152,1
DA:153,1
DA:154,1
DA:155,1
DA:156,1
DA:157,1
DA:158,1
DA:159,1
DA:160,1
DA:161,1
DA:162,1
DA:163,1
DA:164,1
DA:165,1
DA:166,1
DA:167,1
DA:168,1
DA:169,1
DA:170,1
DA:171,1
DA:172,1
DA:173,1
DA:174,1
DA:175,1
DA:176,1
DA:177,1
DA:178,1
DA:179,1
DA:180,1
DA:181,1
DA:182,1
DA:183,1
DA:184,1
DA:185,1
DA:186,1
DA:187,1
DA:188,1
DA:189,1
DA:190,1
DA:191,1
DA:192,1
DA:193,1
DA:194,2
DA:195,2
DA:196,0
DA:197,0
DA:198,0
DA:199,0
DA:200,0
DA:201,2
DA:202,2
DA:203,2
DA:204,2
DA:205,2
DA:206,2
DA:207,2
DA:208,2
DA:209,2
DA:210,2
DA:211,2
DA:212,2
DA:213,2
DA:214,2
DA:215,1
DA:216,1
DA:217,1
DA:218,2
DA:219,2
DA:220,2
DA:221,2
DA:222,2
DA:223,2
DA:224,2
DA:225,2
DA:226,1
DA:227,1
DA:228,1
DA:229,1
DA:230,2
DA:231,2
DA:232,2
DA:233,2
DA:234,2
DA:235,1
DA:236,1
DA:237,1
DA:238,1
DA:239,1
DA:240,2
DA:241,2
DA:242,2
DA:243,2
DA:244,2
DA:245,2
DA:246,2
DA:247,2
DA:248,2
DA:249,2
DA:250,2
DA:251,1
DA:252,1
DA:253,1
DA:254,1
DA:255,1
DA:256,2
DA:257,2
DA:258,2
DA:259,2
DA:260,2
DA:261,2
DA:262,2
DA:263,2
DA:264,2
DA:265,2
DA:266,1
DA:267,1
DA:268,1
DA:269,2
DA:270,2
DA:271,2
DA:272,2
DA:273,2
DA:274,2
DA:275,2
DA:276,2
DA:277,2
DA:278,2
DA:279,2
DA:280,2
DA:281,1
DA:282,1
DA:283,1
DA:284,1
DA:285,1
DA:286,3
DA:287,3
DA:288,1
DA:289,1
DA:290,1
DA:291,1
DA:292,1
DA:293,3
DA:294,3
DA:295,3
DA:296,3
DA:297,3
DA:298,3
DA:299,3
DA:300,3
DA:301,3
DA:302,1
DA:303,1
DA:304,1
DA:305,1
DA:306,1
DA:307,2
DA:308,2
DA:309,2
DA:310,2
DA:311,2
DA:312,2
DA:313,2
DA:314,2
DA:315,2
DA:316,2
DA:317,2
DA:318,1
DA:319,1
DA:320,1
DA:321,1
DA:322,1
DA:323,2
DA:324,2
DA:325,2
DA:326,2
DA:327,2
DA:328,2
DA:329,2
DA:330,2
DA:331,2
DA:332,2
DA:333,2
DA:334,2
DA:335,2
DA:336,2
DA:337,2
DA:338,2
DA:339,1
DA:340,1
DA:341,1
DA:342,1
DA:343,1
DA:344,2
DA:345,2
DA:346,2
DA:347,2
DA:348,2
DA:349,2
DA:350,2
DA:351,2
DA:352,2
DA:353,2
DA:354,2
DA:355,1
DA:356,1
DA:357,1
DA:358,1
DA:359,1
LF:359
LH:349
BRDA:15,0,0,4
BRDA:15,1,0,4
BRDA:16,2,0,4
BRDA:17,3,0,0
BRDA:28,4,0,2
BRDA:29,5,0,2
BRDA:38,6,0,1
BRDA:31,7,0,2
BRDA:32,8,0,2
BRDA:33,9,0,0
BRDA:47,10,0,1
BRDA:49,11,0,0
BRDA:65,12,0,1
BRDA:67,13,0,0
BRDA:85,14,0,1
BRDA:87,15,0,0
BRDA:104,16,0,1
BRDA:106,17,0,0
BRDA:108,18,0,1
BRDA:116,19,0,1
BRDA:128,20,0,1
BRDA:139,21,0,1
BRDA:155,22,0,1
BRDA:158,23,0,0
BRDA:159,24,0,0
BRDA:169,25,0,1
BRDA:171,26,0,1
BRDA:179,27,0,1
BRDA:193,28,0,2
BRDA:194,29,0,2
BRDA:195,30,0,0
BRDA:217,31,0,2
BRDA:218,32,0,2
BRDA:225,33,0,1
BRDA:226,34,0,1
BRDA:227,35,0,0
BRDA:239,36,0,2
BRDA:240,37,0,2
BRDA:255,38,0,2
BRDA:256,39,0,2
BRDA:268,40,0,2
BRDA:269,41,0,2
BRDA:285,42,0,3
BRDA:286,43,0,3
BRDA:287,44,0,1
BRDA:306,45,0,2
BRDA:307,46,0,2
BRDA:322,47,0,2
BRDA:323,48,0,2
BRDA:343,49,0,2
BRDA:344,50,0,2
BRF:51
BRH:41
end_of_record
TN:
SF:src\lib\Connect.ts
FN:4,connect
FN:11,connectAll
FNF:2
FNH:0
FNDA:0,connect
FNDA:0,connectAll
DA:1,1
DA:2,1
DA:3,1
DA:4,0
DA:5,0
DA:6,0
DA:7,0
DA:8,0
DA:9,0
DA:10,1
DA:11,0
DA:12,0
DA:13,0
LF:13
LH:4
BRF:0
BRH:0
end_of_record
TN:
SF:src\lib\index.ts
FN:22,get
FN:10,get
FN:12,get
FN:13,get
FN:16,get
FN:17,get
FN:17,get
FN:19,get
FN:19,get
FNF:9
FNH:6
FNDA:2,get
FNDA:4,get
FNDA:1,get
FNDA:2,get
FNDA:119,get
FNDA:0,get
FNDA:0,get
FNDA:0,get
FNDA:20,get
DA:1,1
DA:2,1
DA:3,1
DA:4,1
DA:5,1
DA:6,1
DA:7,1
DA:8,1
DA:9,1
DA:10,1
DA:11,1
DA:12,1
DA:13,1
DA:14,1
DA:15,1
DA:16,1
DA:17,1
DA:18,1
DA:19,1
DA:20,1
DA:21,1
DA:22,1
DA:23,1
DA:24,1
DA:25,1
DA:26,1
DA:27,1
DA:28,1
DA:29,1
LF:29
LH:29
BRDA:22,0,0,2
BRDA:10,1,0,4
BRDA:12,2,0,1
BRDA:13,3,0,2
BRDA:16,4,0,119
BRDA:19,5,0,20
BRF:6
BRH:6
end_of_record
TN:
SF:src\lib\models\Assigner.ts
FN:11,Assigner
FN:16,Object.<anonymous>.Assigner.assign
FN:26,Object.<anonymous>.Assigner.assign
FN:53,Object.<anonymous>.Assigner.setRole
FN:64,Object.<anonymous>.Assigner.getProfile
FN:69,Object.<anonymous>.Assigner.getStreak
FN:76,Object.<anonymous>.Assigner.getDB
FNF:7
FNH:7
FNDA:4,Assigner
FNDA:4,Object.<anonymous>.Assigner.assign
FNDA:4,Object.<anonymous>.Assigner.assign
FNDA:4,Object.<anonymous>.Assigner.setRole
FNDA:4,Object.<anonymous>.Assigner.getProfile
FNDA:1,Object.<anonymous>.Assigner.getStreak
FNDA:5,Object.<anonymous>.Assigner.getDB
DA:1,1
DA:2,1
DA:3,1
DA:4,1
DA:5,1
DA:6,2
DA:7,2
DA:8,2
DA:9,2
DA:10,2
DA:11,2
DA:12,4
DA:13,4
DA:14,4
DA:15,2
DA:16,2
DA:17,4
DA:18,4
DA:19,4
DA:20,4
DA:21,4
DA:22,4
DA:23,4
DA:24,4
DA:25,2
DA:26,2
DA:27,4
DA:28,4
DA:29,4
DA:30,4
DA:31,0
DA:32,0
DA:33,0
DA:34,0
DA:35,4
DA:36,4
DA:37,4
DA:38,4
DA:39,18
DA:40,4
DA:41,0
DA:42,0
DA:43,0
DA:44,0
DA:45,4
DA:46,4
DA:47,4
DA:48,14
DA:49,14
DA:50,0
DA:51,4
DA:52,2
DA:53,2
DA:54,4
DA:55,4
DA:56,4
DA:57,4
DA:58,4
DA:59,4
DA:60,4
DA:61,4
DA:62,4
DA:63,2
DA:64,2
DA:65,4
DA:66,4
DA:67,4
DA:68,2
DA:69,2
DA:70,1
DA:71,1
DA:72,1
DA:73,1
DA:74,1
DA:75,2
DA:76,2
DA:77,5
DA:78,5
DA:79,5
DA:80,2
LF:80
LH:71
BRDA:6,0,0,2
BRDA:11,1,0,4
BRDA:12,2,0,3
BRDA:13,3,0,0
BRDA:16,4,0,4
BRDA:26,5,0,4
BRDA:27,6,0,4
BRDA:28,7,0,0
BRDA:29,8,0,3
BRDA:29,9,0,1
BRDA:30,10,0,0
BRDA:38,11,0,18
BRDA:39,12,0,4
BRDA:40,13,0,0
BRDA:48,14,0,14
BRDA:50,15,0,0
BRDA:53,16,0,4
BRDA:61,17,0,0
BRDA:64,18,0,4
BRDA:65,19,0,4
BRDA:69,20,0,1
BRDA:70,21,0,1
BRDA:71,22,0,1
BRDA:76,23,0,5
BRDA:77,24,0,0
BRF:25
BRH:18
end_of_record
TN:
SF:src\lib\models\Database.ts
FN:9,Database
FN:14,Object.<anonymous>.Database.toString
FN:30,Object.<anonymous>.Database.parse
FN:44,Object.<anonymous>.Database.findStreakByMember
FN:58,FileManager
FN:62,Object.<anonymous>.FileManager.save
FN:71,Object.<anonymous>.FileManager.load
FN:88,Object.<anonymous>.FileManager.backup
FNF:8
FNH:8
FNDA:2,Database
FNDA:3,Object.<anonymous>.Database.toString
FNDA:2,Object.<anonymous>.Database.parse
FNDA:2,Object.<anonymous>.Database.findStreakByMember
FNDA:1,FileManager
FNDA:1,Object.<anonymous>.FileManager.save
FNDA:1,Object.<anonymous>.FileManager.load
FNDA:1,Object.<anonymous>.FileManager.backup
DA:1,1
DA:2,1
DA:3,1
DA:4,1
DA:5,1
DA:6,1
DA:7,1
DA:8,1
DA:9,2
DA:10,2
DA:11,2
DA:12,2
DA:13,2
DA:14,2
DA:15,3
DA:16,3
DA:17,3
DA:18,3
DA:19,36
DA:20,36
DA:21,36
DA:22,36
DA:23,36
DA:24,36
DA:25,36
DA:26,3
DA:27,3
DA:28,3
DA:29,2
DA:30,2
DA:31,2
DA:32,2
DA:33,2
DA:34,2
DA:35,2
DA:36,2
DA:37,2
DA:38,2
DA:39,2
DA:40,2
DA:41,2
DA:42,2
DA:43,2
DA:44,2
DA:45,2
DA:46,2
DA:47,480
DA:48,1
DA:49,1
DA:50,2
DA:51,2
DA:52,2
DA:53,2
DA:54,1
DA:55,1
DA:56,1
DA:57,1
DA:58,1
DA:59,1
DA:60,1
DA:61,1
DA:62,1
DA:63,1
DA:64,1
DA:65,1
DA:66,1
DA:67,1
DA:68,1
DA:69,1
DA:70,1
DA:71,1
DA:72,1
DA:73,1
DA:74,1
DA:75,1
DA:76,1
DA:77,1
DA:78,1
DA:79,1
DA:80,1
DA:81,1
DA:82,1
DA:83,1
DA:84,1
DA:85,1
DA:86,1
DA:87,1
DA:88,1
DA:89,1
DA:90,1
DA:91,1
DA:92,1
DA:93,1
DA:94,1
DA:95,1
DA:96,1
DA:97,1
DA:98,1
DA:99,1
DA:100,1
DA:101,1
DA:102,1
DA:103,1
DA:104,1
DA:105,1
DA:106,1
DA:107,1
LF:107
LH:107
BRDA:9,0,0,1
BRDA:9,1,0,2
BRDA:14,2,0,3
BRDA:18,3,0,36
BRDA:30,4,0,2
BRDA:34,5,0,0
BRDA:37,6,0,0
BRDA:40,7,0,0
BRDA:33,8,0,478
BRDA:36,9,0,24
BRDA:44,10,0,2
BRDA:46,11,0,480
BRDA:47,12,0,1
BRDA:55,13,0,1
BRDA:58,14,0,1
BRDA:58,15,0,0
BRDA:62,16,0,1
BRDA:63,17,0,1
BRDA:63,18,0,1
BRDA:63,19,0,1
BRDA:64,20,0,1
BRDA:65,21,0,0
BRDA:71,22,0,1
BRDA:72,23,0,1
BRDA:78,24,0,0
BRDA:85,25,0,1
BRDA:72,26,0,1
BRDA:73,27,0,1
BRDA:74,28,0,0
BRDA:79,29,0,1
BRDA:80,30,0,1
BRDA:81,31,0,0
BRDA:88,32,0,1
BRDA:89,33,0,1
BRDA:101,34,0,1
BRDA:102,35,0,0
BRF:36
BRH:27
end_of_record
TN:
SF:src\lib\models\Initializer.ts
FN:34,Initializer
FN:38,Object.<anonymous>.Initializer.initialize
FN:57,Object.<anonymous>.Initializer.initializeGroup
FN:61,Object.<anonymous>.Initializer.generateStreakGroup
FN:83,StreakGroup
FN:94,Object.<anonymous>.StreakGroup.initialize
FN:102,Object.<anonymous>.StreakGroup.initializeRole
FN:108,Object.<anonymous>.StreakGroup.initializeChannel
FN:117,Object.<anonymous>.StreakGroup.list
FN:148,Object.<anonymous>.StreakGroup.changeStreakInterval
FNF:10
FNH:10
FNDA:1,Initializer
FNDA:1,Object.<anonymous>.Initializer.initialize
FNDA:12,Object.<anonymous>.Initializer.initializeGroup
FNDA:1,Object.<anonymous>.Initializer.generateStreakGroup
FNDA:36,StreakGroup
FNDA:12,Object.<anonymous>.StreakGroup.initialize
FNDA:12,Object.<anonymous>.StreakGroup.initializeRole
FNDA:12,Object.<anonymous>.StreakGroup.initializeChannel
FNDA:2,Object.<anonymous>.StreakGroup.list
FNDA:1,Object.<anonymous>.StreakGroup.changeStreakInterval
DA:1,1
DA:2,1
DA:3,1
DA:4,1
DA:5,1
DA:6,1
DA:7,1
DA:8,1
DA:9,1
DA:10,1
DA:11,1
DA:12,1
DA:13,1
DA:14,1
DA:15,2
DA:16,2
DA:17,2
DA:18,2
DA:19,2
DA:20,2
DA:21,2
DA:22,2
DA:23,2
DA:24,2
DA:25,2
DA:26,2
DA:27,2
DA:28,2
DA:29,2
DA:30,2
DA:31,2
DA:32,2
DA:33,2
DA:34,2
DA:35,1
DA:36,1
DA:37,2
DA:38,2
DA:39,1
DA:40,1
DA:41,1
DA:42,1
DA:43,0
DA:44,0
DA:45,1
DA:46,1
DA:47,1
DA:48,1
DA:49,1
DA:50,1
DA:51,1
DA:52,1
DA:53,1
DA:54,1
DA:55,1
DA:56,2
DA:57,2
DA:58,12
DA:59,12
DA:60,2
DA:61,2
DA:62,1
DA:63,1
DA:64,1
DA:65,1
DA:66,12
DA:67,12
DA:68,12
DA:69,12
DA:70,1
DA:71,1
DA:72,2
DA:73,1
DA:74,2
DA:75,2
DA:76,2
DA:77,2
DA:78,2
DA:79,2
DA:80,2
DA:81,2
DA:82,2
DA:83,2
DA:84,36
DA:85,36
DA:86,36
DA:87,36
DA:88,36
DA:89,36
DA:90,36
DA:91,36
DA:92,36
DA:93,2
DA:94,2
DA:95,12
DA:96,12
DA:97,12
DA:98,12
DA:99,12
DA:100,12
DA:101,2
DA:102,2
DA:103,12
DA:104,12
DA:105,12
DA:106,12
DA:107,2
DA:108,2
DA:109,12
DA:110,12
DA:111,12
DA:112,12
DA:113,12
DA:114,12
DA:115,12
DA:116,2
DA:117,2
DA:118,2
DA:119,2
DA:120,2
DA:121,2
DA:122,2
DA:123,2
DA:124,2
DA:125,2
DA:126,2
DA:127,2
DA:128,2
DA:129,2
DA:130,2
DA:131,2
DA:132,2
DA:133,2
DA:134,2
DA:135,2
DA:136,2
DA:137,2
DA:138,2
DA:139,2
DA:140,2
DA:141,2
DA:142,2
DA:143,2
DA:144,2
DA:145,2
DA:146,2
DA:147,2
DA:148,2
DA:149,1
DA:150,1
DA:151,1
DA:152,1
DA:153,1
DA:154,1
DA:155,2
LF:155
LH:153
BRDA:15,0,0,2
BRDA:34,1,0,1
BRDA:38,2,0,1
BRDA:39,3,0,1
BRDA:42,4,0,0
BRDA:45,5,0,0
BRDA:48,6,0,12
BRDA:57,7,0,12
BRDA:61,8,0,1
BRDA:65,9,0,12
BRDA:74,10,0,2
BRDA:83,11,0,36
BRDA:94,12,0,12
BRDA:102,13,0,12
BRDA:103,14,0,12
BRDA:108,15,0,12
BRDA:117,16,0,2
BRDA:120,17,0,10
BRDA:125,18,0,10
BRDA:148,19,0,1
BRF:20
BRH:18
end_of_record
TN:
SF:src\lib\models\Rank.ts
FN:6,Rank
FN:10,Object.<anonymous>.Rank.getUserRank
FN:16,Object.<anonymous>.Rank.getSortedStreaks
FN:24,Object.<anonymous>.Rank.getRank
FN:43,Object.<anonymous>.Rank.getMemberRank
FN:50,Object.<anonymous>.Rank.getRank
FNF:6
FNH:6
FNDA:4,Rank
FNDA:1,Object.<anonymous>.Rank.getUserRank
FNDA:5,Object.<anonymous>.Rank.getSortedStreaks
FNDA:3,Object.<anonymous>.Rank.getRank
FNDA:1,Object.<anonymous>.Rank.getMemberRank
FNDA:2,Object.<anonymous>.Rank.getRank
DA:1,1
DA:2,1
DA:3,1
DA:4,2
DA:5,2
DA:6,2
DA:7,4
DA:8,4
DA:9,2
DA:10,2
DA:11,1
DA:12,1
DA:13,1
DA:14,1
DA:15,2
DA:16,2
DA:17,5
DA:18,15
DA:19,0
DA:20,0
DA:21,5
DA:22,5
DA:23,2
DA:24,2
DA:25,3
DA:26,3
DA:27,3
DA:28,3
DA:29,3
DA:30,8
DA:31,8
DA:32,8
DA:33,8
DA:34,8
DA:35,8
DA:36,3
DA:37,3
DA:38,3
DA:39,3
DA:40,3
DA:41,3
DA:42,2
DA:43,2
DA:44,1
DA:45,1
DA:46,1
DA:47,1
DA:48,1
DA:49,2
DA:50,2
DA:51,2
DA:52,2
DA:53,2
DA:54,2
DA:55,2
DA:56,2
LF:56
LH:54
BRDA:4,0,0,2
BRDA:6,1,0,4
BRDA:10,2,0,1
BRDA:12,3,0,1
BRDA:16,4,0,5
BRDA:17,5,0,15
BRDA:19,6,0,0
BRDA:24,7,0,3
BRDA:25,8,0,0
BRDA:26,9,0,0
BRDA:37,10,0,3
BRDA:29,11,0,8
BRDA:29,12,0,8
BRDA:30,13,0,8
BRDA:34,14,0,0
BRDA:43,15,0,1
BRDA:47,16,0,1
BRDA:50,17,0,2
BRDA:50,18,0,1
BRDA:50,19,0,1
BRDA:54,20,0,2
BRF:21
BRH:17
end_of_record
TN:
SF:src\lib\models\Restrict.ts
FN:6,Restrict
FN:10,Object.<anonymous>.Restrict.isRestricted
FN:20,Object.<anonymous>.Restrict.Restrict
FN:28,Object.<anonymous>.Restrict.restrict
FN:32,Object.<anonymous>.Restrict.Unrestrict
FN:41,Object.<anonymous>.Restrict.unrestrict
FNF:6
FNH:6
FNDA:2,Restrict
FNDA:4,Object.<anonymous>.Restrict.isRestricted
FNDA:1,Object.<anonymous>.Restrict.Restrict
FNDA:1,Object.<anonymous>.Restrict.restrict
FNDA:1,Object.<anonymous>.Restrict.Unrestrict
FNDA:1,Object.<anonymous>.Restrict.unrestrict
DA:1,1
DA:2,1
DA:3,1
DA:4,2
DA:5,2
DA:6,2
DA:7,2
DA:8,2
DA:9,2
DA:10,2
DA:11,4
DA:12,4
DA:13,4
DA:14,0
DA:15,0
DA:16,0
DA:17,0
DA:18,4
DA:19,2
DA:20,2
DA:21,1
DA:22,1
DA:23,1
DA:24,1
DA:25,1
DA:26,1
DA:27,2
DA:28,2
DA:29,1
DA:30,1
DA:31,2
DA:32,2
DA:33,1
DA:34,1
DA:35,1
DA:36,1
DA:37,1
DA:38,1
DA:39,1
DA:40,2
DA:41,2
DA:42,1
DA:43,1
DA:44,2
LF:44
LH:40
BRDA:4,0,0,2
BRDA:6,1,0,2
BRDA:10,2,0,4
BRDA:14,3,0,0
BRDA:20,4,0,1
BRDA:28,5,0,1
BRDA:32,6,0,1
BRDA:41,7,0,1
BRF:8
BRH:7
end_of_record
TN:
SF:src\lib\models\Stats.ts
FN:8,Stats
FN:12,Object.<anonymous>.Stats.getStats
FN:19,Object.<anonymous>.Stats.getGroupStats
FN:26,Object.<anonymous>.Stats.getGroupStatList
FN:67,Object.<anonymous>.Stats.getMemberCount
FN:71,Object.<anonymous>.Stats.getAverageStreakMS
FN:78,Object.<anonymous>.Stats.getAverageStreakDays
FN:82,Object.<anonymous>.Stats.getMaxStreakMS
FN:89,Object.<anonymous>.Stats.getMaxStreakDays
FN:93,Object.<anonymous>.Stats.getMinStreakMS
FN:100,Object.<anonymous>.Stats.getMinStreakHours
FN:104,Object.<anonymous>.Stats.getStreakTotalMS
FN:108,Object.<anonymous>.Stats.getStreakTotalDays
FN:112,Object.<anonymous>.Stats.getMemberCountMessage
FN:116,Object.<anonymous>.Stats.getDurationStatMessage
FN:120,Object.<anonymous>.Stats.getMinMaxMessage
FN:125,Object.<anonymous>.Stats.getStatParagraph
FNF:17
FNH:15
FNDA:2,Stats
FNDA:1,Object.<anonymous>.Stats.getStats
FNDA:1,Object.<anonymous>.Stats.getGroupStats
FNDA:1,Object.<anonymous>.Stats.getGroupStatList
FNDA:2,Object.<anonymous>.Stats.getMemberCount
FNDA:1,Object.<anonymous>.Stats.getAverageStreakMS
FNDA:1,Object.<anonymous>.Stats.getAverageStreakDays
FNDA:1,Object.<anonymous>.Stats.getMaxStreakMS
FNDA:1,Object.<anonymous>.Stats.getMaxStreakDays
FNDA:0,Object.<anonymous>.Stats.getMinStreakMS
FNDA:0,Object.<anonymous>.Stats.getMinStreakHours
FNDA:2,Object.<anonymous>.Stats.getStreakTotalMS
FNDA:1,Object.<anonymous>.Stats.getStreakTotalDays
FNDA:1,Object.<anonymous>.Stats.getMemberCountMessage
FNDA:1,Object.<anonymous>.Stats.getDurationStatMessage
FNDA:1,Object.<anonymous>.Stats.getMinMaxMessage
FNDA:1,Object.<anonymous>.Stats.getStatParagraph
DA:1,1
DA:2,1
DA:3,1
DA:4,1
DA:5,1
DA:6,2
DA:7,2
DA:8,2
DA:9,2
DA:10,2
DA:11,2
DA:12,2
DA:13,1
DA:14,1
DA:15,1
DA:16,1
DA:17,1
DA:18,2
DA:19,2
DA:20,1
DA:21,1
DA:22,1
DA:23,1
DA:24,1
DA:25,2
DA:26,2
DA:27,1
DA:28,1
DA:29,5
DA:30,1
DA:31,1
DA:32,4
DA:33,4
DA:34,4
DA:35,4
DA:36,4
DA:37,4
DA:38,0
DA:39,0
DA:40,4
DA:41,4
DA:42,1
DA:43,1
DA:44,1
DA:45,1
DA:46,1
DA:47,1
DA:48,1
DA:49,1
DA:50,1
DA:51,1
DA:52,1
DA:53,1
DA:54,1
DA:55,1
DA:56,1
DA:57,1
DA:58,1
DA:59,1
DA:60,1
DA:61,1
DA:62,1
DA:63,1
DA:64,1
DA:65,1
DA:66,2
DA:67,2
DA:68,2
DA:69,2
DA:70,2
DA:71,2
DA:72,1
DA:73,1
DA:74,1
DA:75,1
DA:76,1
DA:77,2
DA:78,2
DA:79,1
DA:80,1
DA:81,2
DA:82,2
DA:83,1
DA:84,1
DA:85,1
DA:86,1
DA:87,1
DA:88,2
DA:89,2
DA:90,1
DA:91,1
DA:92,2
DA:93,2
DA:94,0
DA:95,0
DA:96,0
DA:97,0
DA:98,0
DA:99,2
DA:100,2
DA:101,0
DA:102,0
DA:103,2
DA:104,2
DA:105,2
DA:106,2
DA:107,2
DA:108,2
DA:109,1
DA:110,1
DA:111,2
DA:112,2
DA:113,1
DA:114,1
DA:115,2
DA:116,2
DA:117,1
DA:118,1
DA:119,2
DA:120,2
DA:121,1
DA:122,1
DA:123,1
DA:124,2
DA:125,2
DA:126,1
DA:127,1
DA:128,1
DA:129,1
DA:130,1
DA:131,2
LF:131
LH:122
BRDA:6,0,0,2
BRDA:8,1,0,2
BRDA:12,2,0,1
BRDA:19,3,0,1
BRDA:26,4,0,1
BRDA:28,5,0,5
BRDA:31,6,0,4
BRDA:37,7,0,0
BRDA:44,8,0,1
BRDA:48,9,0,1
BRDA:56,10,0,1
BRDA:67,11,0,2
BRDA:71,12,0,1
BRDA:74,13,0,0
BRDA:78,14,0,1
BRDA:82,15,0,1
BRDA:84,16,0,4
BRDA:89,17,0,1
BRDA:104,18,0,2
BRDA:105,19,0,8
BRDA:108,20,0,1
BRDA:112,21,0,1
BRDA:116,22,0,1
BRDA:120,23,0,1
BRDA:125,24,0,1
BRF:25
BRH:23
end_of_record
TN:
SF:src\lib\models\Streak.ts
FN:12,Streak
FN:18,Object.<anonymous>.Streak.relapse
FN:40,Object.<anonymous>.Streak.update
FN:53,Object.<anonymous>.Streak.update
FN:63,Object.<anonymous>.Streak.find
FN:70,Object.<anonymous>.Streak.resolveMember
FN:75,Object.<anonymous>.Streak.relapse
FN:84,Object.<anonymous>.Streak.getStartDate
FN:88,Object.<anonymous>.Streak.delete
FN:135,Object.<anonymous>.Streak.old
FNF:10
FNH:9
FNDA:590,Streak
FNDA:3,Object.<anonymous>.Streak.relapse
FNDA:1,Object.<anonymous>.Streak.update
FNDA:4,Object.<anonymous>.Streak.update
FNDA:0,Object.<anonymous>.Streak.find
FNDA:4,Object.<anonymous>.Streak.resolveMember
FNDA:3,Object.<anonymous>.Streak.relapse
FNDA:9,Object.<anonymous>.Streak.getStartDate
FNDA:2,Object.<anonymous>.Streak.delete
FNDA:1,Object.<anonymous>.Streak.old
DA:1,1
DA:2,1
DA:3,1
DA:4,1
DA:5,1
DA:6,1
DA:7,1
DA:8,1
DA:9,1
DA:10,1
DA:11,1
DA:12,590
DA:13,590
DA:14,590
DA:15,590
DA:16,590
DA:17,590
DA:18,590
DA:19,3
DA:20,3
DA:21,3
DA:22,3
DA:23,3
DA:24,3
DA:25,3
DA:26,3
DA:27,3
DA:28,3
DA:29,3
DA:30,3
DA:31,3
DA:32,3
DA:33,3
DA:34,3
DA:35,3
DA:36,3
DA:37,3
DA:38,3
DA:39,590
DA:40,590
DA:41,1
DA:42,1
DA:43,1
DA:44,1
DA:45,1
DA:46,0
DA:47,0
DA:48,1
DA:49,1
DA:50,1
DA:51,1
DA:52,590
DA:53,590
DA:54,4
DA:55,4
DA:56,4
DA:57,4
DA:58,4
DA:59,4
DA:60,4
DA:61,4
DA:62,590
DA:63,590
DA:64,0
DA:65,0
DA:66,0
DA:67,0
DA:68,0
DA:69,590
DA:70,590
DA:71,4
DA:72,4
DA:73,4
DA:74,590
DA:75,590
DA:76,3
DA:77,3
DA:78,3
DA:79,3
DA:80,3
DA:81,3
DA:82,3
DA:83,590
DA:84,590
DA:85,9
DA:86,9
DA:87,590
DA:88,590
DA:89,2
DA:90,2
DA:91,2
DA:92,2
DA:93,2
DA:94,2
DA:95,2
DA:96,2
DA:97,2
DA:98,2
DA:99,2
DA:100,1
DA:101,1
DA:102,2
DA:103,2
DA:104,2
DA:105,2
DA:106,1
DA:107,1
DA:108,2
DA:109,2
DA:110,2
DA:111,2
DA:112,2
DA:113,2
DA:114,2
DA:115,2
DA:116,2
DA:117,2
DA:118,2
DA:119,2
DA:120,2
DA:121,2
DA:122,2
DA:123,2
DA:124,2
DA:125,1
DA:126,1
DA:127,2
DA:128,2
DA:129,2
DA:130,2
DA:131,2
DA:132,2
DA:133,2
DA:134,590
DA:135,590
DA:136,1
DA:137,1
DA:138,1
DA:139,1
DA:140,1
DA:141,1
DA:142,1
DA:143,1
DA:144,1
DA:145,1
DA:146,1
DA:147,1
DA:148,1
DA:149,1
DA:150,1
DA:151,0
DA:152,0
DA:153,1
DA:154,1
DA:155,1
DA:156,1
DA:157,0
DA:158,0
DA:159,0
DA:160,1
DA:161,1
DA:162,1
DA:163,1
DA:164,1
DA:165,1
DA:166,1
DA:167,1
DA:168,1
DA:169,1
DA:170,0
DA:171,0
DA:172,0
DA:173,0
DA:174,1
DA:175,1
DA:176,1
DA:177,1
DA:178,1
DA:179,590
LF:179
LH:163
BRDA:12,0,0,2
BRDA:12,1,0,590
BRDA:18,2,0,3
BRDA:27,3,0,0
BRDA:40,4,0,1
BRDA:45,5,0,0
BRDA:53,6,0,4
BRDA:70,7,0,4
BRDA:71,8,0,0
BRDA:75,9,0,3
BRDA:77,10,0,2
BRDA:78,11,0,1
BRDA:84,12,0,9
BRDA:88,13,0,2
BRDA:95,14,0,1
BRDA:95,15,0,2
BRDA:99,16,0,1
BRDA:105,17,0,1
BRDA:97,18,0,5
BRDA:124,19,0,1
BRDA:124,20,0,1
BRDA:125,21,0,1
BRDA:125,22,0,1
BRDA:135,23,0,1
BRDA:143,24,0,1
BRDA:150,25,0,0
BRF:26
BRH:22
end_of_record
TN:
SF:src\lib\models\UserCommand.ts
FN:18,UserCommand
FN:27,Object.<anonymous>.UserCommand.setOutMethod
FN:31,Object.<anonymous>.UserCommand.shouldHandle
FN:35,Object.<anonymous>.UserCommand.handle
FN:39,Object.<anonymous>.UserCommand.setAllOutputMethods
FN:43,Object.<anonymous>.UserCommand.register
FN:47,Object.<anonymous>.UserCommand.clearCommands
FN:51,Object.<anonymous>.UserCommand.getCommandByMatcher
FN:55,Object.<anonymous>.UserCommand.process
FNF:9
FNH:7
FNDA:40,UserCommand
FNDA:40,Object.<anonymous>.UserCommand.setOutMethod
FNDA:31,Object.<anonymous>.UserCommand.shouldHandle
FNDA:31,Object.<anonymous>.UserCommand.handle
FNDA:0,Object.<anonymous>.UserCommand.setAllOutputMethods
FNDA:20,Object.<anonymous>.UserCommand.register
FNDA:21,Object.<anonymous>.UserCommand.clearCommands
FNDA:0,Object.<anonymous>.UserCommand.getCommandByMatcher
FNDA:31,Object.<anonymous>.UserCommand.process
DA:1,1
DA:2,1
DA:3,1
DA:4,1
DA:5,1
DA:6,1
DA:7,1
DA:8,1
DA:9,1
DA:10,1
DA:11,2
DA:12,2
DA:13,2
DA:14,2
DA:15,2
DA:16,2
DA:17,2
DA:18,2
DA:19,40
DA:20,40
DA:21,40
DA:22,40
DA:23,40
DA:24,40
DA:25,40
DA:26,2
DA:27,2
DA:28,40
DA:29,40
DA:30,2
DA:31,2
DA:32,31
DA:33,31
DA:34,2
DA:35,2
DA:36,31
DA:37,31
DA:38,2
DA:39,2
DA:40,0
DA:41,0
DA:42,2
DA:43,2
DA:44,20
DA:45,20
DA:46,2
DA:47,2
DA:48,21
DA:49,21
DA:50,2
DA:51,2
DA:52,0
DA:53,0
DA:54,2
DA:55,2
DA:56,31
DA:57,31
DA:58,31
DA:59,31
DA:60,31
DA:61,31
DA:62,31
DA:63,2
LF:63
LH:59
BRDA:11,0,0,2
BRDA:18,1,0,40
BRDA:27,2,0,40
BRDA:31,3,0,31
BRDA:35,4,0,31
BRDA:43,5,0,20
BRDA:47,6,0,21
BRDA:55,7,0,31
BRF:8
BRH:8
end_of_record
