TN:
SF:src\lib\Commands.ts
FN:15,restricted
FN:28,Object.<anonymous>.exports.CommandDictionary.help
FN:47,Object.<anonymous>.exports.CommandDictionary.relapse
FN:65,Object.<anonymous>.exports.CommandDictionary.relapseOne
FN:85,Object.<anonymous>.exports.CommandDictionary.relapseTwo
FN:104,Object.<anonymous>.exports.CommandDictionary.update
FN:116,Object.<anonymous>.exports.CommandDictionary.stats
FN:128,Object.<anonymous>.exports.CommandDictionary.groupstats
FN:139,Object.<anonymous>.exports.CommandDictionary.rank
FN:155,Object.<anonymous>.exports.CommandDictionary.rankRange
FN:169,Object.<anonymous>.exports.CommandDictionary.myrank
FN:179,Object.<anonymous>.exports.CommandDictionary.guide
FN:193,Object.<anonymous>.exports.CommandDictionary.initialize
FN:216,Object.<anonymous>.exports.CommandDictionary.admin
FN:238,Object.<anonymous>.exports.CommandDictionary.adminRestrict
FN:254,Object.<anonymous>.exports.CommandDictionary.adminUntrestict
FN:267,Object.<anonymous>.exports.CommandDictionary.adminBackup
FN:284,Object.<anonymous>.exports.CommandDictionary.adminDelete
FN:305,Object.<anonymous>.exports.CommandDictionary.adminStreakgroup
FN:321,Object.<anonymous>.exports.CommandDictionary.adminChangeInterval
FN:342,Object.<anonymous>.exports.CommandDictionary.adminOldStreaks
FNF:21
FNH:7
FNDA:4,restricted
FNDA:2,Object.<anonymous>.exports.CommandDictionary.help
FNDA:1,Object.<anonymous>.exports.CommandDictionary.relapse
FNDA:1,Object.<anonymous>.exports.CommandDictionary.relapseOne
FNDA:1,Object.<anonymous>.exports.CommandDictionary.relapseTwo
FNDA:1,Object.<anonymous>.exports.CommandDictionary.update
FNDA:1,Object.<anonymous>.exports.CommandDictionary.stats
FNDA:0,Object.<anonymous>.exports.CommandDictionary.groupstats
FNDA:0,Object.<anonymous>.exports.CommandDictionary.rank
FNDA:0,Object.<anonymous>.exports.CommandDictionary.rankRange
FNDA:0,Object.<anonymous>.exports.CommandDictionary.myrank
FNDA:0,Object.<anonymous>.exports.CommandDictionary.guide
FNDA:0,Object.<anonymous>.exports.CommandDictionary.initialize
FNDA:0,Object.<anonymous>.exports.CommandDictionary.admin
FNDA:0,Object.<anonymous>.exports.CommandDictionary.adminRestrict
FNDA:0,Object.<anonymous>.exports.CommandDictionary.adminUntrestict
FNDA:0,Object.<anonymous>.exports.CommandDictionary.adminBackup
FNDA:0,Object.<anonymous>.exports.CommandDictionary.adminDelete
FNDA:0,Object.<anonymous>.exports.CommandDictionary.adminStreakgroup
FNDA:0,Object.<anonymous>.exports.CommandDictionary.adminChangeInterval
FNDA:0,Object.<anonymous>.exports.CommandDictionary.adminOldStreaks
DA:1,1
DA:2,1
DA:3,1
DA:4,1
DA:5,1
DA:6,1
DA:7,1
DA:8,1
DA:9,1
DA:10,1
DA:11,1
DA:12,1
DA:13,1
DA:14,1
DA:15,1
DA:16,4
DA:17,4
DA:18,0
DA:19,0
DA:20,0
DA:21,0
DA:22,0
DA:23,4
DA:24,4
DA:25,1
DA:26,1
DA:27,1
DA:28,1
DA:29,2
DA:30,2
DA:31,2
DA:32,2
DA:33,2
DA:34,2
DA:35,2
DA:36,2
DA:37,2
DA:38,2
DA:39,1
DA:40,1
DA:41,2
DA:42,2
DA:43,2
DA:44,2
DA:45,1
DA:46,1
DA:47,1
DA:48,1
DA:49,1
DA:50,1
DA:51,1
DA:52,1
DA:53,1
DA:54,1
DA:55,1
DA:56,1
DA:57,1
DA:58,1
DA:59,1
DA:60,1
DA:61,1
DA:62,1
DA:63,1
DA:64,1
DA:65,1
DA:66,1
DA:67,1
DA:68,1
DA:69,1
DA:70,1
DA:71,1
DA:72,1
DA:73,1
DA:74,1
DA:75,1
DA:76,1
DA:77,1
DA:78,1
DA:79,1
DA:80,1
DA:81,1
DA:82,1
DA:83,1
DA:84,1
DA:85,1
DA:86,1
DA:87,1
DA:88,1
DA:89,1
DA:90,1
DA:91,1
DA:92,1
DA:93,1
DA:94,1
DA:95,1
DA:96,1
DA:97,1
DA:98,1
DA:99,1
DA:100,1
DA:101,1
DA:102,1
DA:103,1
DA:104,1
DA:105,1
DA:106,1
DA:107,1
DA:108,1
DA:109,1
DA:110,1
DA:111,1
DA:112,1
DA:113,1
DA:114,1
DA:115,1
DA:116,1
DA:117,1
DA:118,1
DA:119,1
DA:120,1
DA:121,1
DA:122,1
DA:123,1
DA:124,1
DA:125,1
DA:126,1
DA:127,1
DA:128,1
DA:129,0
DA:130,0
DA:131,0
DA:132,0
DA:133,0
DA:134,0
DA:135,0
DA:136,0
DA:137,1
DA:138,1
DA:139,1
DA:140,0
DA:141,0
DA:142,0
DA:143,0
DA:144,0
DA:145,0
DA:146,0
DA:147,0
DA:148,0
DA:149,0
DA:150,0
DA:151,1
DA:152,1
DA:153,1
DA:154,1
DA:155,1
DA:156,0
DA:157,0
DA:158,0
DA:159,0
DA:160,0
DA:161,0
DA:162,0
DA:163,0
DA:164,0
DA:165,0
DA:166,0
DA:167,1
DA:168,1
DA:169,1
DA:170,0
DA:171,0
DA:172,0
DA:173,0
DA:174,0
DA:175,0
DA:176,0
DA:177,1
DA:178,1
DA:179,1
DA:180,0
DA:181,0
DA:182,0
DA:183,0
DA:184,0
DA:185,0
DA:186,0
DA:187,0
DA:188,0
DA:189,1
DA:190,1
DA:191,1
DA:192,1
DA:193,1
DA:194,0
DA:195,0
DA:196,0
DA:197,0
DA:198,0
DA:199,0
DA:200,0
DA:201,0
DA:202,0
DA:203,0
DA:204,0
DA:205,0
DA:206,0
DA:207,0
DA:208,0
DA:209,0
DA:210,0
DA:211,0
DA:212,0
DA:213,0
DA:214,1
DA:215,1
DA:216,1
DA:217,0
DA:218,0
DA:219,0
DA:220,0
DA:221,0
DA:222,0
DA:223,0
DA:224,0
DA:225,0
DA:226,0
DA:227,0
DA:228,0
DA:229,0
DA:230,0
DA:231,0
DA:232,0
DA:233,0
DA:234,1
DA:235,1
DA:236,1
DA:237,1
DA:238,1
DA:239,0
DA:240,0
DA:241,0
DA:242,0
DA:243,0
DA:244,0
DA:245,0
DA:246,0
DA:247,0
DA:248,0
DA:249,0
DA:250,1
DA:251,1
DA:252,1
DA:253,1
DA:254,1
DA:255,0
DA:256,0
DA:257,0
DA:258,0
DA:259,0
DA:260,0
DA:261,0
DA:262,0
DA:263,0
DA:264,0
DA:265,1
DA:266,1
DA:267,1
DA:268,0
DA:269,0
DA:270,0
DA:271,0
DA:272,0
DA:273,0
DA:274,0
DA:275,0
DA:276,0
DA:277,0
DA:278,0
DA:279,0
DA:280,1
DA:281,1
DA:282,1
DA:283,1
DA:284,1
DA:285,0
DA:286,0
DA:287,0
DA:288,0
DA:289,0
DA:290,0
DA:291,0
DA:292,0
DA:293,0
DA:294,0
DA:295,0
DA:296,0
DA:297,0
DA:298,0
DA:299,0
DA:300,0
DA:301,1
DA:302,1
DA:303,1
DA:304,1
DA:305,1
DA:306,0
DA:307,0
DA:308,0
DA:309,0
DA:310,0
DA:311,0
DA:312,0
DA:313,0
DA:314,0
DA:315,0
DA:316,0
DA:317,1
DA:318,1
DA:319,1
DA:320,1
DA:321,1
DA:322,0
DA:323,0
DA:324,0
DA:325,0
DA:326,0
DA:327,0
DA:328,0
DA:329,0
DA:330,0
DA:331,0
DA:332,0
DA:333,0
DA:334,0
DA:335,0
DA:336,0
DA:337,0
DA:338,1
DA:339,1
DA:340,1
DA:341,1
DA:342,1
DA:343,0
DA:344,0
DA:345,0
DA:346,0
DA:347,0
DA:348,0
DA:349,0
DA:350,0
DA:351,0
DA:352,0
DA:353,0
DA:354,1
DA:355,1
DA:356,1
DA:357,1
DA:358,1
LF:358
LH:183
BRDA:15,0,0,4
BRDA:15,1,0,4
BRDA:16,2,0,4
BRDA:17,3,0,0
BRDA:28,4,0,2
BRDA:29,5,0,2
BRDA:38,6,0,1
BRDA:31,7,0,2
BRDA:32,8,0,2
BRDA:33,9,0,0
BRDA:47,10,0,1
BRDA:49,11,0,0
BRDA:65,12,0,1
BRDA:67,13,0,0
BRDA:85,14,0,1
BRDA:87,15,0,0
BRDA:104,16,0,1
BRDA:106,17,0,0
BRDA:108,18,0,1
BRDA:116,19,0,1
BRF:20
BRH:14
end_of_record
TN:
SF:src\lib\Connect.ts
FN:4,connect
FN:11,connectAll
FNF:2
FNH:0
FNDA:0,connect
FNDA:0,connectAll
DA:1,1
DA:2,1
DA:3,1
DA:4,0
DA:5,0
DA:6,0
DA:7,0
DA:8,0
DA:9,0
DA:10,1
DA:11,0
DA:12,0
DA:13,0
LF:13
LH:4
BRF:0
BRH:0
end_of_record
TN:
SF:src\lib\index.ts
FN:22,get
FN:10,get
FN:12,get
FN:13,get
FN:16,get
FN:17,get
FN:17,get
FN:19,get
FN:19,get
FNF:9
FNH:3
FNDA:0,get
FNDA:4,get
FNDA:0,get
FNDA:0,get
FNDA:50,get
FNDA:0,get
FNDA:0,get
FNDA:0,get
FNDA:6,get
DA:1,1
DA:2,1
DA:3,1
DA:4,1
DA:5,1
DA:6,1
DA:7,1
DA:8,1
DA:9,1
DA:10,1
DA:11,1
DA:12,1
DA:13,1
DA:14,1
DA:15,1
DA:16,1
DA:17,1
DA:18,1
DA:19,1
DA:20,1
DA:21,1
DA:22,1
DA:23,1
DA:24,1
DA:25,1
DA:26,1
DA:27,1
DA:28,1
DA:29,1
LF:29
LH:29
BRDA:10,0,0,4
BRDA:16,1,0,50
BRDA:19,2,0,6
BRF:3
BRH:3
end_of_record
TN:
SF:src\lib\models\Assigner.ts
FN:11,Assigner
FN:16,Object.<anonymous>.Assigner.assign
FN:26,Object.<anonymous>.Assigner.assign
FN:53,Object.<anonymous>.Assigner.setRole
FN:64,Object.<anonymous>.Assigner.getProfile
FN:69,Object.<anonymous>.Assigner.getStreak
FN:76,Object.<anonymous>.Assigner.getDB
FNF:7
FNH:7
FNDA:4,Assigner
FNDA:4,Object.<anonymous>.Assigner.assign
FNDA:4,Object.<anonymous>.Assigner.assign
FNDA:4,Object.<anonymous>.Assigner.setRole
FNDA:4,Object.<anonymous>.Assigner.getProfile
FNDA:1,Object.<anonymous>.Assigner.getStreak
FNDA:5,Object.<anonymous>.Assigner.getDB
DA:1,1
DA:2,1
DA:3,1
DA:4,1
DA:5,1
DA:6,1
DA:7,1
DA:8,1
DA:9,1
DA:10,1
DA:11,1
DA:12,4
DA:13,4
DA:14,4
DA:15,1
DA:16,1
DA:17,4
DA:18,4
DA:19,4
DA:20,4
DA:21,4
DA:22,4
DA:23,4
DA:24,4
DA:25,1
DA:26,1
DA:27,4
DA:28,4
DA:29,4
DA:30,4
DA:31,0
DA:32,0
DA:33,0
DA:34,0
DA:35,4
DA:36,4
DA:37,4
DA:38,4
DA:39,18
DA:40,4
DA:41,0
DA:42,0
DA:43,0
DA:44,0
DA:45,4
DA:46,4
DA:47,4
DA:48,14
DA:49,14
DA:50,0
DA:51,4
DA:52,1
DA:53,1
DA:54,4
DA:55,4
DA:56,4
DA:57,4
DA:58,4
DA:59,4
DA:60,4
DA:61,4
DA:62,4
DA:63,1
DA:64,1
DA:65,4
DA:66,4
DA:67,4
DA:68,1
DA:69,1
DA:70,1
DA:71,1
DA:72,1
DA:73,1
DA:74,1
DA:75,1
DA:76,1
DA:77,5
DA:78,5
DA:79,5
DA:80,1
LF:80
LH:71
BRDA:6,0,0,1
BRDA:11,1,0,4
BRDA:12,2,0,3
BRDA:13,3,0,0
BRDA:16,4,0,4
BRDA:26,5,0,4
BRDA:27,6,0,4
BRDA:28,7,0,0
BRDA:29,8,0,3
BRDA:29,9,0,1
BRDA:30,10,0,0
BRDA:38,11,0,18
BRDA:39,12,0,4
BRDA:40,13,0,0
BRDA:48,14,0,14
BRDA:50,15,0,0
BRDA:53,16,0,4
BRDA:61,17,0,0
BRDA:64,18,0,4
BRDA:65,19,0,4
BRDA:69,20,0,1
BRDA:70,21,0,1
BRDA:71,22,0,1
BRDA:76,23,0,5
BRDA:77,24,0,0
BRF:25
BRH:18
end_of_record
TN:
SF:src\lib\models\Database.ts
FN:1,(empty-report)
FNF:1
FNH:0
FNDA:0,(empty-report)
DA:1,0
DA:2,0
DA:3,0
DA:4,0
DA:5,0
DA:6,0
DA:7,0
DA:8,0
DA:9,0
DA:10,0
DA:11,0
DA:12,0
DA:13,0
DA:14,0
DA:15,0
DA:16,0
DA:17,0
DA:18,0
DA:19,0
DA:20,0
DA:21,0
DA:22,0
DA:23,0
DA:24,0
DA:25,0
DA:26,0
DA:27,0
DA:28,0
DA:29,0
DA:30,0
DA:31,0
DA:32,0
DA:33,0
DA:34,0
DA:35,0
DA:36,0
DA:37,0
DA:38,0
DA:39,0
DA:40,0
DA:41,0
DA:42,0
DA:43,0
DA:44,0
DA:45,0
DA:46,0
DA:47,0
DA:48,0
DA:49,0
DA:50,0
DA:51,0
DA:52,0
DA:53,0
DA:54,0
DA:55,0
DA:56,0
DA:57,0
DA:58,0
DA:59,0
DA:60,0
DA:61,0
DA:62,0
DA:63,0
DA:64,0
DA:65,0
DA:66,0
DA:67,0
DA:68,0
DA:69,0
DA:70,0
DA:71,0
DA:72,0
DA:73,0
DA:74,0
DA:75,0
DA:76,0
DA:77,0
DA:78,0
DA:79,0
DA:80,0
DA:81,0
DA:82,0
DA:83,0
DA:84,0
DA:85,0
DA:86,0
DA:87,0
DA:88,0
DA:89,0
DA:90,0
DA:91,0
DA:92,0
DA:93,0
DA:94,0
DA:95,0
DA:96,0
DA:97,0
DA:98,0
DA:99,0
DA:100,0
DA:101,0
DA:102,0
DA:103,0
DA:104,0
DA:105,0
DA:106,0
DA:107,0
LF:107
LH:0
BRDA:1,0,0,0
BRF:1
BRH:0
end_of_record
TN:
SF:src\lib\models\Initializer.ts
FN:34,Initializer
FN:38,Object.<anonymous>.Initializer.initialize
FN:57,Object.<anonymous>.Initializer.initializeGroup
FN:61,Object.<anonymous>.Initializer.generateStreakGroup
FN:83,StreakGroup
FN:94,Object.<anonymous>.StreakGroup.initialize
FN:102,Object.<anonymous>.StreakGroup.initializeRole
FN:108,Object.<anonymous>.StreakGroup.initializeChannel
FN:117,Object.<anonymous>.StreakGroup.list
FN:148,Object.<anonymous>.StreakGroup.changeStreakInterval
FNF:10
FNH:0
FNDA:0,Initializer
FNDA:0,Object.<anonymous>.Initializer.initialize
FNDA:0,Object.<anonymous>.Initializer.initializeGroup
FNDA:0,Object.<anonymous>.Initializer.generateStreakGroup
FNDA:0,StreakGroup
FNDA:0,Object.<anonymous>.StreakGroup.initialize
FNDA:0,Object.<anonymous>.StreakGroup.initializeRole
FNDA:0,Object.<anonymous>.StreakGroup.initializeChannel
FNDA:0,Object.<anonymous>.StreakGroup.list
FNDA:0,Object.<anonymous>.StreakGroup.changeStreakInterval
DA:1,1
DA:2,1
DA:3,1
DA:4,1
DA:5,1
DA:6,1
DA:7,1
DA:8,1
DA:9,1
DA:10,1
DA:11,1
DA:12,1
DA:13,1
DA:14,1
DA:15,1
DA:16,1
DA:17,1
DA:18,1
DA:19,1
DA:20,1
DA:21,1
DA:22,1
DA:23,1
DA:24,1
DA:25,1
DA:26,1
DA:27,1
DA:28,1
DA:29,1
DA:30,1
DA:31,1
DA:32,1
DA:33,1
DA:34,1
DA:35,0
DA:36,0
DA:37,1
DA:38,1
DA:39,0
DA:40,0
DA:41,0
DA:42,0
DA:43,0
DA:44,0
DA:45,0
DA:46,0
DA:47,0
DA:48,0
DA:49,0
DA:50,0
DA:51,0
DA:52,0
DA:53,0
DA:54,0
DA:55,0
DA:56,1
DA:57,1
DA:58,0
DA:59,0
DA:60,1
DA:61,1
DA:62,0
DA:63,0
DA:64,0
DA:65,0
DA:66,0
DA:67,0
DA:68,0
DA:69,0
DA:70,0
DA:71,0
DA:72,1
DA:73,1
DA:74,1
DA:75,1
DA:76,1
DA:77,1
DA:78,1
DA:79,1
DA:80,1
DA:81,1
DA:82,1
DA:83,1
DA:84,0
DA:85,0
DA:86,0
DA:87,0
DA:88,0
DA:89,0
DA:90,0
DA:91,0
DA:92,0
DA:93,1
DA:94,1
DA:95,0
DA:96,0
DA:97,0
DA:98,0
DA:99,0
DA:100,0
DA:101,1
DA:102,1
DA:103,0
DA:104,0
DA:105,0
DA:106,0
DA:107,1
DA:108,1
DA:109,0
DA:110,0
DA:111,0
DA:112,0
DA:113,0
DA:114,0
DA:115,0
DA:116,1
DA:117,1
DA:118,0
DA:119,0
DA:120,0
DA:121,0
DA:122,0
DA:123,0
DA:124,0
DA:125,0
DA:126,0
DA:127,0
DA:128,0
DA:129,0
DA:130,0
DA:131,0
DA:132,0
DA:133,0
DA:134,0
DA:135,0
DA:136,0
DA:137,0
DA:138,0
DA:139,0
DA:140,0
DA:141,0
DA:142,0
DA:143,0
DA:144,0
DA:145,0
DA:146,0
DA:147,1
DA:148,1
DA:149,0
DA:150,0
DA:151,0
DA:152,0
DA:153,0
DA:154,0
DA:155,1
LF:155
LH:63
BRDA:15,0,0,1
BRDA:74,1,0,1
BRF:2
BRH:2
end_of_record
TN:
SF:src\lib\models\Rank.ts
FN:6,Rank
FN:10,Object.<anonymous>.Rank.getUserRank
FN:16,Object.<anonymous>.Rank.getSortedStreaks
FN:24,Object.<anonymous>.Rank.getRank
FN:43,Object.<anonymous>.Rank.getMemberRank
FN:50,Object.<anonymous>.Rank.getRank
FNF:6
FNH:0
FNDA:0,Rank
FNDA:0,Object.<anonymous>.Rank.getUserRank
FNDA:0,Object.<anonymous>.Rank.getSortedStreaks
FNDA:0,Object.<anonymous>.Rank.getRank
FNDA:0,Object.<anonymous>.Rank.getMemberRank
FNDA:0,Object.<anonymous>.Rank.getRank
DA:1,1
DA:2,1
DA:3,1
DA:4,1
DA:5,1
DA:6,1
DA:7,0
DA:8,0
DA:9,1
DA:10,1
DA:11,0
DA:12,0
DA:13,0
DA:14,0
DA:15,1
DA:16,1
DA:17,0
DA:18,0
DA:19,0
DA:20,0
DA:21,0
DA:22,0
DA:23,1
DA:24,1
DA:25,0
DA:26,0
DA:27,0
DA:28,0
DA:29,0
DA:30,0
DA:31,0
DA:32,0
DA:33,0
DA:34,0
DA:35,0
DA:36,0
DA:37,0
DA:38,0
DA:39,0
DA:40,0
DA:41,0
DA:42,1
DA:43,1
DA:44,0
DA:45,0
DA:46,0
DA:47,0
DA:48,0
DA:49,1
DA:50,1
DA:51,0
DA:52,0
DA:53,0
DA:54,0
DA:55,0
DA:56,1
LF:56
LH:17
BRDA:4,0,0,1
BRF:1
BRH:1
end_of_record
TN:
SF:src\lib\models\Restrict.ts
FN:6,Restrict
FN:10,Object.<anonymous>.Restrict.isRestricted
FN:20,Object.<anonymous>.Restrict.Restrict
FN:28,Object.<anonymous>.Restrict.restrict
FN:32,Object.<anonymous>.Restrict.Unrestrict
FN:41,Object.<anonymous>.Restrict.unrestrict
FNF:6
FNH:1
FNDA:0,Restrict
FNDA:4,Object.<anonymous>.Restrict.isRestricted
FNDA:0,Object.<anonymous>.Restrict.Restrict
FNDA:0,Object.<anonymous>.Restrict.restrict
FNDA:0,Object.<anonymous>.Restrict.Unrestrict
FNDA:0,Object.<anonymous>.Restrict.unrestrict
DA:1,1
DA:2,1
DA:3,1
DA:4,1
DA:5,1
DA:6,1
DA:7,0
DA:8,0
DA:9,1
DA:10,1
DA:11,4
DA:12,4
DA:13,4
DA:14,0
DA:15,0
DA:16,0
DA:17,0
DA:18,4
DA:19,1
DA:20,1
DA:21,0
DA:22,0
DA:23,0
DA:24,0
DA:25,0
DA:26,0
DA:27,1
DA:28,1
DA:29,0
DA:30,0
DA:31,1
DA:32,1
DA:33,0
DA:34,0
DA:35,0
DA:36,0
DA:37,0
DA:38,0
DA:39,0
DA:40,1
DA:41,1
DA:42,0
DA:43,0
DA:44,1
LF:44
LH:21
BRDA:4,0,0,1
BRDA:10,1,0,4
BRDA:14,2,0,0
BRF:3
BRH:2
end_of_record
TN:
SF:src\lib\models\Stats.ts
FN:8,Stats
FN:12,Object.<anonymous>.Stats.getStats
FN:19,Object.<anonymous>.Stats.getGroupStats
FN:26,Object.<anonymous>.Stats.getGroupStatList
FN:67,Object.<anonymous>.Stats.getMemberCount
FN:71,Object.<anonymous>.Stats.getAverageStreakMS
FN:78,Object.<anonymous>.Stats.getAverageStreakDays
FN:82,Object.<anonymous>.Stats.getMaxStreakMS
FN:89,Object.<anonymous>.Stats.getMaxStreakDays
FN:93,Object.<anonymous>.Stats.getMinStreakMS
FN:100,Object.<anonymous>.Stats.getMinStreakHours
FN:104,Object.<anonymous>.Stats.getStreakTotalMS
FN:108,Object.<anonymous>.Stats.getStreakTotalDays
FN:112,Object.<anonymous>.Stats.getMemberCountMessage
FN:116,Object.<anonymous>.Stats.getDurationStatMessage
FN:120,Object.<anonymous>.Stats.getMinMaxMessage
FN:125,Object.<anonymous>.Stats.getStatParagraph
FNF:17
FNH:13
FNDA:1,Stats
FNDA:1,Object.<anonymous>.Stats.getStats
FNDA:0,Object.<anonymous>.Stats.getGroupStats
FNDA:0,Object.<anonymous>.Stats.getGroupStatList
FNDA:2,Object.<anonymous>.Stats.getMemberCount
FNDA:1,Object.<anonymous>.Stats.getAverageStreakMS
FNDA:1,Object.<anonymous>.Stats.getAverageStreakDays
FNDA:1,Object.<anonymous>.Stats.getMaxStreakMS
FNDA:1,Object.<anonymous>.Stats.getMaxStreakDays
FNDA:0,Object.<anonymous>.Stats.getMinStreakMS
FNDA:0,Object.<anonymous>.Stats.getMinStreakHours
FNDA:2,Object.<anonymous>.Stats.getStreakTotalMS
FNDA:1,Object.<anonymous>.Stats.getStreakTotalDays
FNDA:1,Object.<anonymous>.Stats.getMemberCountMessage
FNDA:1,Object.<anonymous>.Stats.getDurationStatMessage
FNDA:1,Object.<anonymous>.Stats.getMinMaxMessage
FNDA:1,Object.<anonymous>.Stats.getStatParagraph
DA:1,1
DA:2,1
DA:3,1
DA:4,1
DA:5,1
DA:6,1
DA:7,1
DA:8,1
DA:9,1
DA:10,1
DA:11,1
DA:12,1
DA:13,1
DA:14,1
DA:15,1
DA:16,1
DA:17,1
DA:18,1
DA:19,1
DA:20,0
DA:21,0
DA:22,0
DA:23,0
DA:24,0
DA:25,1
DA:26,1
DA:27,0
DA:28,0
DA:29,0
DA:30,0
DA:31,0
DA:32,0
DA:33,0
DA:34,0
DA:35,0
DA:36,0
DA:37,0
DA:38,0
DA:39,0
DA:40,0
DA:41,0
DA:42,0
DA:43,0
DA:44,0
DA:45,0
DA:46,0
DA:47,0
DA:48,0
DA:49,0
DA:50,0
DA:51,0
DA:52,0
DA:53,0
DA:54,0
DA:55,0
DA:56,0
DA:57,0
DA:58,0
DA:59,0
DA:60,0
DA:61,0
DA:62,0
DA:63,0
DA:64,0
DA:65,0
DA:66,1
DA:67,1
DA:68,2
DA:69,2
DA:70,1
DA:71,1
DA:72,1
DA:73,1
DA:74,1
DA:75,1
DA:76,1
DA:77,1
DA:78,1
DA:79,1
DA:80,1
DA:81,1
DA:82,1
DA:83,1
DA:84,1
DA:85,1
DA:86,1
DA:87,1
DA:88,1
DA:89,1
DA:90,1
DA:91,1
DA:92,1
DA:93,1
DA:94,0
DA:95,0
DA:96,0
DA:97,0
DA:98,0
DA:99,1
DA:100,1
DA:101,0
DA:102,0
DA:103,1
DA:104,1
DA:105,2
DA:106,2
DA:107,1
DA:108,1
DA:109,1
DA:110,1
DA:111,1
DA:112,1
DA:113,1
DA:114,1
DA:115,1
DA:116,1
DA:117,1
DA:118,1
DA:119,1
DA:120,1
DA:121,1
DA:122,1
DA:123,1
DA:124,1
DA:125,1
DA:126,1
DA:127,1
DA:128,1
DA:129,1
DA:130,1
DA:131,1
LF:131
LH:80
BRDA:6,0,0,1
BRDA:8,1,0,1
BRDA:12,2,0,1
BRDA:67,3,0,2
BRDA:71,4,0,1
BRDA:74,5,0,0
BRDA:78,6,0,1
BRDA:82,7,0,1
BRDA:84,8,0,3
BRDA:89,9,0,1
BRDA:104,10,0,2
BRDA:105,11,0,6
BRDA:108,12,0,1
BRDA:112,13,0,1
BRDA:116,14,0,1
BRDA:120,15,0,1
BRDA:125,16,0,1
BRF:17
BRH:16
end_of_record
TN:
SF:src\lib\models\Streak.ts
FN:12,Streak
FN:18,Object.<anonymous>.Streak.relapse
FN:40,Object.<anonymous>.Streak.update
FN:53,Object.<anonymous>.Streak.update
FN:63,Object.<anonymous>.Streak.find
FN:70,Object.<anonymous>.Streak.resolveMember
FN:75,Object.<anonymous>.Streak.relapse
FN:84,Object.<anonymous>.Streak.getStartDate
FN:88,Object.<anonymous>.Streak.delete
FN:135,Object.<anonymous>.Streak.old
FNF:10
FNH:7
FNDA:46,Streak
FNDA:3,Object.<anonymous>.Streak.relapse
FNDA:1,Object.<anonymous>.Streak.update
FNDA:4,Object.<anonymous>.Streak.update
FNDA:0,Object.<anonymous>.Streak.find
FNDA:4,Object.<anonymous>.Streak.resolveMember
FNDA:3,Object.<anonymous>.Streak.relapse
FNDA:8,Object.<anonymous>.Streak.getStartDate
FNDA:0,Object.<anonymous>.Streak.delete
FNDA:0,Object.<anonymous>.Streak.old
DA:1,1
DA:2,1
DA:3,1
DA:4,1
DA:5,1
DA:6,1
DA:7,1
DA:8,1
DA:9,1
DA:10,1
DA:11,1
DA:12,46
DA:13,46
DA:14,46
DA:15,46
DA:16,46
DA:17,46
DA:18,46
DA:19,3
DA:20,3
DA:21,3
DA:22,3
DA:23,3
DA:24,3
DA:25,3
DA:26,3
DA:27,3
DA:28,3
DA:29,3
DA:30,3
DA:31,3
DA:32,3
DA:33,3
DA:34,3
DA:35,3
DA:36,3
DA:37,3
DA:38,3
DA:39,46
DA:40,46
DA:41,1
DA:42,1
DA:43,1
DA:44,1
DA:45,1
DA:46,0
DA:47,0
DA:48,1
DA:49,1
DA:50,1
DA:51,1
DA:52,46
DA:53,46
DA:54,4
DA:55,4
DA:56,4
DA:57,4
DA:58,4
DA:59,4
DA:60,4
DA:61,4
DA:62,46
DA:63,46
DA:64,0
DA:65,0
DA:66,0
DA:67,0
DA:68,0
DA:69,46
DA:70,46
DA:71,4
DA:72,4
DA:73,4
DA:74,46
DA:75,46
DA:76,3
DA:77,3
DA:78,3
DA:79,3
DA:80,3
DA:81,3
DA:82,3
DA:83,46
DA:84,46
DA:85,8
DA:86,8
DA:87,46
DA:88,46
DA:89,0
DA:90,0
DA:91,0
DA:92,0
DA:93,0
DA:94,0
DA:95,0
DA:96,0
DA:97,0
DA:98,0
DA:99,0
DA:100,0
DA:101,0
DA:102,0
DA:103,0
DA:104,0
DA:105,0
DA:106,0
DA:107,0
DA:108,0
DA:109,0
DA:110,0
DA:111,0
DA:112,0
DA:113,0
DA:114,0
DA:115,0
DA:116,0
DA:117,0
DA:118,0
DA:119,0
DA:120,0
DA:121,0
DA:122,0
DA:123,0
DA:124,0
DA:125,0
DA:126,0
DA:127,0
DA:128,0
DA:129,0
DA:130,0
DA:131,0
DA:132,0
DA:133,0
DA:134,46
DA:135,46
DA:136,0
DA:137,0
DA:138,0
DA:139,0
DA:140,0
DA:141,0
DA:142,0
DA:143,0
DA:144,0
DA:145,0
DA:146,0
DA:147,0
DA:148,0
DA:149,0
DA:150,0
DA:151,0
DA:152,0
DA:153,0
DA:154,0
DA:155,0
DA:156,0
DA:157,0
DA:158,0
DA:159,0
DA:160,0
DA:161,0
DA:162,0
DA:163,0
DA:164,0
DA:165,0
DA:166,0
DA:167,0
DA:168,0
DA:169,0
DA:170,0
DA:171,0
DA:172,0
DA:173,0
DA:174,0
DA:175,0
DA:176,0
DA:177,0
DA:178,0
DA:179,46
LF:179
LH:84
BRDA:12,0,0,1
BRDA:12,1,0,46
BRDA:18,2,0,3
BRDA:27,3,0,0
BRDA:40,4,0,1
BRDA:45,5,0,0
BRDA:53,6,0,4
BRDA:70,7,0,4
BRDA:71,8,0,0
BRDA:75,9,0,3
BRDA:77,10,0,2
BRDA:78,11,0,1
BRDA:84,12,0,8
BRF:13
BRH:10
end_of_record
TN:
SF:src\lib\models\UserCommand.ts
FN:18,UserCommand
FN:27,Object.<anonymous>.UserCommand.setOutMethod
FN:31,Object.<anonymous>.UserCommand.shouldHandle
FN:35,Object.<anonymous>.UserCommand.handle
FN:39,Object.<anonymous>.UserCommand.setAllOutputMethods
FN:43,Object.<anonymous>.UserCommand.register
FN:47,Object.<anonymous>.UserCommand.clearCommands
FN:51,Object.<anonymous>.UserCommand.getCommandByMatcher
FN:55,Object.<anonymous>.UserCommand.process
FNF:9
FNH:7
FNDA:20,UserCommand
FNDA:20,Object.<anonymous>.UserCommand.setOutMethod
FNDA:7,Object.<anonymous>.UserCommand.shouldHandle
FNDA:7,Object.<anonymous>.UserCommand.handle
FNDA:0,Object.<anonymous>.UserCommand.setAllOutputMethods
FNDA:6,Object.<anonymous>.UserCommand.register
FNDA:6,Object.<anonymous>.UserCommand.clearCommands
FNDA:0,Object.<anonymous>.UserCommand.getCommandByMatcher
FNDA:7,Object.<anonymous>.UserCommand.process
DA:1,1
DA:2,1
DA:3,1
DA:4,1
DA:5,1
DA:6,1
DA:7,1
DA:8,1
DA:9,1
DA:10,1
DA:11,1
DA:12,1
DA:13,1
DA:14,1
DA:15,1
DA:16,1
DA:17,1
DA:18,1
DA:19,20
DA:20,20
DA:21,20
DA:22,20
DA:23,20
DA:24,20
DA:25,20
DA:26,1
DA:27,1
DA:28,20
DA:29,20
DA:30,1
DA:31,1
DA:32,7
DA:33,7
DA:34,1
DA:35,1
DA:36,7
DA:37,7
DA:38,1
DA:39,1
DA:40,0
DA:41,0
DA:42,1
DA:43,1
DA:44,6
DA:45,6
DA:46,1
DA:47,1
DA:48,6
DA:49,6
DA:50,1
DA:51,1
DA:52,0
DA:53,0
DA:54,1
DA:55,1
DA:56,7
DA:57,7
DA:58,7
DA:59,7
DA:60,7
DA:61,7
DA:62,7
DA:63,1
LF:63
LH:59
BRDA:11,0,0,1
BRDA:18,1,0,20
BRDA:27,2,0,20
BRDA:31,3,0,7
BRDA:35,4,0,7
BRDA:43,5,0,6
BRDA:47,6,0,6
BRDA:55,7,0,7
BRF:8
BRH:8
end_of_record
